#
# There is insufficient memory for the Java Runtime Environment to continue.
# Native memory allocation (malloc) failed to allocate 1313936 bytes for Chunk::new
# Possible reasons:
#   The system is out of physical RAM or swap space
#   The process is running with CompressedOops enabled, and the Java Heap may be blocking the growth of the native heap
# Possible solutions:
#   Reduce memory load on the system
#   Increase physical memory or swap space
#   Check if swap backing store is full
#   Decrease Java heap size (-Xmx/-Xms)
#   Decrease number of Java threads
#   Decrease Java thread stack sizes (-Xss)
#   Set larger code cache with -XX:ReservedCodeCacheSize=
#   JVM is running with Unscaled Compressed Oops mode in which the Java heap is
#     placed in the first 4GB address space. The Java Heap base address is the
#     maximum limit for the native heap growth. Please use -XX:HeapBaseMinAddress
#     to set the Java Heap base and to place the Java Heap above 4GB virtual address.
# This output file may be truncated or incomplete.
#
#  Out of Memory Error (./src/hotspot/share/memory/arena.cpp:197), pid=11724, tid=16532
#
# JRE version: OpenJDK Runtime Environment (11.0.8+10) (build 11.0.8+10-b944.6842174)
# Java VM: OpenJDK 64-Bit Server VM (11.0.8+10-b944.6842174, mixed mode, tiered, compressed oops, g1 gc, windows-amd64)
# No core dump will be written. Minidumps are not enabled by default on client versions of Windows
#

---------------  S U M M A R Y ------------

Command Line: org.jetbrains.kotlin.cli.jvm.K2JVMCompiler @C:\Users\LG\Desktop\SSAC\ThirdWeek\ThirdWeek\app\build\20210928_17866387743008219730.compiler.options

Host: 11th Gen Intel(R) Core(TM) i5-1135G7 @ 2.40GHz, 8 cores, 7G,  Windows 10 , 64 bit Build 19041 (10.0.19041.1202)
Time: Tue Sep 28 17:32:27 2021 대한민국 표준시 elapsed time: 5 seconds (0d 0h 0m 5s)

---------------  T H R E A D  ---------------

Current thread (0x0000022f6f22a800):  JavaThread "C2 CompilerThread2" daemon [_thread_in_native, id=16532, stack(0x000000ad59e00000,0x000000ad59f00000)]


Current CompileTask:
C2:   5655 7584       4       org.jetbrains.org.objectweb.asm.ClassReader::accept (1380 bytes)

Stack: [0x000000ad59e00000,0x000000ad59f00000]
Native frames: (J=compiled Java code, j=interpreted, Vv=VM code, C=native code)
V  [jvm.dll+0x5de50a]
V  [jvm.dll+0x7122f5]
V  [jvm.dll+0x71384d]
V  [jvm.dll+0x713f03]
V  [jvm.dll+0x23e728]
V  [jvm.dll+0xb899c]
V  [jvm.dll+0xb8e9c]
V  [jvm.dll+0x35024d]
V  [jvm.dll+0x31dea3]
V  [jvm.dll+0x31d39a]
V  [jvm.dll+0x1f7702]
V  [jvm.dll+0x1f68d4]
V  [jvm.dll+0x17f32c]
V  [jvm.dll+0x205047]
V  [jvm.dll+0x203891]
V  [jvm.dll+0x6dad3f]
V  [jvm.dll+0x6d3895]
V  [jvm.dll+0x5dd4a6]
C  [ucrtbase.dll+0x21bb2]
C  [KERNEL32.DLL+0x17034]
C  [ntdll.dll+0x52651]


---------------  P R O C E S S  ---------------

Threads class SMR info:
_java_thread_list=0x0000022f6f1da820, length=12, elements={
0x0000022f53f1b000, 0x0000022f6e755800, 0x0000022f6e758800, 0x0000022f6e782000,
0x0000022f6e784000, 0x0000022f6e785000, 0x0000022f6e786000, 0x0000022f6e787000,
0x0000022f6f1d6000, 0x0000022f6f1e0800, 0x0000022f6f1ed000, 0x0000022f6f22a800
}

Java Threads: ( => current thread )
  0x0000022f53f1b000 JavaThread "main" [_thread_in_Java, id=2392, stack(0x000000ad58c00000,0x000000ad58d00000)]
  0x0000022f6e755800 JavaThread "Reference Handler" daemon [_thread_blocked, id=6708, stack(0x000000ad59300000,0x000000ad59400000)]
  0x0000022f6e758800 JavaThread "Finalizer" daemon [_thread_blocked, id=4508, stack(0x000000ad59400000,0x000000ad59500000)]
  0x0000022f6e782000 JavaThread "Signal Dispatcher" daemon [_thread_blocked, id=11280, stack(0x000000ad59500000,0x000000ad59600000)]
  0x0000022f6e784000 JavaThread "Attach Listener" daemon [_thread_blocked, id=7648, stack(0x000000ad59600000,0x000000ad59700000)]
  0x0000022f6e785000 JavaThread "C2 CompilerThread0" daemon [_thread_in_native, id=3692, stack(0x000000ad59700000,0x000000ad59800000)]
  0x0000022f6e786000 JavaThread "C1 CompilerThread0" daemon [_thread_in_native, id=11284, stack(0x000000ad59800000,0x000000ad59900000)]
  0x0000022f6e787000 JavaThread "Sweeper thread" daemon [_thread_blocked, id=12512, stack(0x000000ad59900000,0x000000ad59a00000)]
  0x0000022f6f1d6000 JavaThread "Service Thread" daemon [_thread_blocked, id=10388, stack(0x000000ad59a00000,0x000000ad59b00000)]
  0x0000022f6f1e0800 JavaThread "Common-Cleaner" daemon [_thread_blocked, id=15480, stack(0x000000ad59c00000,0x000000ad59d00000)]
  0x0000022f6f1ed000 JavaThread "C2 CompilerThread1" daemon [_thread_in_native, id=1016, stack(0x000000ad59d00000,0x000000ad59e00000)]
=>0x0000022f6f22a800 JavaThread "C2 CompilerThread2" daemon [_thread_in_native, id=16532, stack(0x000000ad59e00000,0x000000ad59f00000)]

Other Threads:
  0x0000022f6e72e000 VMThread "VM Thread" [stack: 0x000000ad59200000,0x000000ad59300000] [id=15612]
  0x0000022f6f1d6800 WatcherThread [stack: 0x000000ad59b00000,0x000000ad59c00000] [id=10580]
  0x0000022f53f32800 GCTaskThread "GC Thread#0" [stack: 0x000000ad58d00000,0x000000ad58e00000] [id=8700]
  0x0000022f6f89a800 GCTaskThread "GC Thread#1" [stack: 0x000000ad59f00000,0x000000ad5a000000] [id=11620]
  0x0000022f722ba800 GCTaskThread "GC Thread#2" [stack: 0x000000ad5a100000,0x000000ad5a200000] [id=17880]
  0x0000022f53f61000 ConcurrentGCThread "G1 Main Marker" [stack: 0x000000ad58e00000,0x000000ad58f00000] [id=2732]
  0x0000022f53f63000 ConcurrentGCThread "G1 Conc#0" [stack: 0x000000ad58f00000,0x000000ad59000000] [id=15552]
  0x0000022f6faf9800 ConcurrentGCThread "G1 Conc#1" [stack: 0x000000ad5a000000,0x000000ad5a100000] [id=8276]
  0x0000022f53ff2800 ConcurrentGCThread "G1 Refine#0" [stack: 0x000000ad59000000,0x000000ad59100000] [id=12932]
  0x0000022f7650b800 ConcurrentGCThread "G1 Refine#1" [stack: 0x000000ad5a200000,0x000000ad5a300000] [id=16048]
  0x0000022f53ff4800 ConcurrentGCThread "G1 Young RemSet Sampling" [stack: 0x000000ad59100000,0x000000ad59200000] [id=2696]

Threads with active compile tasks:
C2 CompilerThread0   5674 7400       4       org.jetbrains.kotlin.resolve.OverrideResolver$Companion::checkInheritedAndDelegatedSignatures (722 bytes)
C1 CompilerThread0   5674 7769   !   3       org.jetbrains.kotlin.com.intellij.psi.augment.PsiAugmentProvider::forEach (112 bytes)
C2 CompilerThread1   5674 7592       4       org.jetbrains.org.objectweb.asm.ClassReader::readField (667 bytes)
C2 CompilerThread2   5674 7584       4       org.jetbrains.org.objectweb.asm.ClassReader::accept (1380 bytes)

VM state:not at safepoint (normal execution)

VM Mutex/Monitor currently owned by a thread: None

Heap address: 0x0000000084400000, size: 1980 MB, Compressed Oops mode: 32-bit
Narrow klass base: 0x0000000000000000, Narrow klass shift: 3
Compressed class space size: 1073741824 Address: 0x0000000100000000

Heap:
 garbage-first heap   total 218112K, used 113664K [0x0000000084400000, 0x0000000100000000)
  region size 1024K, 50 young (51200K), 8 survivors (8192K)
 Metaspace       used 59368K, capacity 60102K, committed 60368K, reserved 1101824K
  class space    used 6774K, capacity 7077K, committed 7168K, reserved 1048576K
Heap Regions: E=young(eden), S=young(survivor), O=old, HS=humongous(starts), HC=humongous(continues), CS=collection set, F=free, A=archive, TAMS=top-at-mark-start (previous, next)
|   0|0x0000000084400000, 0x0000000084500000, 0x0000000084500000|100%|HS|  |TAMS 0x0000000084500000, 0x0000000084400000| Complete 
|   1|0x0000000084500000, 0x0000000084600000, 0x0000000084600000|100%|HC|  |TAMS 0x0000000084600000, 0x0000000084500000| Complete 
|   2|0x0000000084600000, 0x0000000084700000, 0x0000000084700000|100%|HC|  |TAMS 0x0000000084700000, 0x0000000084600000| Complete 
|   3|0x0000000084700000, 0x0000000084800000, 0x0000000084800000|100%|HS|  |TAMS 0x0000000084800000, 0x0000000084700000| Complete 
|   4|0x0000000084800000, 0x0000000084900000, 0x0000000084900000|100%|HC|  |TAMS 0x0000000084900000, 0x0000000084800000| Complete 
|   5|0x0000000084900000, 0x0000000084a00000, 0x0000000084a00000|100%|HC|  |TAMS 0x0000000084a00000, 0x0000000084900000| Complete 
|   6|0x0000000084a00000, 0x0000000084b00000, 0x0000000084b00000|100%|HS|  |TAMS 0x0000000084b00000, 0x0000000084a00000| Complete 
|   7|0x0000000084b00000, 0x0000000084c00000, 0x0000000084c00000|100%|HC|  |TAMS 0x0000000084c00000, 0x0000000084b00000| Complete 
|   8|0x0000000084c00000, 0x0000000084d00000, 0x0000000084d00000|100%|HC|  |TAMS 0x0000000084d00000, 0x0000000084c00000| Complete 
|   9|0x0000000084d00000, 0x0000000084e00000, 0x0000000084e00000|100%| O|  |TAMS 0x0000000084e00000, 0x0000000084d00000| Untracked 
|  10|0x0000000084e00000, 0x0000000084f00000, 0x0000000084f00000|100%| O|  |TAMS 0x0000000084f00000, 0x0000000084e00000| Untracked 
|  11|0x0000000084f00000, 0x0000000085000000, 0x0000000085000000|100%| O|  |TAMS 0x0000000085000000, 0x0000000084f00000| Untracked 
|  12|0x0000000085000000, 0x0000000085100000, 0x0000000085100000|100%| O|  |TAMS 0x0000000085100000, 0x0000000085000000| Untracked 
|  13|0x0000000085100000, 0x0000000085200000, 0x0000000085200000|100%|HS|  |TAMS 0x0000000085100000, 0x0000000085100000| Complete 
|  14|0x0000000085200000, 0x0000000085300000, 0x0000000085300000|100%|HC|  |TAMS 0x0000000085200000, 0x0000000085200000| Complete 
|  15|0x0000000085300000, 0x0000000085400000, 0x0000000085400000|100%| O|  |TAMS 0x0000000085400000, 0x0000000085300000| Untracked 
|  16|0x0000000085400000, 0x0000000085500000, 0x0000000085500000|100%| O|  |TAMS 0x0000000085500000, 0x0000000085400000| Untracked 
|  17|0x0000000085500000, 0x0000000085600000, 0x0000000085600000|100%| O|  |TAMS 0x0000000085600000, 0x0000000085500000| Untracked 
|  18|0x0000000085600000, 0x0000000085700000, 0x0000000085700000|100%| O|  |TAMS 0x0000000085700000, 0x0000000085600000| Untracked 
|  19|0x0000000085700000, 0x0000000085800000, 0x0000000085800000|100%| O|  |TAMS 0x0000000085800000, 0x0000000085700000| Untracked 
|  20|0x0000000085800000, 0x0000000085900000, 0x0000000085900000|100%| O|  |TAMS 0x0000000085900000, 0x0000000085800000| Untracked 
|  21|0x0000000085900000, 0x0000000085a00000, 0x0000000085a00000|100%| O|  |TAMS 0x0000000085a00000, 0x0000000085900000| Untracked 
|  22|0x0000000085a00000, 0x0000000085b00000, 0x0000000085b00000|100%| O|  |TAMS 0x0000000085b00000, 0x0000000085a00000| Untracked 
|  23|0x0000000085b00000, 0x0000000085c00000, 0x0000000085c00000|100%| O|  |TAMS 0x0000000085b83000, 0x0000000085b00000| Untracked 
|  24|0x0000000085c00000, 0x0000000085d00000, 0x0000000085d00000|100%| O|  |TAMS 0x0000000085c00000, 0x0000000085c00000| Untracked 
|  25|0x0000000085d00000, 0x0000000085e00000, 0x0000000085e00000|100%| O|  |TAMS 0x0000000085d00000, 0x0000000085d00000| Untracked 
|  26|0x0000000085e00000, 0x0000000085f00000, 0x0000000085f00000|100%| O|  |TAMS 0x0000000085e00000, 0x0000000085e00000| Untracked 
|  27|0x0000000085f00000, 0x0000000086000000, 0x0000000086000000|100%| O|  |TAMS 0x0000000085f00000, 0x0000000085f00000| Untracked 
|  28|0x0000000086000000, 0x0000000086100000, 0x0000000086100000|100%| O|  |TAMS 0x0000000086000000, 0x0000000086000000| Untracked 
|  29|0x0000000086100000, 0x0000000086200000, 0x0000000086200000|100%| O|  |TAMS 0x0000000086100000, 0x0000000086100000| Untracked 
|  30|0x0000000086200000, 0x0000000086300000, 0x0000000086300000|100%| O|  |TAMS 0x0000000086200000, 0x0000000086200000| Untracked 
|  31|0x0000000086300000, 0x0000000086400000, 0x0000000086400000|100%| O|  |TAMS 0x0000000086300000, 0x0000000086300000| Untracked 
|  32|0x0000000086400000, 0x0000000086500000, 0x0000000086500000|100%| O|  |TAMS 0x0000000086400000, 0x0000000086400000| Untracked 
|  33|0x0000000086500000, 0x0000000086600000, 0x0000000086600000|100%| O|  |TAMS 0x0000000086500000, 0x0000000086500000| Untracked 
|  34|0x0000000086600000, 0x0000000086700000, 0x0000000086700000|100%| O|  |TAMS 0x0000000086600000, 0x0000000086600000| Untracked 
|  35|0x0000000086700000, 0x0000000086800000, 0x0000000086800000|100%| O|  |TAMS 0x0000000086700000, 0x0000000086700000| Untracked 
|  36|0x0000000086800000, 0x0000000086900000, 0x0000000086900000|100%| O|  |TAMS 0x0000000086800000, 0x0000000086800000| Untracked 
|  37|0x0000000086900000, 0x0000000086a00000, 0x0000000086a00000|100%| O|  |TAMS 0x0000000086900000, 0x0000000086900000| Untracked 
|  38|0x0000000086a00000, 0x0000000086b00000, 0x0000000086b00000|100%| O|  |TAMS 0x0000000086a00000, 0x0000000086a00000| Untracked 
|  39|0x0000000086b00000, 0x0000000086c00000, 0x0000000086c00000|100%| O|  |TAMS 0x0000000086b00000, 0x0000000086b00000| Untracked 
|  40|0x0000000086c00000, 0x0000000086d00000, 0x0000000086d00000|100%| O|  |TAMS 0x0000000086c00000, 0x0000000086c00000| Untracked 
|  41|0x0000000086d00000, 0x0000000086e00000, 0x0000000086e00000|100%| O|  |TAMS 0x0000000086d00000, 0x0000000086d00000| Untracked 
|  42|0x0000000086e00000, 0x0000000086f00000, 0x0000000086f00000|100%| O|  |TAMS 0x0000000086e00000, 0x0000000086e00000| Untracked 
|  43|0x0000000086f00000, 0x0000000087000000, 0x0000000087000000|100%| O|  |TAMS 0x0000000086f00000, 0x0000000086f00000| Untracked 
|  44|0x0000000087000000, 0x0000000087100000, 0x0000000087100000|100%| O|  |TAMS 0x0000000087000000, 0x0000000087000000| Untracked 
|  45|0x0000000087100000, 0x0000000087200000, 0x0000000087200000|100%| O|  |TAMS 0x0000000087100000, 0x0000000087100000| Untracked 
|  46|0x0000000087200000, 0x0000000087300000, 0x0000000087300000|100%| O|  |TAMS 0x0000000087200000, 0x0000000087200000| Untracked 
|  47|0x0000000087300000, 0x0000000087400000, 0x0000000087400000|100%| O|  |TAMS 0x0000000087300000, 0x0000000087300000| Untracked 
|  48|0x0000000087400000, 0x0000000087500000, 0x0000000087500000|100%| O|  |TAMS 0x0000000087400000, 0x0000000087400000| Untracked 
|  49|0x0000000087500000, 0x0000000087600000, 0x0000000087600000|100%| O|  |TAMS 0x0000000087500000, 0x0000000087500000| Untracked 
|  50|0x0000000087600000, 0x0000000087700000, 0x0000000087700000|100%| O|  |TAMS 0x0000000087600000, 0x0000000087600000| Untracked 
|  51|0x0000000087700000, 0x0000000087800000, 0x0000000087800000|100%| O|  |TAMS 0x0000000087700000, 0x0000000087700000| Untracked 
|  52|0x0000000087800000, 0x0000000087900000, 0x0000000087900000|100%| O|  |TAMS 0x0000000087800000, 0x0000000087800000| Untracked 
|  53|0x0000000087900000, 0x0000000087a00000, 0x0000000087a00000|100%| O|  |TAMS 0x0000000087900000, 0x0000000087900000| Untracked 
|  54|0x0000000087a00000, 0x0000000087b00000, 0x0000000087b00000|100%| O|  |TAMS 0x0000000087a00000, 0x0000000087a00000| Untracked 
|  55|0x0000000087b00000, 0x0000000087c00000, 0x0000000087c00000|100%| O|  |TAMS 0x0000000087b00000, 0x0000000087b00000| Untracked 
|  56|0x0000000087c00000, 0x0000000087d00000, 0x0000000087d00000|100%| O|  |TAMS 0x0000000087c00000, 0x0000000087c00000| Untracked 
|  57|0x0000000087d00000, 0x0000000087e00000, 0x0000000087e00000|100%| O|  |TAMS 0x0000000087d00000, 0x0000000087d00000| Untracked 
|  58|0x0000000087e00000, 0x0000000087f00000, 0x0000000087f00000|100%| O|  |TAMS 0x0000000087e00000, 0x0000000087e00000| Untracked 
|  59|0x0000000087f00000, 0x0000000088000000, 0x0000000088000000|100%| O|  |TAMS 0x0000000087f00000, 0x0000000087f00000| Untracked 
|  60|0x0000000088000000, 0x0000000088100000, 0x0000000088100000|100%| O|  |TAMS 0x0000000088000000, 0x0000000088000000| Untracked 
|  61|0x0000000088100000, 0x0000000088200000, 0x0000000088200000|100%| O|  |TAMS 0x0000000088100000, 0x0000000088100000| Untracked 
|  62|0x0000000088200000, 0x0000000088200000, 0x0000000088300000|  0%| F|  |TAMS 0x0000000088200000, 0x0000000088200000| Untracked 
|  63|0x0000000088300000, 0x0000000088300000, 0x0000000088400000|  0%| F|  |TAMS 0x0000000088300000, 0x0000000088300000| Untracked 
|  64|0x0000000088400000, 0x0000000088400000, 0x0000000088500000|  0%| F|  |TAMS 0x0000000088400000, 0x0000000088400000| Untracked 
|  65|0x0000000088500000, 0x0000000088500000, 0x0000000088600000|  0%| F|  |TAMS 0x0000000088500000, 0x0000000088500000| Untracked 
|  66|0x0000000088600000, 0x0000000088600000, 0x0000000088700000|  0%| F|  |TAMS 0x0000000088600000, 0x0000000088600000| Untracked 
|  67|0x0000000088700000, 0x0000000088700000, 0x0000000088800000|  0%| F|  |TAMS 0x0000000088700000, 0x0000000088700000| Untracked 
|  68|0x0000000088800000, 0x0000000088800000, 0x0000000088900000|  0%| F|  |TAMS 0x0000000088800000, 0x0000000088800000| Untracked 
|  69|0x0000000088900000, 0x0000000088900000, 0x0000000088a00000|  0%| F|  |TAMS 0x0000000088900000, 0x0000000088900000| Untracked 
|  70|0x0000000088a00000, 0x0000000088a00000, 0x0000000088b00000|  0%| F|  |TAMS 0x0000000088a00000, 0x0000000088a00000| Untracked 
|  71|0x0000000088b00000, 0x0000000088b00000, 0x0000000088c00000|  0%| F|  |TAMS 0x0000000088b00000, 0x0000000088b00000| Untracked 
|  72|0x0000000088c00000, 0x0000000088c00000, 0x0000000088d00000|  0%| F|  |TAMS 0x0000000088c00000, 0x0000000088c00000| Untracked 
|  73|0x0000000088d00000, 0x0000000088d00000, 0x0000000088e00000|  0%| F|  |TAMS 0x0000000088d00000, 0x0000000088d00000| Untracked 
|  74|0x0000000088e00000, 0x0000000088e00000, 0x0000000088f00000|  0%| F|  |TAMS 0x0000000088e00000, 0x0000000088e00000| Untracked 
|  75|0x0000000088f00000, 0x0000000088f00000, 0x0000000089000000|  0%| F|  |TAMS 0x0000000088f00000, 0x0000000088f00000| Untracked 
|  76|0x0000000089000000, 0x0000000089000000, 0x0000000089100000|  0%| F|  |TAMS 0x0000000089000000, 0x0000000089000000| Untracked 
|  77|0x0000000089100000, 0x0000000089100000, 0x0000000089200000|  0%| F|  |TAMS 0x0000000089100000, 0x0000000089100000| Untracked 
|  78|0x0000000089200000, 0x0000000089200000, 0x0000000089300000|  0%| F|  |TAMS 0x0000000089200000, 0x0000000089200000| Untracked 
|  79|0x0000000089300000, 0x0000000089300000, 0x0000000089400000|  0%| F|  |TAMS 0x0000000089300000, 0x0000000089300000| Untracked 
|  80|0x0000000089400000, 0x0000000089400000, 0x0000000089500000|  0%| F|  |TAMS 0x0000000089400000, 0x0000000089400000| Untracked 
|  81|0x0000000089500000, 0x0000000089500000, 0x0000000089600000|  0%| F|  |TAMS 0x0000000089500000, 0x0000000089500000| Untracked 
|  82|0x0000000089600000, 0x0000000089600000, 0x0000000089700000|  0%| F|  |TAMS 0x0000000089600000, 0x0000000089600000| Untracked 
|  83|0x0000000089700000, 0x0000000089700000, 0x0000000089800000|  0%| F|  |TAMS 0x0000000089700000, 0x0000000089700000| Untracked 
|  84|0x0000000089800000, 0x0000000089800000, 0x0000000089900000|  0%| F|  |TAMS 0x0000000089800000, 0x0000000089800000| Untracked 
|  85|0x0000000089900000, 0x0000000089900000, 0x0000000089a00000|  0%| F|  |TAMS 0x0000000089900000, 0x0000000089900000| Untracked 
|  86|0x0000000089a00000, 0x0000000089a00000, 0x0000000089b00000|  0%| F|  |TAMS 0x0000000089a00000, 0x0000000089a00000| Untracked 
|  87|0x0000000089b00000, 0x0000000089b00000, 0x0000000089c00000|  0%| F|  |TAMS 0x0000000089b00000, 0x0000000089b00000| Untracked 
|  88|0x0000000089c00000, 0x0000000089c00000, 0x0000000089d00000|  0%| F|  |TAMS 0x0000000089c00000, 0x0000000089c00000| Untracked 
|  89|0x0000000089d00000, 0x0000000089d00000, 0x0000000089e00000|  0%| F|  |TAMS 0x0000000089d00000, 0x0000000089d00000| Untracked 
|  90|0x0000000089e00000, 0x0000000089e00000, 0x0000000089f00000|  0%| F|  |TAMS 0x0000000089e00000, 0x0000000089e00000| Untracked 
|  91|0x0000000089f00000, 0x0000000089f00000, 0x000000008a000000|  0%| F|  |TAMS 0x0000000089f00000, 0x0000000089f00000| Untracked 
|  92|0x000000008a000000, 0x000000008a100000, 0x000000008a100000|100%| S|CS|TAMS 0x000000008a000000, 0x000000008a000000| Complete 
|  93|0x000000008a100000, 0x000000008a200000, 0x000000008a200000|100%| S|CS|TAMS 0x000000008a100000, 0x000000008a100000| Complete 
|  94|0x000000008a200000, 0x000000008a300000, 0x000000008a300000|100%| S|CS|TAMS 0x000000008a200000, 0x000000008a200000| Complete 
|  95|0x000000008a300000, 0x000000008a400000, 0x000000008a400000|100%| S|CS|TAMS 0x000000008a300000, 0x000000008a300000| Complete 
|  96|0x000000008a400000, 0x000000008a400000, 0x000000008a500000|  0%| F|  |TAMS 0x000000008a400000, 0x000000008a400000| Untracked 
|  97|0x000000008a500000, 0x000000008a500000, 0x000000008a600000|  0%| F|  |TAMS 0x000000008a500000, 0x000000008a500000| Untracked 
|  98|0x000000008a600000, 0x000000008a600000, 0x000000008a700000|  0%| F|  |TAMS 0x000000008a600000, 0x000000008a600000| Untracked 
|  99|0x000000008a700000, 0x000000008a700000, 0x000000008a800000|  0%| F|  |TAMS 0x000000008a700000, 0x000000008a700000| Untracked 
| 100|0x000000008a800000, 0x000000008a800000, 0x000000008a900000|  0%| F|  |TAMS 0x000000008a800000, 0x000000008a800000| Untracked 
| 101|0x000000008a900000, 0x000000008a900000, 0x000000008aa00000|  0%| F|  |TAMS 0x000000008a900000, 0x000000008a900000| Untracked 
| 102|0x000000008aa00000, 0x000000008aa00000, 0x000000008ab00000|  0%| F|  |TAMS 0x000000008aa00000, 0x000000008aa00000| Untracked 
| 103|0x000000008ab00000, 0x000000008ab00000, 0x000000008ac00000|  0%| F|  |TAMS 0x000000008ab00000, 0x000000008ab00000| Untracked 
| 104|0x000000008ac00000, 0x000000008ac00000, 0x000000008ad00000|  0%| F|  |TAMS 0x000000008ac00000, 0x000000008ac00000| Untracked 
| 105|0x000000008ad00000, 0x000000008ae00000, 0x000000008ae00000|100%| S|CS|TAMS 0x000000008ad00000, 0x000000008ad00000| Complete 
| 106|0x000000008ae00000, 0x000000008af00000, 0x000000008af00000|100%| S|CS|TAMS 0x000000008ae00000, 0x000000008ae00000| Complete 
| 107|0x000000008af00000, 0x000000008b000000, 0x000000008b000000|100%| S|CS|TAMS 0x000000008af00000, 0x000000008af00000| Complete 
| 108|0x000000008b000000, 0x000000008b100000, 0x000000008b100000|100%| S|CS|TAMS 0x000000008b000000, 0x000000008b000000| Complete 
| 109|0x000000008b100000, 0x000000008b100000, 0x000000008b200000|  0%| F|  |TAMS 0x000000008b100000, 0x000000008b100000| Untracked 
| 110|0x000000008b200000, 0x000000008b200000, 0x000000008b300000|  0%| F|  |TAMS 0x000000008b200000, 0x000000008b200000| Untracked 
| 111|0x000000008b300000, 0x000000008b300000, 0x000000008b400000|  0%| F|  |TAMS 0x000000008b300000, 0x000000008b300000| Untracked 
| 112|0x000000008b400000, 0x000000008b400000, 0x000000008b500000|  0%| F|  |TAMS 0x000000008b400000, 0x000000008b400000| Untracked 
| 113|0x000000008b500000, 0x000000008b500000, 0x000000008b600000|  0%| F|  |TAMS 0x000000008b500000, 0x000000008b500000| Untracked 
| 114|0x000000008b600000, 0x000000008b600000, 0x000000008b700000|  0%| F|  |TAMS 0x000000008b600000, 0x000000008b600000| Untracked 
| 115|0x000000008b700000, 0x000000008b700000, 0x000000008b800000|  0%| F|  |TAMS 0x000000008b700000, 0x000000008b700000| Untracked 
| 116|0x000000008b800000, 0x000000008b800000, 0x000000008b900000|  0%| F|  |TAMS 0x000000008b800000, 0x000000008b800000| Untracked 
| 117|0x000000008b900000, 0x000000008b900000, 0x000000008ba00000|  0%| F|  |TAMS 0x000000008b900000, 0x000000008b900000| Untracked 
| 118|0x000000008ba00000, 0x000000008ba00000, 0x000000008bb00000|  0%| F|  |TAMS 0x000000008ba00000, 0x000000008ba00000| Untracked 
| 119|0x000000008bb00000, 0x000000008bb00000, 0x000000008bc00000|  0%| F|  |TAMS 0x000000008bb00000, 0x000000008bb00000| Untracked 
| 120|0x000000008bc00000, 0x000000008bc00000, 0x000000008bd00000|  0%| F|  |TAMS 0x000000008bc00000, 0x000000008bc00000| Untracked 
| 121|0x000000008bd00000, 0x000000008bd00000, 0x000000008be00000|  0%| F|  |TAMS 0x000000008bd00000, 0x000000008bd00000| Untracked 
| 122|0x000000008be00000, 0x000000008be00000, 0x000000008bf00000|  0%| F|  |TAMS 0x000000008be00000, 0x000000008be00000| Untracked 
| 123|0x000000008bf00000, 0x000000008bf00000, 0x000000008c000000|  0%| F|  |TAMS 0x000000008bf00000, 0x000000008bf00000| Untracked 
| 124|0x000000008c000000, 0x000000008c000000, 0x000000008c100000|  0%| F|  |TAMS 0x000000008c000000, 0x000000008c000000| Untracked 
| 125|0x000000008c100000, 0x000000008c100000, 0x000000008c200000|  0%| F|  |TAMS 0x000000008c100000, 0x000000008c100000| Untracked 
| 126|0x000000008c200000, 0x000000008c200000, 0x000000008c300000|  0%| F|  |TAMS 0x000000008c200000, 0x000000008c200000| Untracked 
| 127|0x000000008c300000, 0x000000008c300000, 0x000000008c400000|  0%| F|  |TAMS 0x000000008c300000, 0x000000008c300000| Untracked 
| 128|0x000000008c400000, 0x000000008c400000, 0x000000008c500000|  0%| F|  |TAMS 0x000000008c400000, 0x000000008c400000| Untracked 
| 129|0x000000008c500000, 0x000000008c500000, 0x000000008c600000|  0%| F|  |TAMS 0x000000008c500000, 0x000000008c500000| Untracked 
| 130|0x000000008c600000, 0x000000008c600000, 0x000000008c700000|  0%| F|  |TAMS 0x000000008c600000, 0x000000008c600000| Untracked 
| 131|0x000000008c700000, 0x000000008c700000, 0x000000008c800000|  0%| F|  |TAMS 0x000000008c700000, 0x000000008c700000| Untracked 
| 132|0x000000008c800000, 0x000000008c800000, 0x000000008c900000|  0%| F|  |TAMS 0x000000008c800000, 0x000000008c800000| Untracked 
| 133|0x000000008c900000, 0x000000008c900000, 0x000000008ca00000|  0%| F|  |TAMS 0x000000008c900000, 0x000000008c900000| Untracked 
| 134|0x000000008ca00000, 0x000000008ca00000, 0x000000008cb00000|  0%| F|  |TAMS 0x000000008ca00000, 0x000000008ca00000| Untracked 
| 135|0x000000008cb00000, 0x000000008cb00000, 0x000000008cc00000|  0%| F|  |TAMS 0x000000008cb00000, 0x000000008cb00000| Untracked 
| 136|0x000000008cc00000, 0x000000008cc00000, 0x000000008cd00000|  0%| F|  |TAMS 0x000000008cc00000, 0x000000008cc00000| Untracked 
| 137|0x000000008cd00000, 0x000000008cd00000, 0x000000008ce00000|  0%| F|  |TAMS 0x000000008cd00000, 0x000000008cd00000| Untracked 
| 138|0x000000008ce00000, 0x000000008ce00000, 0x000000008cf00000|  0%| F|  |TAMS 0x000000008ce00000, 0x000000008ce00000| Untracked 
| 139|0x000000008cf00000, 0x000000008cf00000, 0x000000008d000000|  0%| F|  |TAMS 0x000000008cf00000, 0x000000008cf00000| Untracked 
| 140|0x000000008d000000, 0x000000008d000000, 0x000000008d100000|  0%| F|  |TAMS 0x000000008d000000, 0x000000008d000000| Untracked 
| 141|0x000000008d100000, 0x000000008d100000, 0x000000008d200000|  0%| F|  |TAMS 0x000000008d100000, 0x000000008d100000| Untracked 
| 142|0x000000008d200000, 0x000000008d200000, 0x000000008d300000|  0%| F|  |TAMS 0x000000008d200000, 0x000000008d200000| Untracked 
| 143|0x000000008d300000, 0x000000008d300000, 0x000000008d400000|  0%| F|  |TAMS 0x000000008d300000, 0x000000008d300000| Untracked 
| 144|0x000000008d400000, 0x000000008d400000, 0x000000008d500000|  0%| F|  |TAMS 0x000000008d400000, 0x000000008d400000| Untracked 
| 145|0x000000008d500000, 0x000000008d500000, 0x000000008d600000|  0%| F|  |TAMS 0x000000008d500000, 0x000000008d500000| Untracked 
| 146|0x000000008d600000, 0x000000008d600000, 0x000000008d700000|  0%| F|  |TAMS 0x000000008d600000, 0x000000008d600000| Untracked 
| 147|0x000000008d700000, 0x000000008d700000, 0x000000008d800000|  0%| F|  |TAMS 0x000000008d700000, 0x000000008d700000| Untracked 
| 148|0x000000008d800000, 0x000000008d800000, 0x000000008d900000|  0%| F|  |TAMS 0x000000008d800000, 0x000000008d800000| Untracked 
| 149|0x000000008d900000, 0x000000008d900000, 0x000000008da00000|  0%| F|  |TAMS 0x000000008d900000, 0x000000008d900000| Untracked 
| 150|0x000000008da00000, 0x000000008da00000, 0x000000008db00000|  0%| F|  |TAMS 0x000000008da00000, 0x000000008da00000| Untracked 
| 151|0x000000008db00000, 0x000000008db00000, 0x000000008dc00000|  0%| F|  |TAMS 0x000000008db00000, 0x000000008db00000| Untracked 
| 152|0x000000008dc00000, 0x000000008dc00000, 0x000000008dd00000|  0%| F|  |TAMS 0x000000008dc00000, 0x000000008dc00000| Untracked 
| 153|0x000000008dd00000, 0x000000008dd00000, 0x000000008de00000|  0%| F|  |TAMS 0x000000008dd00000, 0x000000008dd00000| Untracked 
| 154|0x000000008de00000, 0x000000008de00000, 0x000000008df00000|  0%| F|  |TAMS 0x000000008de00000, 0x000000008de00000| Untracked 
| 155|0x000000008df00000, 0x000000008df00000, 0x000000008e000000|  0%| F|  |TAMS 0x000000008df00000, 0x000000008df00000| Untracked 
| 156|0x000000008e000000, 0x000000008e000000, 0x000000008e100000|  0%| F|  |TAMS 0x000000008e000000, 0x000000008e000000| Untracked 
| 157|0x000000008e100000, 0x000000008e100000, 0x000000008e200000|  0%| F|  |TAMS 0x000000008e100000, 0x000000008e100000| Untracked 
| 158|0x000000008e200000, 0x000000008e200000, 0x000000008e300000|  0%| F|  |TAMS 0x000000008e200000, 0x000000008e200000| Untracked 
| 159|0x000000008e300000, 0x000000008e300000, 0x000000008e400000|  0%| F|  |TAMS 0x000000008e300000, 0x000000008e300000| Untracked 
| 160|0x000000008e400000, 0x000000008e400000, 0x000000008e500000|  0%| F|  |TAMS 0x000000008e400000, 0x000000008e400000| Untracked 
| 161|0x000000008e500000, 0x000000008e500000, 0x000000008e600000|  0%| F|  |TAMS 0x000000008e500000, 0x000000008e500000| Untracked 
| 162|0x000000008e600000, 0x000000008e600000, 0x000000008e700000|  0%| F|  |TAMS 0x000000008e600000, 0x000000008e600000| Untracked 
| 163|0x000000008e700000, 0x000000008e700000, 0x000000008e800000|  0%| F|  |TAMS 0x000000008e700000, 0x000000008e700000| Untracked 
| 164|0x000000008e800000, 0x000000008e800000, 0x000000008e900000|  0%| F|  |TAMS 0x000000008e800000, 0x000000008e800000| Untracked 
| 165|0x000000008e900000, 0x000000008e900000, 0x000000008ea00000|  0%| F|  |TAMS 0x000000008e900000, 0x000000008e900000| Untracked 
| 166|0x000000008ea00000, 0x000000008ea00000, 0x000000008eb00000|  0%| F|  |TAMS 0x000000008ea00000, 0x000000008ea00000| Untracked 
| 167|0x000000008eb00000, 0x000000008eb00000, 0x000000008ec00000|  0%| F|  |TAMS 0x000000008eb00000, 0x000000008eb00000| Untracked 
| 168|0x000000008ec00000, 0x000000008ec00000, 0x000000008ed00000|  0%| F|  |TAMS 0x000000008ec00000, 0x000000008ec00000| Untracked 
| 169|0x000000008ed00000, 0x000000008ed00000, 0x000000008ee00000|  0%| F|  |TAMS 0x000000008ed00000, 0x000000008ed00000| Untracked 
| 170|0x000000008ee00000, 0x000000008ee00000, 0x000000008ef00000|  0%| F|  |TAMS 0x000000008ee00000, 0x000000008ee00000| Untracked 
| 171|0x000000008ef00000, 0x000000008f000000, 0x000000008f000000|100%| E|  |TAMS 0x000000008ef00000, 0x000000008ef00000| Complete 
| 172|0x000000008f000000, 0x000000008f100000, 0x000000008f100000|100%| E|CS|TAMS 0x000000008f000000, 0x000000008f000000| Complete 
| 173|0x000000008f100000, 0x000000008f200000, 0x000000008f200000|100%| E|CS|TAMS 0x000000008f100000, 0x000000008f100000| Complete 
| 174|0x000000008f200000, 0x000000008f300000, 0x000000008f300000|100%| E|CS|TAMS 0x000000008f200000, 0x000000008f200000| Complete 
| 175|0x000000008f300000, 0x000000008f400000, 0x000000008f400000|100%| E|CS|TAMS 0x000000008f300000, 0x000000008f300000| Complete 
| 176|0x000000008f400000, 0x000000008f500000, 0x000000008f500000|100%| E|CS|TAMS 0x000000008f400000, 0x000000008f400000| Complete 
| 177|0x000000008f500000, 0x000000008f600000, 0x000000008f600000|100%| E|CS|TAMS 0x000000008f500000, 0x000000008f500000| Complete 
| 178|0x000000008f600000, 0x000000008f700000, 0x000000008f700000|100%| E|CS|TAMS 0x000000008f600000, 0x000000008f600000| Complete 
| 179|0x000000008f700000, 0x000000008f800000, 0x000000008f800000|100%| E|CS|TAMS 0x000000008f700000, 0x000000008f700000| Complete 
| 180|0x000000008f800000, 0x000000008f900000, 0x000000008f900000|100%| E|CS|TAMS 0x000000008f800000, 0x000000008f800000| Complete 
| 181|0x000000008f900000, 0x000000008fa00000, 0x000000008fa00000|100%| E|CS|TAMS 0x000000008f900000, 0x000000008f900000| Complete 
| 182|0x000000008fa00000, 0x000000008fb00000, 0x000000008fb00000|100%| E|CS|TAMS 0x000000008fa00000, 0x000000008fa00000| Complete 
| 183|0x000000008fb00000, 0x000000008fc00000, 0x000000008fc00000|100%| E|CS|TAMS 0x000000008fb00000, 0x000000008fb00000| Complete 
| 184|0x000000008fc00000, 0x000000008fd00000, 0x000000008fd00000|100%| E|CS|TAMS 0x000000008fc00000, 0x000000008fc00000| Complete 
| 185|0x000000008fd00000, 0x000000008fe00000, 0x000000008fe00000|100%| E|CS|TAMS 0x000000008fd00000, 0x000000008fd00000| Complete 
| 186|0x000000008fe00000, 0x000000008ff00000, 0x000000008ff00000|100%| E|CS|TAMS 0x000000008fe00000, 0x000000008fe00000| Complete 
| 187|0x000000008ff00000, 0x0000000090000000, 0x0000000090000000|100%| E|CS|TAMS 0x000000008ff00000, 0x000000008ff00000| Complete 
| 188|0x0000000090000000, 0x0000000090100000, 0x0000000090100000|100%| E|CS|TAMS 0x0000000090000000, 0x0000000090000000| Complete 
| 189|0x0000000090100000, 0x0000000090200000, 0x0000000090200000|100%| E|CS|TAMS 0x0000000090100000, 0x0000000090100000| Complete 
| 190|0x0000000090200000, 0x0000000090300000, 0x0000000090300000|100%| E|CS|TAMS 0x0000000090200000, 0x0000000090200000| Complete 
| 191|0x0000000090300000, 0x0000000090400000, 0x0000000090400000|100%| E|CS|TAMS 0x0000000090300000, 0x0000000090300000| Complete 
| 192|0x0000000090400000, 0x0000000090500000, 0x0000000090500000|100%| E|CS|TAMS 0x0000000090400000, 0x0000000090400000| Complete 
| 193|0x0000000090500000, 0x0000000090600000, 0x0000000090600000|100%| E|CS|TAMS 0x0000000090500000, 0x0000000090500000| Complete 
| 194|0x0000000090600000, 0x0000000090700000, 0x0000000090700000|100%| E|CS|TAMS 0x0000000090600000, 0x0000000090600000| Complete 
| 195|0x0000000090700000, 0x0000000090800000, 0x0000000090800000|100%| E|CS|TAMS 0x0000000090700000, 0x0000000090700000| Complete 
| 196|0x0000000090800000, 0x0000000090900000, 0x0000000090900000|100%| E|CS|TAMS 0x0000000090800000, 0x0000000090800000| Complete 
| 197|0x0000000090900000, 0x0000000090a00000, 0x0000000090a00000|100%| E|CS|TAMS 0x0000000090900000, 0x0000000090900000| Complete 
| 198|0x0000000090a00000, 0x0000000090b00000, 0x0000000090b00000|100%| E|CS|TAMS 0x0000000090a00000, 0x0000000090a00000| Complete 
| 199|0x0000000090b00000, 0x0000000090c00000, 0x0000000090c00000|100%| E|CS|TAMS 0x0000000090b00000, 0x0000000090b00000| Complete 
| 200|0x0000000090c00000, 0x0000000090d00000, 0x0000000090d00000|100%| E|CS|TAMS 0x0000000090c00000, 0x0000000090c00000| Complete 
| 201|0x0000000090d00000, 0x0000000090e00000, 0x0000000090e00000|100%| E|CS|TAMS 0x0000000090d00000, 0x0000000090d00000| Complete 
| 202|0x0000000090e00000, 0x0000000090f00000, 0x0000000090f00000|100%| E|CS|TAMS 0x0000000090e00000, 0x0000000090e00000| Complete 
| 203|0x0000000090f00000, 0x0000000091000000, 0x0000000091000000|100%| E|CS|TAMS 0x0000000090f00000, 0x0000000090f00000| Complete 
| 204|0x0000000091000000, 0x0000000091100000, 0x0000000091100000|100%| E|CS|TAMS 0x0000000091000000, 0x0000000091000000| Complete 
| 205|0x0000000091100000, 0x0000000091200000, 0x0000000091200000|100%| E|CS|TAMS 0x0000000091100000, 0x0000000091100000| Complete 
| 206|0x0000000091200000, 0x0000000091300000, 0x0000000091300000|100%| E|CS|TAMS 0x0000000091200000, 0x0000000091200000| Complete 
| 207|0x0000000091300000, 0x0000000091400000, 0x0000000091400000|100%| E|CS|TAMS 0x0000000091300000, 0x0000000091300000| Complete 
| 208|0x0000000091400000, 0x0000000091500000, 0x0000000091500000|100%| E|CS|TAMS 0x0000000091400000, 0x0000000091400000| Complete 
| 209|0x0000000091500000, 0x0000000091600000, 0x0000000091600000|100%| E|CS|TAMS 0x0000000091500000, 0x0000000091500000| Complete 
| 210|0x0000000091600000, 0x0000000091700000, 0x0000000091700000|100%| E|CS|TAMS 0x0000000091600000, 0x0000000091600000| Complete 
| 211|0x0000000091700000, 0x0000000091800000, 0x0000000091800000|100%| E|CS|TAMS 0x0000000091700000, 0x0000000091700000| Complete 
| 212|0x0000000091800000, 0x0000000091900000, 0x0000000091900000|100%| E|CS|TAMS 0x0000000091800000, 0x0000000091800000| Complete 

Card table byte_map: [0x0000022f676f0000,0x0000022f67ad0000] _byte_map_base: 0x0000022f672ce000

Marking Bits (Prev, Next): (CMBitMap*) 0x0000022f53f585c8, (CMBitMap*) 0x0000022f53f58600
 Prev Bits: [0x0000022f67eb0000, 0x0000022f69da0000)
 Next Bits: [0x0000022f69da0000, 0x0000022f6bc90000)

Polling page: 0x0000022f52730000

Metaspace:

Usage:
  Non-class:     51.78 MB capacity,    51.39 MB (>99%) used,   303.38 KB ( <1%) free+waste,    98.81 KB ( <1%) overhead. 
      Class:      6.91 MB capacity,     6.62 MB ( 96%) used,   258.83 KB (  4%) free+waste,    43.44 KB ( <1%) overhead. 
       Both:     58.69 MB capacity,    58.01 MB ( 99%) used,   562.21 KB ( <1%) free+waste,   142.25 KB ( <1%) overhead. 

Virtual space:
  Non-class space:       52.00 MB reserved,      51.95 MB (>99%) committed 
      Class space:        1.00 GB reserved,       7.00 MB ( <1%) committed 
             Both:        1.05 GB reserved,      58.95 MB (  5%) committed 

Chunk freelists:
   Non-Class:  47.00 KB
       Class:  27.00 KB
        Both:  74.00 KB

MaxMetaspaceSize: 17179869184.00 GB
CompressedClassSpaceSize: 1.00 GB

CodeHeap 'non-profiled nmethods': size=120000Kb used=4731Kb max_used=4731Kb free=115268Kb
 bounds [0x0000022f5f370000, 0x0000022f5f810000, 0x0000022f668a0000]
CodeHeap 'profiled nmethods': size=120000Kb used=19785Kb max_used=19785Kb free=100215Kb
 bounds [0x0000022f57e40000, 0x0000022f591a0000, 0x0000022f5f370000]
CodeHeap 'non-nmethods': size=5760Kb used=1218Kb max_used=1280Kb free=4541Kb
 bounds [0x0000022f578a0000, 0x0000022f57b10000, 0x0000022f57e40000]
 total_blobs=8302 nmethods=7732 adapters=478
 compilation: enabled
              stopped_count=0, restarted_count=0
 full_count=0

Compilation events (20 events):
Event: 5.650 Thread 0x0000022f6e786000 nmethod 7701 0x0000022f5f7ff990 code [0x0000022f5f7ffb40, 0x0000022f5f7ffbd8]
Event: 5.650 Thread 0x0000022f6e786000 7706       1       org.jetbrains.kotlin.com.intellij.psi.stubs.PsiFileStubImpl::getPsi (5 bytes)
Event: 5.650 Thread 0x0000022f6e786000 nmethod 7706 0x0000022f5f7ffc90 code [0x0000022f5f7ffe40, 0x0000022f5f7ffef8]
Event: 5.650 Thread 0x0000022f6e786000 7707       1       org.jetbrains.kotlin.com.intellij.psi.impl.source.PsiJavaCodeReferenceElementImpl::hashCode (5 bytes)
Event: 5.650 Thread 0x0000022f6e786000 nmethod 7707 0x0000022f5f7fff90 code [0x0000022f5f800140, 0x0000022f5f8001f8]
Event: 5.650 Thread 0x0000022f6e786000 7710       3       org.jetbrains.kotlin.com.intellij.openapi.util.RecursionManager::access$000 (4 bytes)
Event: 5.651 Thread 0x0000022f6e786000 nmethod 7710 0x0000022f59160090 code [0x0000022f59160240, 0x0000022f59160338]
Event: 5.651 Thread 0x0000022f6e786000 7709       3       org.jetbrains.kotlin.com.intellij.psi.impl.source.PsiFileImpl::isValid (72 bytes)
Event: 5.651 Thread 0x0000022f6e786000 nmethod 7709 0x0000022f59160410 code [0x0000022f59160660, 0x0000022f59160f88]
Event: 5.651 Thread 0x0000022f6e786000 7708       1       org.jetbrains.kotlin.com.intellij.util.CachedValueBase$Data::access$300 (5 bytes)
Event: 5.651 Thread 0x0000022f6e786000 nmethod 7708 0x0000022f5f800290 code [0x0000022f5f800440, 0x0000022f5f8004d8]
Event: 5.651 Thread 0x0000022f6e786000 7711       3       org.jetbrains.kotlin.com.intellij.psi.impl.PsiManagerImpl::getModificationTracker (14 bytes)
Event: 5.651 Thread 0x0000022f6e786000 nmethod 7711 0x0000022f59161210 code [0x0000022f591613c0, 0x0000022f59161548]
Event: 5.651 Thread 0x0000022f6e786000 7712       3       org.jetbrains.kotlin.com.intellij.psi.impl.PsiModificationTrackerImpl::getModificationCount (8 bytes)
Event: 5.651 Thread 0x0000022f6e786000 nmethod 7712 0x0000022f59161610 code [0x0000022f591617c0, 0x0000022f59161988]
Event: 5.651 Thread 0x0000022f6e786000 7713       2       org.jetbrains.kotlin.com.intellij.psi.impl.source.tree.SharedImplUtil::countChildrenOfType (56 bytes)
Event: 5.652 Thread 0x0000022f6e786000 nmethod 7713 0x0000022f59161a90 code [0x0000022f59161c80, 0x0000022f59161f18]
Event: 5.652 Thread 0x0000022f6e786000 7714       1       org.jetbrains.kotlin.resolve.calls.inference.model.IncorporationConstraintPosition::getInitialConstraint (5 bytes)
Event: 5.652 Thread 0x0000022f6e786000 nmethod 7714 0x0000022f5f800590 code [0x0000022f5f800740, 0x0000022f5f8007f8]
Event: 5.652 Thread 0x0000022f6e786000 7715       3       org.jetbrains.kotlin.com.intellij.util.keyFMap.MapBackedFMap::get (18 bytes)

GC Heap History (18 events):
Event: 0.370 GC heap before
{Heap before GC invocations=0 (full 0):
 garbage-first heap   total 126976K, used 27648K [0x0000000084400000, 0x0000000100000000)
  region size 1024K, 24 young (24576K), 0 survivors (0K)
 Metaspace       used 12198K, capacity 12277K, committed 12544K, reserved 1060864K
  class space    used 1139K, capacity 1174K, committed 1280K, reserved 1048576K
}
Event: 0.373 GC heap after
{Heap after GC invocations=1 (full 0):
 garbage-first heap   total 126976K, used 6072K [0x0000000084400000, 0x0000000100000000)
  region size 1024K, 3 young (3072K), 3 survivors (3072K)
 Metaspace       used 12198K, capacity 12277K, committed 12544K, reserved 1060864K
  class space    used 1139K, capacity 1174K, committed 1280K, reserved 1048576K
}
Event: 0.811 GC heap before
{Heap before GC invocations=1 (full 0):
 garbage-first heap   total 126976K, used 43960K [0x0000000084400000, 0x0000000100000000)
  region size 1024K, 41 young (41984K), 3 survivors (3072K)
 Metaspace       used 20986K, capacity 21184K, committed 21248K, reserved 1069056K
  class space    used 2229K, capacity 2293K, committed 2304K, reserved 1048576K
}
Event: 0.820 GC heap after
{Heap after GC invocations=2 (full 0):
 garbage-first heap   total 126976K, used 9655K [0x0000000084400000, 0x0000000100000000)
  region size 1024K, 7 young (7168K), 7 survivors (7168K)
 Metaspace       used 20986K, capacity 21184K, committed 21248K, reserved 1069056K
  class space    used 2229K, capacity 2293K, committed 2304K, reserved 1048576K
}
Event: 1.531 GC heap before
{Heap before GC invocations=3 (full 0):
 garbage-first heap   total 126976K, used 73143K [0x0000000084400000, 0x0000000100000000)
  region size 1024K, 57 young (58368K), 7 survivors (7168K)
 Metaspace       used 30785K, capacity 31295K, committed 31484K, reserved 1077248K
  class space    used 3609K, capacity 3799K, committed 3840K, reserved 1048576K
}
Event: 1.548 GC heap after
{Heap after GC invocations=4 (full 0):
 garbage-first heap   total 126976K, used 24383K [0x0000000084400000, 0x0000000100000000)
  region size 1024K, 8 young (8192K), 8 survivors (8192K)
 Metaspace       used 30785K, capacity 31295K, committed 31484K, reserved 1077248K
  class space    used 3609K, capacity 3799K, committed 3840K, reserved 1048576K
}
Event: 1.765 GC heap before
{Heap before GC invocations=4 (full 0):
 garbage-first heap   total 126976K, used 46911K [0x0000000084400000, 0x0000000100000000)
  region size 1024K, 31 young (31744K), 8 survivors (8192K)
 Metaspace       used 35489K, capacity 35940K, committed 36048K, reserved 1081344K
  class space    used 4138K, capacity 4322K, committed 4352K, reserved 1048576K
}
Event: 1.779 GC heap after
{Heap after GC invocations=5 (full 0):
 garbage-first heap   total 126976K, used 25100K [0x0000000084400000, 0x0000000100000000)
  region size 1024K, 3 young (3072K), 3 survivors (3072K)
 Metaspace       used 35489K, capacity 35940K, committed 36048K, reserved 1081344K
  class space    used 4138K, capacity 4322K, committed 4352K, reserved 1048576K
}
Event: 2.357 GC heap before
{Heap before GC invocations=6 (full 0):
 garbage-first heap   total 126976K, used 74252K [0x0000000084400000, 0x0000000100000000)
  region size 1024K, 49 young (50176K), 3 survivors (3072K)
 Metaspace       used 44942K, capacity 45475K, committed 45648K, reserved 1089536K
  class space    used 5251K, capacity 5447K, committed 5504K, reserved 1048576K
}
Event: 2.366 GC heap after
{Heap after GC invocations=7 (full 0):
 garbage-first heap   total 166912K, used 31744K [0x0000000084400000, 0x0000000100000000)
  region size 1024K, 7 young (7168K), 7 survivors (7168K)
 Metaspace       used 44942K, capacity 45475K, committed 45648K, reserved 1089536K
  class space    used 5251K, capacity 5447K, committed 5504K, reserved 1048576K
}
Event: 3.206 GC heap before
{Heap before GC invocations=7 (full 0):
 garbage-first heap   total 166912K, used 95232K [0x0000000084400000, 0x0000000100000000)
  region size 1024K, 68 young (69632K), 7 survivors (7168K)
 Metaspace       used 50550K, capacity 51223K, committed 51408K, reserved 1095680K
  class space    used 5813K, capacity 6066K, committed 6144K, reserved 1048576K
}
Event: 3.221 GC heap after
{Heap after GC invocations=8 (full 0):
 garbage-first heap   total 166912K, used 39856K [0x0000000084400000, 0x0000000100000000)
  region size 1024K, 8 young (8192K), 8 survivors (8192K)
 Metaspace       used 50550K, capacity 51223K, committed 51408K, reserved 1095680K
  class space    used 5813K, capacity 6066K, committed 6144K, reserved 1048576K
}
Event: 4.356 GC heap before
{Heap before GC invocations=8 (full 0):
 garbage-first heap   total 166912K, used 104368K [0x0000000084400000, 0x0000000100000000)
  region size 1024K, 71 young (72704K), 8 survivors (8192K)
 Metaspace       used 54928K, capacity 55563K, committed 55888K, reserved 1099776K
  class space    used 6154K, capacity 6417K, committed 6528K, reserved 1048576K
}
Event: 4.381 GC heap after
{Heap after GC invocations=9 (full 0):
 garbage-first heap   total 166912K, used 52590K [0x0000000084400000, 0x0000000100000000)
  region size 1024K, 9 young (9216K), 9 survivors (9216K)
 Metaspace       used 54928K, capacity 55563K, committed 55888K, reserved 1099776K
  class space    used 6154K, capacity 6417K, committed 6528K, reserved 1048576K
}
Event: 4.873 GC heap before
{Heap before GC invocations=9 (full 0):
 garbage-first heap   total 166912K, used 111982K [0x0000000084400000, 0x0000000100000000)
  region size 1024K, 67 young (68608K), 9 survivors (9216K)
 Metaspace       used 55228K, capacity 55884K, committed 56144K, reserved 1099776K
  class space    used 6160K, capacity 6417K, committed 6528K, reserved 1048576K
}
Event: 4.896 GC heap after
{Heap after GC invocations=10 (full 0):
 garbage-first heap   total 166912K, used 62976K [0x0000000084400000, 0x0000000100000000)
  region size 1024K, 9 young (9216K), 9 survivors (9216K)
 Metaspace       used 55228K, capacity 55884K, committed 56144K, reserved 1099776K
  class space    used 6160K, capacity 6417K, committed 6528K, reserved 1048576K
}
Event: 5.219 GC heap before
{Heap before GC invocations=10 (full 0):
 garbage-first heap   total 166912K, used 118272K [0x0000000084400000, 0x0000000100000000)
  region size 1024K, 63 young (64512K), 9 survivors (9216K)
 Metaspace       used 56179K, capacity 56869K, committed 57040K, reserved 1099776K
  class space    used 6275K, capacity 6552K, committed 6656K, reserved 1048576K
}
Event: 5.241 GC heap after
{Heap after GC invocations=11 (full 0):
 garbage-first heap   total 218112K, used 71680K [0x0000000084400000, 0x0000000100000000)
  region size 1024K, 8 young (8192K), 8 survivors (8192K)
 Metaspace       used 56179K, capacity 56869K, committed 57040K, reserved 1099776K
  class space    used 6275K, capacity 6552K, committed 6656K, reserved 1048576K
}

Deoptimization events (20 events):
Event: 5.624 Thread 0x0000022f53f1b000 Uncommon trap: trap_request=0xffffff4d fr.pc=0x0000022f5f6f2564 relative=0x0000000000001284
Event: 5.624 Thread 0x0000022f53f1b000 Uncommon trap: reason=unstable_if action=reinterpret pc=0x0000022f5f6f2564 method=org.jetbrains.kotlin.resolve.DescriptorUtils.getFqNameSafeIfPossible(Lorg/jetbrains/kotlin/descriptors/DeclarationDescriptor;)Lorg/jetbrains/kotlin/name/FqName; @ 12 c2
Event: 5.624 Thread 0x0000022f53f1b000 DEOPT PACKING pc=0x0000022f5f6f2564 sp=0x000000ad58cfc110
Event: 5.624 Thread 0x0000022f53f1b000 DEOPT UNPACKING pc=0x0000022f578a822f sp=0x000000ad58cfc080 mode 2
Event: 5.624 Thread 0x0000022f53f1b000 Uncommon trap: trap_request=0xffffff4d fr.pc=0x0000022f5f71ec4c relative=0x000000000000076c
Event: 5.624 Thread 0x0000022f53f1b000 Uncommon trap: reason=unstable_if action=reinterpret pc=0x0000022f5f71ec4c method=org.jetbrains.kotlin.name.FqNameUnsafe.child(Lorg/jetbrains/kotlin/name/Name;)Lorg/jetbrains/kotlin/name/FqNameUnsafe; @ 13 c2
Event: 5.624 Thread 0x0000022f53f1b000 DEOPT PACKING pc=0x0000022f5f71ec4c sp=0x000000ad58cfc180
Event: 5.624 Thread 0x0000022f53f1b000 DEOPT UNPACKING pc=0x0000022f578a822f sp=0x000000ad58cfc0d0 mode 2
Event: 5.640 Thread 0x0000022f53f1b000 Uncommon trap: trap_request=0xffffffde fr.pc=0x0000022f5f7f6854 relative=0x00000000000000b4
Event: 5.640 Thread 0x0000022f53f1b000 Uncommon trap: reason=class_check action=maybe_recompile pc=0x0000022f5f7f6854 method=java.util.RegularEnumSet.contains(Ljava/lang/Object;)Z @ 38 c2
Event: 5.640 Thread 0x0000022f53f1b000 DEOPT PACKING pc=0x0000022f5f7f6854 sp=0x000000ad58cfa4a0
Event: 5.640 Thread 0x0000022f53f1b000 DEOPT UNPACKING pc=0x0000022f578a822f sp=0x000000ad58cfa428 mode 2
Event: 5.640 Thread 0x0000022f53f1b000 Uncommon trap: trap_request=0xffffffde fr.pc=0x0000022f5f7f6854 relative=0x00000000000000b4
Event: 5.640 Thread 0x0000022f53f1b000 Uncommon trap: reason=class_check action=maybe_recompile pc=0x0000022f5f7f6854 method=java.util.RegularEnumSet.contains(Ljava/lang/Object;)Z @ 38 c2
Event: 5.640 Thread 0x0000022f53f1b000 DEOPT PACKING pc=0x0000022f5f7f6854 sp=0x000000ad58cfa4a0
Event: 5.640 Thread 0x0000022f53f1b000 DEOPT UNPACKING pc=0x0000022f578a822f sp=0x000000ad58cfa428 mode 2
Event: 5.642 Thread 0x0000022f53f1b000 Uncommon trap: trap_request=0xffffff4d fr.pc=0x0000022f5f6d113c relative=0x000000000000017c
Event: 5.642 Thread 0x0000022f53f1b000 Uncommon trap: reason=unstable_if action=reinterpret pc=0x0000022f5f6d113c method=org.jetbrains.kotlin.resolve.DescriptorUtils.getFqNameSafeIfPossible(Lorg/jetbrains/kotlin/descriptors/DeclarationDescriptor;)Lorg/jetbrains/kotlin/name/FqName; @ 12 c2
Event: 5.642 Thread 0x0000022f53f1b000 DEOPT PACKING pc=0x0000022f5f6d113c sp=0x000000ad58cfc120
Event: 5.642 Thread 0x0000022f53f1b000 DEOPT UNPACKING pc=0x0000022f578a822f sp=0x000000ad58cfc0b8 mode 2

Classes redefined (0 events):
No events

Internal exceptions (20 events):
Event: 2.068 Thread 0x0000022f53f1b000 Exception <a 'java/lang/NoSuchMethodError'{0x000000008a2e0c90}: 'java.lang.Object java.lang.invoke.Invokers$Holder.linkToTargetMethod(java.lang.Object, int, java.lang.Object)'> (0x000000008a2e0c90) thrown at [./src/hotspot/share/interpreter/linkResolver.cpp, line 773]
Event: 2.092 Thread 0x0000022f53f1b000 Implicit null exception at 0x0000022f5f4ca8f0 to 0x0000022f5f4ca9b0
Event: 2.226 Thread 0x0000022f53f1b000 Exception <a 'java/lang/NoSuchMethodError'{0x00000000899c1298}: 'java.lang.Object java.lang.invoke.DirectMethodHandle$Holder.invokeStatic(java.lang.Object, java.lang.Object, java.lang.Object, int)'> (0x00000000899c1298) thrown at [./src/hotspot/share/interpreter/linkResolver.cpp, line 773]
Event: 2.226 Thread 0x0000022f53f1b000 Exception <a 'java/lang/NoSuchMethodError'{0x00000000899c4f08}: 'java.lang.Object java.lang.invoke.DirectMethodHandle$Holder.invokeSpecial(java.lang.Object, java.lang.Object, java.lang.Object, java.lang.Object, int)'> (0x00000000899c4f08) thrown at [./src/hotspot/share/interpreter/linkResolver.cpp, line 773]
Event: 2.226 Thread 0x0000022f53f1b000 Exception <a 'java/lang/NoSuchMethodError'{0x00000000899c8218}: 'java.lang.Object java.lang.invoke.Invokers$Holder.linkToTargetMethod(java.lang.Object, java.lang.Object, int, java.lang.Object)'> (0x00000000899c8218) thrown at [./src/hotspot/share/interpreter/linkResolver.cpp, line 773]
Event: 2.766 Thread 0x0000022f53f1b000 Implicit null exception at 0x0000022f5f50a378 to 0x0000022f5f50fca0
Event: 3.580 Thread 0x0000022f53f1b000 Exception <a 'java/lang/NoSuchMethodError'{0x000000008d478bf8}: 'java.lang.Object java.lang.invoke.DirectMethodHandle$Holder.invokeSpecial(java.lang.Object, java.lang.Object, java.lang.Object, java.lang.Object, java.lang.Object, java.lang.Object, java.lang.Object, java.lang.Object, java.lang.Object)'> (0x000000008d478bf8) thrown at [./src/hotspot/share/interpreter/linkResolver.cpp, line 773]
Event: 3.580 Thread 0x0000022f53f1b000 Exception <a 'java/lang/NoSuchMethodError'{0x000000008d47cdf0}: 'java.lang.Object java.lang.invoke.Invokers$Holder.linkToTargetMethod(java.lang.Object, java.lang.Object, java.lang.Object, java.lang.Object, java.lang.Object, java.lang.Object, java.lang.Object, java.lang.Object)'> (0x000000008d47cdf0) thrown at [./src/hotspot/share/interpreter/linkResolver.cpp, line 773]
Event: 3.742 Thread 0x0000022f53f1b000 Exception <a 'java/lang/NoSuchMethodError'{0x000000008cb8d518}: 'java.lang.Object java.lang.invoke.Invokers$Holder.linkToTargetMethod(java.lang.Object, java.lang.Object, java.lang.Object, java.lang.Object, java.lang.Object, java.lang.Object)'> (0x000000008cb8d518) thrown at [./src/hotspot/share/interpreter/linkResolver.cpp, line 773]
Event: 3.767 Thread 0x0000022f53f1b000 Implicit null exception at 0x0000022f5f4c894c to 0x0000022f5f4c8a28
Event: 3.973 Thread 0x0000022f53f1b000 Exception <a 'java/lang/NoSuchMethodError'{0x000000008c0f18e0}: 'java.lang.Object java.lang.invoke.DirectMethodHandle$Holder.invokeStaticInit(java.lang.Object, java.lang.Object, java.lang.Object)'> (0x000000008c0f18e0) thrown at [./src/hotspot/share/interpreter/linkResolver.cpp, line 773]
Event: 3.978 Thread 0x0000022f53f1b000 Exception <a 'java/lang/NoSuchMethodError'{0x000000008bf32110}: 'java.lang.Object java.lang.invoke.DirectMethodHandle$Holder.invokeStatic(java.lang.Object, int, java.lang.Object, java.lang.Object)'> (0x000000008bf32110) thrown at [./src/hotspot/share/interpreter/linkResolver.cpp, line 773]
Event: 3.979 Thread 0x0000022f53f1b000 Exception <a 'java/lang/NoSuchMethodError'{0x000000008bf3c5d8}: 'int java.lang.invoke.DirectMethodHandle$Holder.invokeInterface(java.lang.Object, java.lang.Object)'> (0x000000008bf3c5d8) thrown at [./src/hotspot/share/interpreter/linkResolver.cpp, line 773]
Event: 5.084 Thread 0x0000022f53f1b000 Implicit null exception at 0x0000022f5f774584 to 0x0000022f5f7759b4
Event: 5.116 Thread 0x0000022f53f1b000 Exception <a 'java/lang/NoSuchMethodError'{0x000000008bdcfb38}: 'int java.lang.invoke.DirectMethodHandle$Holder.invokeStaticInit(java.lang.Object, int)'> (0x000000008bdcfb38) thrown at [./src/hotspot/share/interpreter/linkResolver.cpp, line 773]
Event: 5.424 Thread 0x0000022f53f1b000 Exception <a 'java/lang/NoSuchMethodError'{0x000000008f94be58}: 'java.lang.Object java.lang.invoke.Invokers$Holder.linkToTargetMethod(java.lang.Object, java.lang.Object, java.lang.Object, int, int, java.lang.Object)'> (0x000000008f94be58) thrown at [./src/hotspot/share/interpreter/linkResolver.cpp, line 773]
Event: 5.457 Thread 0x0000022f53f1b000 Exception <a 'java/lang/NoSuchMethodError'{0x000000008f70ae20}: 'int java.lang.invoke.DirectMethodHandle$Holder.invokeVirtual(java.lang.Object, java.lang.Object, java.lang.Object)'> (0x000000008f70ae20) thrown at [./src/hotspot/share/interpreter/linkResolver.cpp, line 773]
Event: 5.542 Thread 0x0000022f53f1b000 Exception <a 'java/lang/NoSuchMethodError'{0x000000008f4e3028}: 'java.lang.Object java.lang.invoke.DirectMethodHandle$Holder.invokeSpecial(java.lang.Object, java.lang.Object, java.lang.Object, java.lang.Object, java.lang.Object, int)'> (0x000000008f4e3028) thrown at [./src/hotspot/share/interpreter/linkResolver.cpp, line 773]
Event: 5.542 Thread 0x0000022f53f1b000 Exception <a 'java/lang/NoSuchMethodError'{0x000000008f4e6e70}: 'java.lang.Object java.lang.invoke.Invokers$Holder.linkToTargetMethod(java.lang.Object, java.lang.Object, java.lang.Object, int, java.lang.Object)'> (0x000000008f4e6e70) thrown at [./src/hotspot/share/interpreter/linkResolver.cpp, line 773]
Event: 5.615 Thread 0x0000022f53f1b000 Exception <a 'java/lang/IncompatibleClassChangeError'{0x000000008f03e008}: Found class java.lang.Object, but interface was expected> (0x000000008f03e008) thrown at [./src/hotspot/share/interpreter/linkResolver.cpp, line 839]

Events (20 events):
Event: 5.623 loading class org/jetbrains/kotlin/resolve/calls/components/ImplicitInvokeCheckStatus
Event: 5.623 loading class org/jetbrains/kotlin/resolve/calls/components/ImplicitInvokeCheckStatus done
Event: 5.624 loading class org/jetbrains/kotlin/resolve/calls/context/CallPosition$PropertyAssignment
Event: 5.624 loading class org/jetbrains/kotlin/resolve/calls/context/CallPosition$PropertyAssignment done
Event: 5.624 loading class org/jetbrains/kotlin/resolve/calls/smartcasts/SmartCastUtilKt
Event: 5.624 loading class org/jetbrains/kotlin/resolve/calls/smartcasts/SmartCastUtilKt done
Event: 5.624 loading class org/jetbrains/kotlin/resolve/calls/smartcasts/SmartCastReceiverValue
Event: 5.624 loading class org/jetbrains/kotlin/resolve/calls/smartcasts/SmartCastReceiverValue done
Event: 5.625 loading class org/jetbrains/kotlin/resolve/calls/checkers/AdditionalTypeChecker$DefaultImpls
Event: 5.625 loading class org/jetbrains/kotlin/resolve/calls/checkers/AdditionalTypeChecker$DefaultImpls done
Event: 5.625 loading class org/jetbrains/kotlin/resolve/jvm/checkers/JavaNullabilityChecker$checkReceiver$dataFlowValue$2
Event: 5.625 loading class org/jetbrains/kotlin/resolve/jvm/checkers/JavaNullabilityChecker$checkReceiver$dataFlowValue$2 done
Event: 5.625 loading class org/jetbrains/kotlin/resolve/jvm/checkers/JavaNullabilityChecker$checkReceiver$3
Event: 5.625 loading class org/jetbrains/kotlin/resolve/jvm/checkers/JavaNullabilityChecker$checkReceiver$3 done
Event: 5.625 loading class org/jetbrains/kotlin/resolve/jvm/checkers/JavaNullabilityChecker$checkReceiver$4
Event: 5.625 loading class org/jetbrains/kotlin/resolve/jvm/checkers/JavaNullabilityChecker$checkReceiver$4 done
Event: 5.626 loading class org/jetbrains/kotlin/resolve/calls/smartcasts/IdentifierInfo$Qualified
Event: 5.626 loading class org/jetbrains/kotlin/resolve/calls/smartcasts/IdentifierInfo$Qualified done
Event: 5.627 loading class org/jetbrains/kotlin/load/java/typeEnhancement/EnhancedTypeAnnotationDescriptor
Event: 5.627 loading class org/jetbrains/kotlin/load/java/typeEnhancement/EnhancedTypeAnnotationDescriptor done


Dynamic libraries:
0x00007ff65e190000 - 0x00007ff65e19a000 	C:\Program Files\Android\Android Studio\jre\bin\java.exe
0x00007ff8643d0000 - 0x00007ff8645c5000 	C:\WINDOWS\SYSTEM32\ntdll.dll
0x00007ff863950000 - 0x00007ff863a0e000 	C:\WINDOWS\System32\KERNEL32.DLL
0x00007ff861c80000 - 0x00007ff861f49000 	C:\WINDOWS\System32\KERNELBASE.dll
0x00007ff862320000 - 0x00007ff862420000 	C:\WINDOWS\System32\ucrtbase.dll
0x00007ff859460000 - 0x00007ff859479000 	C:\Program Files\Android\Android Studio\jre\bin\jli.dll
0x00007ff855e90000 - 0x00007ff855ea7000 	C:\Program Files\Android\Android Studio\jre\bin\VCRUNTIME140.dll
0x00007ff863a10000 - 0x00007ff863bb1000 	C:\WINDOWS\System32\USER32.dll
0x00007ff861c50000 - 0x00007ff861c72000 	C:\WINDOWS\System32\win32u.dll
0x00007ff8631b0000 - 0x00007ff8631db000 	C:\WINDOWS\System32\GDI32.dll
0x00007ff861f50000 - 0x00007ff86205b000 	C:\WINDOWS\System32\gdi32full.dll
0x00007ff84c910000 - 0x00007ff84cbaa000 	C:\WINDOWS\WinSxS\amd64_microsoft.windows.common-controls_6595b64144ccf1df_6.0.19041.1110_none_60b5254171f9507e\COMCTL32.dll
0x00007ff862060000 - 0x00007ff8620fd000 	C:\WINDOWS\System32\msvcp_win.dll
0x00007ff863000000 - 0x00007ff86309e000 	C:\WINDOWS\System32\msvcrt.dll
0x00007ff863c70000 - 0x00007ff863ca0000 	C:\WINDOWS\System32\IMM32.DLL
0x00007ff82bac0000 - 0x00007ff82bb5d000 	C:\Program Files\Android\Android Studio\jre\bin\msvcp140.dll
0x00007ff811c60000 - 0x00007ff81271c000 	C:\Program Files\Android\Android Studio\jre\bin\server\jvm.dll
0x00007ff8630a0000 - 0x00007ff86314c000 	C:\WINDOWS\System32\ADVAPI32.dll
0x00007ff864160000 - 0x00007ff8641fb000 	C:\WINDOWS\System32\sechost.dll
0x00007ff862ed0000 - 0x00007ff862ffa000 	C:\WINDOWS\System32\RPCRT4.dll
0x00007ff863940000 - 0x00007ff863948000 	C:\WINDOWS\System32\PSAPI.DLL
0x00007ff85b4b0000 - 0x00007ff85b4d7000 	C:\WINDOWS\SYSTEM32\WINMM.dll
0x00007ff852650000 - 0x00007ff852659000 	C:\WINDOWS\SYSTEM32\WSOCK32.dll
0x00007ff863740000 - 0x00007ff8637ab000 	C:\WINDOWS\System32\WS2_32.dll
0x00007ff852f00000 - 0x00007ff852f0a000 	C:\WINDOWS\SYSTEM32\VERSION.dll
0x00007ff8605e0000 - 0x00007ff8605f2000 	C:\WINDOWS\SYSTEM32\kernel.appcore.dll
0x00007ff81e4b0000 - 0x00007ff81e4c1000 	C:\Program Files\Android\Android Studio\jre\bin\verify.dll
0x00007ff85fed0000 - 0x00007ff8600b4000 	C:\WINDOWS\SYSTEM32\DBGHELP.DLL
0x00007ff85b440000 - 0x00007ff85b46c000 	C:\WINDOWS\SYSTEM32\dbgcore.DLL
0x00007ff862260000 - 0x00007ff8622e3000 	C:\WINDOWS\System32\bcryptPrimitives.dll
0x00007ff81d8e0000 - 0x00007ff81d909000 	C:\Program Files\Android\Android Studio\jre\bin\java.dll
0x00007ff849fa0000 - 0x00007ff849fab000 	C:\Program Files\Android\Android Studio\jre\bin\jimage.dll
0x00007ff81d810000 - 0x00007ff81d828000 	C:\Program Files\Android\Android Studio\jre\bin\zip.dll
0x00007ff8626b0000 - 0x00007ff862def000 	C:\WINDOWS\System32\SHELL32.dll
0x00007ff85f590000 - 0x00007ff85fd20000 	C:\WINDOWS\SYSTEM32\windows.storage.dll
0x00007ff863d50000 - 0x00007ff8640a5000 	C:\WINDOWS\System32\combase.dll
0x00007ff861540000 - 0x00007ff86156c000 	C:\WINDOWS\SYSTEM32\Wldp.dll
0x00007ff863bc0000 - 0x00007ff863c6e000 	C:\WINDOWS\System32\SHCORE.dll
0x00007ff863150000 - 0x00007ff8631a5000 	C:\WINDOWS\System32\shlwapi.dll
0x00007ff861a30000 - 0x00007ff861a4f000 	C:\WINDOWS\SYSTEM32\profapi.dll
0x00007ff81d7e0000 - 0x00007ff81d7fa000 	C:\Program Files\Android\Android Studio\jre\bin\net.dll
0x00007ff858e70000 - 0x00007ff858f78000 	C:\WINDOWS\SYSTEM32\WINHTTP.dll
0x00007ff8612a0000 - 0x00007ff86130a000 	C:\WINDOWS\system32\mswsock.dll
0x00007ff81ba00000 - 0x00007ff81ba14000 	C:\Program Files\Android\Android Studio\jre\bin\nio.dll

dbghelp: loaded successfully - version: 4.0.5 - missing functions: none
symbol engine: initialized successfully - sym options: 0x614 - pdb path: .;C:\Program Files\Android\Android Studio\jre\bin;C:\WINDOWS\SYSTEM32;C:\WINDOWS\WinSxS\amd64_microsoft.windows.common-controls_6595b64144ccf1df_6.0.19041.1110_none_60b5254171f9507e;C:\Program Files\Android\Android Studio\jre\bin\server

VM Arguments:
java_command: org.jetbrains.kotlin.cli.jvm.K2JVMCompiler @C:\Users\LG\Desktop\SSAC\ThirdWeek\ThirdWeek\app\build\20210928_17866387743008219730.compiler.options
java_class_path (initial): C:\Users\LG\.gradle\caches\modules-2\files-2.1\org.jetbrains.kotlin\kotlin-compiler-embeddable\1.5.0\6e53e0ca3cf7eff1a4df71171c8f9604b983e1d6\kotlin-compiler-embeddable-1.5.0.jar;C:\Users\LG\.gradle\caches\modules-2\files-2.1\org.jetbrains.kotlin\kotlin-reflect\1.5.0\47806fe8ed30dbdf9e697eda5e9c9a3905ff3363\kotlin-reflect-1.5.0.jar;C:\Users\LG\.gradle\caches\modules-2\files-2.1\org.jetbrains.kotlin\kotlin-stdlib\1.5.0\29dae2501ca094416d15af0e21470cb634780444\kotlin-stdlib-1.5.0.jar;C:\Users\LG\.gradle\caches\modules-2\files-2.1\org.jetbrains.kotlin\kotlin-script-runtime\1.5.0\a2d66828077376fc1851a6fdbf25865935f4101d\kotlin-script-runtime-1.5.0.jar;C:\Users\LG\.gradle\caches\modules-2\files-2.1\org.jetbrains.kotlin\kotlin-daemon-embeddable\1.5.0\7f3567acfef59ff865a99a584d814bde87226dd5\kotlin-daemon-embeddable-1.5.0.jar;C:\Users\LG\.gradle\caches\modules-2\files-2.1\org.jetbrains.intellij.deps\trove4j\1.0.20181211\216c2e14b070f334479d800987affe4054cd563f\trove4j-1.0.20181211.jar;C:\Users\LG\.gradle\caches\modules-2\files-2.1\org.jetbrains\annotations\13.0\919f0dfe192fb4e063e7dacadee7f8bb9a2672a9\annotations-13.0.jar;C:\Users\LG\.gradle\caches\modules-2\files-2.1\org.jetbrains.kotlin\kotlin-stdlib-common\1.5.0\4080d69efca5e39e9b4972f125e40f1607bd6460\kotlin-stdlib-common-1.5.0.jar
Launcher Type: SUN_STANDARD

[Global flags]
     intx CICompilerCount                          = 4                                         {product} {ergonomic}
     uint ConcGCThreads                            = 2                                         {product} {ergonomic}
     uint G1ConcRefinementThreads                  = 8                                         {product} {ergonomic}
   size_t G1HeapRegionSize                         = 1048576                                   {product} {ergonomic}
    uintx GCDrainStackTargetSize                   = 64                                        {product} {ergonomic}
   size_t InitialHeapSize                          = 130023424                                 {product} {ergonomic}
   size_t MarkStackSize                            = 4194304                                   {product} {ergonomic}
   size_t MaxHeapSize                              = 2076180480                                {product} {ergonomic}
   size_t MaxNewSize                               = 1245708288                                {product} {ergonomic}
   size_t MinHeapDeltaBytes                        = 1048576                                   {product} {ergonomic}
    uintx NonNMethodCodeHeapSize                   = 5836300                                {pd product} {ergonomic}
    uintx NonProfiledCodeHeapSize                  = 122910970                              {pd product} {ergonomic}
    uintx ProfiledCodeHeapSize                     = 122910970                              {pd product} {ergonomic}
    uintx ReservedCodeCacheSize                    = 251658240                              {pd product} {ergonomic}
     bool SegmentedCodeCache                       = true                                      {product} {ergonomic}
     bool UseCompressedClassPointers               = true                                 {lp64_product} {ergonomic}
     bool UseCompressedOops                        = true                                 {lp64_product} {ergonomic}
     bool UseG1GC                                  = true                                      {product} {ergonomic}
     bool UseLargePagesIndividualAllocation        = false                                  {pd product} {ergonomic}

Logging:
Log output configuration:
 #0: stdout all=warning uptime,level,tags
 #1: stderr all=off uptime,level,tags

Environment Variables:
PATH=C:\Program Files\Common Files\Oracle\Java\javapath;C:\WINDOWS\system32;C:\WINDOWS;C:\WINDOWS\System32\Wbem;C:\WINDOWS\System32\WindowsPowerShell\v1.0\;C:\WINDOWS\System32\OpenSSH\;C:\Program Files\dotnet\;C:\Program Files\Microsoft SQL Server\130\Tools\Binn\;C:\Program Files\Microsoft SQL Server\Client SDK\ODBC\170\Tools\Binn\;C:\Program Files (x86)\dotnet\;C:\Program Files\Git\cmd;C:\Users\LG\AppData\Local\Microsoft\WindowsApps;C:\texlive\2020\bin\win32;C:\Users\LG\AppData\Local\atom\bin;C:\Users\LG\.dotnet\tools;C:\Program Files\JetBrains\IntelliJ IDEA Community Edition 2021.1.3\bin;;C:\Program Files\JetBrains\PyCharm Community Edition 2021.2\bin;
USERNAME=LG
OS=Windows_NT
PROCESSOR_IDENTIFIER=Intel64 Family 6 Model 140 Stepping 1, GenuineIntel



---------------  S Y S T E M  ---------------

OS: Windows 10 , 64 bit Build 19041 (10.0.19041.1202)
OS uptime: 0 days 1:29 hours

CPU:total 8 (initial active 8) (4 cores per cpu, 2 threads per core) family 6 model 140 stepping 1, cmov, cx8, fxsr, mmx, sse, sse2, sse3, ssse3, sse4.1, sse4.2, popcnt, avx, avx2, aes, clmul, erms, 3dnowpref, lzcnt, ht, tsc, tscinvbit, bmi1, bmi2, adx, evex, sha, fma

Memory: 4k page, system-wide physical 7916M (390M free)
TotalPageFile size 7916M (AvailPageFile size 20M)
current process WorkingSet (physical memory assigned to process): 383M, peak: 394M
current process commit charge ("private bytes"): 432M, peak: 446M

vm_info: OpenJDK 64-Bit Server VM (11.0.8+10-b944.6842174) for windows-amd64 JRE (11.0.8+10-b944.6842174), built on Sep 19 2020 01:11:42 by "builder" with MS VC++ 14.0 (VS2015)

END.
