#
# There is insufficient memory for the Java Runtime Environment to continue.
# Native memory allocation (mmap) failed to map 130023424 bytes for Failed to commit area from 0x0000000084400000 to 0x000000008c000000 of length 130023424.
# Possible reasons:
#   The system is out of physical RAM or swap space
#   The process is running with CompressedOops enabled, and the Java Heap may be blocking the growth of the native heap
# Possible solutions:
#   Reduce memory load on the system
#   Increase physical memory or swap space
#   Check if swap backing store is full
#   Decrease Java heap size (-Xmx/-Xms)
#   Decrease number of Java threads
#   Decrease Java thread stack sizes (-Xss)
#   Set larger code cache with -XX:ReservedCodeCacheSize=
# This output file may be truncated or incomplete.
#
#  Out of Memory Error (./src/hotspot/os/windows/os_windows.cpp:3303), pid=1704, tid=15332
#
# JRE version:  (11.0.8+10) (build )
# Java VM: OpenJDK 64-Bit Server VM (11.0.8+10-b944.6842174, mixed mode, sharing, tiered, compressed oops, g1 gc, windows-amd64)
# No core dump will be written. Minidumps are not enabled by default on client versions of Windows
#

---------------  S U M M A R Y ------------

Command Line: org.jetbrains.kotlin.cli.jvm.K2JVMCompiler @C:\Users\LG\Desktop\SSAC\ThirdWeek\ThirdWeek\app\build\20210928_5845208703903984746.compiler.options

Host: 11th Gen Intel(R) Core(TM) i5-1135G7 @ 2.40GHz, 8 cores, 7G,  Windows 10 , 64 bit Build 19041 (10.0.19041.1202)
Time: Tue Sep 28 16:31:14 2021 대한민국 표준시 elapsed time: 0 seconds (0d 0h 0m 0s)

---------------  T H R E A D  ---------------

Current thread (0x0000020e1c74b000):  JavaThread "Unknown thread" [_thread_in_vm, id=15332, stack(0x00000057b0700000,0x00000057b0800000)]

Stack: [0x00000057b0700000,0x00000057b0800000]
Native frames: (J=compiled Java code, j=interpreted, Vv=VM code, C=native code)
V  [jvm.dll+0x5de50a]
V  [jvm.dll+0x7122f5]
V  [jvm.dll+0x71384d]
V  [jvm.dll+0x713f03]
V  [jvm.dll+0x23e728]
V  [jvm.dll+0x5db9a4]
V  [jvm.dll+0x5d0ae5]
V  [jvm.dll+0x2fb20b]
V  [jvm.dll+0x2fb17a]
V  [jvm.dll+0x2fb052]
V  [jvm.dll+0x2fff16]
V  [jvm.dll+0x348743]
V  [jvm.dll+0x348e46]
V  [jvm.dll+0x348843]
V  [jvm.dll+0x2d5d68]
V  [jvm.dll+0x2d6f07]
V  [jvm.dll+0x6f11f7]
V  [jvm.dll+0x6f29ec]
V  [jvm.dll+0x355cb9]
V  [jvm.dll+0x6d4ade]
V  [jvm.dll+0x3bdfe3]
V  [jvm.dll+0x3c0201]
C  [jli.dll+0x5373]
C  [ucrtbase.dll+0x21bb2]
C  [KERNEL32.DLL+0x17034]
C  [ntdll.dll+0x52651]


---------------  P R O C E S S  ---------------

Threads class SMR info:
_java_thread_list=0x0000020e1c653870, length=0, elements={
}

Java Threads: ( => current thread )

Other Threads:
  0x0000020e1c762800 GCTaskThread "GC Thread#0" [stack: 0x00000057b0800000,0x00000057b0900000] [id=9792]
  0x0000020e1c791000 ConcurrentGCThread "G1 Main Marker" [stack: 0x00000057b0900000,0x00000057b0a00000] [id=11028]
  0x0000020e1c792800 ConcurrentGCThread "G1 Conc#0" [stack: 0x00000057b0a00000,0x00000057b0b00000] [id=11116]

[error occurred during error reporting (printing all threads), id 0xc0000005, EXCEPTION_ACCESS_VIOLATION (0xc0000005) at pc=0x00007ff825ba6357]

VM state:not at safepoint (not fully initialized)

VM Mutex/Monitor currently owned by a thread:  ([mutex/lock_event])
[0x0000020e1c7479d0] Heap_lock - owner thread: 0x0000020e1c74b000

Heap address: 0x0000000084400000, size: 1980 MB, Compressed Oops mode: Non-zero based: 0x0000000084400000
Narrow klass base: 0x0000000000000000, Narrow klass shift: 0

GC Heap History (0 events):
No events

Deoptimization events (0 events):
No events

Classes redefined (0 events):
No events

Internal exceptions (0 events):
No events

Events (1 events):
Event: 0.009 Loaded shared library C:\Program Files\Android\Android Studio\jre\bin\zip.dll


Dynamic libraries:
0x00007ff618f60000 - 0x00007ff618f6a000 	C:\Program Files\Android\Android Studio\jre\bin\java.exe
0x00007ff8643d0000 - 0x00007ff8645c5000 	C:\WINDOWS\SYSTEM32\ntdll.dll
0x00007ff863950000 - 0x00007ff863a0e000 	C:\WINDOWS\System32\KERNEL32.DLL
0x00007ff861c80000 - 0x00007ff861f49000 	C:\WINDOWS\System32\KERNELBASE.dll
0x00007ff862320000 - 0x00007ff862420000 	C:\WINDOWS\System32\ucrtbase.dll
0x00007ff836a30000 - 0x00007ff836a47000 	C:\Program Files\Android\Android Studio\jre\bin\VCRUNTIME140.dll
0x00007ff835da0000 - 0x00007ff835db9000 	C:\Program Files\Android\Android Studio\jre\bin\jli.dll
0x00007ff863a10000 - 0x00007ff863bb1000 	C:\WINDOWS\System32\USER32.dll
0x00007ff861c50000 - 0x00007ff861c72000 	C:\WINDOWS\System32\win32u.dll
0x00007ff8631b0000 - 0x00007ff8631db000 	C:\WINDOWS\System32\GDI32.dll
0x00007ff861f50000 - 0x00007ff86205b000 	C:\WINDOWS\System32\gdi32full.dll
0x00007ff84c910000 - 0x00007ff84cbaa000 	C:\WINDOWS\WinSxS\amd64_microsoft.windows.common-controls_6595b64144ccf1df_6.0.19041.1110_none_60b5254171f9507e\COMCTL32.dll
0x00007ff862060000 - 0x00007ff8620fd000 	C:\WINDOWS\System32\msvcp_win.dll
0x00007ff863000000 - 0x00007ff86309e000 	C:\WINDOWS\System32\msvcrt.dll
0x00007ff863c70000 - 0x00007ff863ca0000 	C:\WINDOWS\System32\IMM32.DLL
0x00007ff82a190000 - 0x00007ff82a22d000 	C:\Program Files\Android\Android Studio\jre\bin\msvcp140.dll
0x00007ff8258c0000 - 0x00007ff82637c000 	C:\Program Files\Android\Android Studio\jre\bin\server\jvm.dll
0x00007ff8630a0000 - 0x00007ff86314c000 	C:\WINDOWS\System32\ADVAPI32.dll
0x00007ff864160000 - 0x00007ff8641fb000 	C:\WINDOWS\System32\sechost.dll
0x00007ff862ed0000 - 0x00007ff862ffa000 	C:\WINDOWS\System32\RPCRT4.dll
0x00007ff863940000 - 0x00007ff863948000 	C:\WINDOWS\System32\PSAPI.DLL
0x00007ff85b4b0000 - 0x00007ff85b4d7000 	C:\WINDOWS\SYSTEM32\WINMM.dll
0x00007ff852d70000 - 0x00007ff852d79000 	C:\WINDOWS\SYSTEM32\WSOCK32.dll
0x00007ff852f00000 - 0x00007ff852f0a000 	C:\WINDOWS\SYSTEM32\VERSION.dll
0x00007ff863740000 - 0x00007ff8637ab000 	C:\WINDOWS\System32\WS2_32.dll
0x00007ff8605e0000 - 0x00007ff8605f2000 	C:\WINDOWS\SYSTEM32\kernel.appcore.dll
0x00007ff857890000 - 0x00007ff8578a1000 	C:\Program Files\Android\Android Studio\jre\bin\verify.dll
0x00007ff85fed0000 - 0x00007ff8600b4000 	C:\WINDOWS\SYSTEM32\DBGHELP.DLL
0x00007ff85b440000 - 0x00007ff85b46c000 	C:\WINDOWS\SYSTEM32\dbgcore.DLL
0x00007ff862260000 - 0x00007ff8622e3000 	C:\WINDOWS\System32\bcryptPrimitives.dll
0x00007ff84a150000 - 0x00007ff84a179000 	C:\Program Files\Android\Android Studio\jre\bin\java.dll
0x00007ff8577e0000 - 0x00007ff8577eb000 	C:\Program Files\Android\Android Studio\jre\bin\jimage.dll
0x00007ff8572d0000 - 0x00007ff8572e8000 	C:\Program Files\Android\Android Studio\jre\bin\zip.dll

dbghelp: loaded successfully - version: 4.0.5 - missing functions: none
symbol engine: initialized successfully - sym options: 0x614 - pdb path: .;C:\Program Files\Android\Android Studio\jre\bin;C:\WINDOWS\SYSTEM32;C:\WINDOWS\WinSxS\amd64_microsoft.windows.common-controls_6595b64144ccf1df_6.0.19041.1110_none_60b5254171f9507e;C:\Program Files\Android\Android Studio\jre\bin\server

VM Arguments:
java_command: org.jetbrains.kotlin.cli.jvm.K2JVMCompiler @C:\Users\LG\Desktop\SSAC\ThirdWeek\ThirdWeek\app\build\20210928_5845208703903984746.compiler.options
java_class_path (initial): C:\Users\LG\.gradle\caches\modules-2\files-2.1\org.jetbrains.kotlin\kotlin-compiler-embeddable\1.5.0\6e53e0ca3cf7eff1a4df71171c8f9604b983e1d6\kotlin-compiler-embeddable-1.5.0.jar;C:\Users\LG\.gradle\caches\modules-2\files-2.1\org.jetbrains.kotlin\kotlin-reflect\1.5.0\47806fe8ed30dbdf9e697eda5e9c9a3905ff3363\kotlin-reflect-1.5.0.jar;C:\Users\LG\.gradle\caches\modules-2\files-2.1\org.jetbrains.kotlin\kotlin-stdlib\1.5.0\29dae2501ca094416d15af0e21470cb634780444\kotlin-stdlib-1.5.0.jar;C:\Users\LG\.gradle\caches\modules-2\files-2.1\org.jetbrains.kotlin\kotlin-script-runtime\1.5.0\a2d66828077376fc1851a6fdbf25865935f4101d\kotlin-script-runtime-1.5.0.jar;C:\Users\LG\.gradle\caches\modules-2\files-2.1\org.jetbrains.kotlin\kotlin-daemon-embeddable\1.5.0\7f3567acfef59ff865a99a584d814bde87226dd5\kotlin-daemon-embeddable-1.5.0.jar;C:\Users\LG\.gradle\caches\modules-2\files-2.1\org.jetbrains.intellij.deps\trove4j\1.0.20181211\216c2e14b070f334479d800987affe4054cd563f\trove4j-1.0.20181211.jar;C:\Users\LG\.gradle\caches\modules-2\files-2.1\org.jetbrains\annotations\13.0\919f0dfe192fb4e063e7dacadee7f8bb9a2672a9\annotations-13.0.jar;C:\Users\LG\.gradle\caches\modules-2\files-2.1\org.jetbrains.kotlin\kotlin-stdlib-common\1.5.0\4080d69efca5e39e9b4972f125e40f1607bd6460\kotlin-stdlib-common-1.5.0.jar
Launcher Type: SUN_STANDARD

[Global flags]
     intx CICompilerCount                          = 4                                         {product} {ergonomic}
     uint ConcGCThreads                            = 2                                         {product} {ergonomic}
     uint G1ConcRefinementThreads                  = 8                                         {product} {ergonomic}
   size_t G1HeapRegionSize                         = 1048576                                   {product} {ergonomic}
    uintx GCDrainStackTargetSize                   = 64                                        {product} {ergonomic}
   size_t InitialHeapSize                          = 130023424                                 {product} {ergonomic}
   size_t MarkStackSize                            = 4194304                                   {product} {ergonomic}
   size_t MaxHeapSize                              = 2076180480                                {product} {ergonomic}
   size_t MinHeapDeltaBytes                        = 1048576                                   {product} {ergonomic}
    uintx NonNMethodCodeHeapSize                   = 5836300                                {pd product} {ergonomic}
    uintx NonProfiledCodeHeapSize                  = 122910970                              {pd product} {ergonomic}
    uintx ProfiledCodeHeapSize                     = 122910970                              {pd product} {ergonomic}
    uintx ReservedCodeCacheSize                    = 251658240                              {pd product} {ergonomic}
     bool SegmentedCodeCache                       = true                                      {product} {ergonomic}
     bool UseCompressedClassPointers               = true                                 {lp64_product} {ergonomic}
     bool UseCompressedOops                        = true                                 {lp64_product} {ergonomic}
     bool UseG1GC                                  = true                                      {product} {ergonomic}
     bool UseLargePagesIndividualAllocation        = false                                  {pd product} {ergonomic}

Logging:
Log output configuration:
 #0: stdout all=warning uptime,level,tags
 #1: stderr all=off uptime,level,tags

Environment Variables:
PATH=C:\Program Files\Common Files\Oracle\Java\javapath;C:\WINDOWS\system32;C:\WINDOWS;C:\WINDOWS\System32\Wbem;C:\WINDOWS\System32\WindowsPowerShell\v1.0\;C:\WINDOWS\System32\OpenSSH\;C:\Program Files\dotnet\;C:\Program Files\Microsoft SQL Server\130\Tools\Binn\;C:\Program Files\Microsoft SQL Server\Client SDK\ODBC\170\Tools\Binn\;C:\Program Files (x86)\dotnet\;C:\Program Files\Git\cmd;C:\Users\LG\AppData\Local\Microsoft\WindowsApps;C:\texlive\2020\bin\win32;C:\Users\LG\AppData\Local\atom\bin;C:\Users\LG\.dotnet\tools;C:\Program Files\JetBrains\IntelliJ IDEA Community Edition 2021.1.3\bin;;C:\Program Files\JetBrains\PyCharm Community Edition 2021.2\bin;
USERNAME=LG
OS=Windows_NT
PROCESSOR_IDENTIFIER=Intel64 Family 6 Model 140 Stepping 1, GenuineIntel



---------------  S Y S T E M  ---------------

OS: Windows 10 , 64 bit Build 19041 (10.0.19041.1202)
OS uptime: 0 days 0:28 hours

CPU:total 8 (initial active 8) (4 cores per cpu, 2 threads per core) family 6 model 140 stepping 1, cmov, cx8, fxsr, mmx, sse, sse2, sse3, ssse3, sse4.1, sse4.2, popcnt, avx, avx2, aes, clmul, erms, 3dnowpref, lzcnt, ht, tsc, tscinvbit, bmi1, bmi2, adx, evex, sha, fma

Memory: 4k page, system-wide physical 7916M (632M free)
TotalPageFile size 7916M (AvailPageFile size 19M)
current process WorkingSet (physical memory assigned to process): 10M, peak: 10M
current process commit charge ("private bytes"): 59M, peak: 183M

vm_info: OpenJDK 64-Bit Server VM (11.0.8+10-b944.6842174) for windows-amd64 JRE (11.0.8+10-b944.6842174), built on Sep 19 2020 01:11:42 by "builder" with MS VC++ 14.0 (VS2015)

END.
