#
# There is insufficient memory for the Java Runtime Environment to continue.
# Native memory allocation (malloc) failed to allocate 1607056 bytes for Chunk::new
# Possible reasons:
#   The system is out of physical RAM or swap space
#   The process is running with CompressedOops enabled, and the Java Heap may be blocking the growth of the native heap
# Possible solutions:
#   Reduce memory load on the system
#   Increase physical memory or swap space
#   Check if swap backing store is full
#   Decrease Java heap size (-Xmx/-Xms)
#   Decrease number of Java threads
#   Decrease Java thread stack sizes (-Xss)
#   Set larger code cache with -XX:ReservedCodeCacheSize=
#   JVM is running with Unscaled Compressed Oops mode in which the Java heap is
#     placed in the first 4GB address space. The Java Heap base address is the
#     maximum limit for the native heap growth. Please use -XX:HeapBaseMinAddress
#     to set the Java Heap base and to place the Java Heap above 4GB virtual address.
# This output file may be truncated or incomplete.
#
#  Out of Memory Error (./src/hotspot/share/memory/arena.cpp:197), pid=6456, tid=17308
#
# JRE version: OpenJDK Runtime Environment (11.0.8+10) (build 11.0.8+10-b944.6842174)
# Java VM: OpenJDK 64-Bit Server VM (11.0.8+10-b944.6842174, mixed mode, tiered, compressed oops, g1 gc, windows-amd64)
# No core dump will be written. Minidumps are not enabled by default on client versions of Windows
#

---------------  S U M M A R Y ------------

Command Line: org.jetbrains.kotlin.cli.jvm.K2JVMCompiler @C:\Users\LG\Desktop\SSAC\ThirdWeek\ThirdWeek\app\build\20210928_4473656692535574848.compiler.options

Host: 11th Gen Intel(R) Core(TM) i5-1135G7 @ 2.40GHz, 8 cores, 7G,  Windows 10 , 64 bit Build 19041 (10.0.19041.1202)
Time: Tue Sep 28 16:40:36 2021 대한민국 표준시 elapsed time: 8 seconds (0d 0h 0m 8s)

---------------  T H R E A D  ---------------

Current thread (0x0000024fb8b68000):  JavaThread "C2 CompilerThread2" daemon [_thread_in_native, id=17308, stack(0x00000078a8100000,0x00000078a8200000)]


Current CompileTask:
C2:   8490 12641       4       org.jetbrains.kotlin.resolve.calls.tower.TowerResolver$Task::process (50 bytes)

Stack: [0x00000078a8100000,0x00000078a8200000]
Native frames: (J=compiled Java code, j=interpreted, Vv=VM code, C=native code)
V  [jvm.dll+0x5de50a]
V  [jvm.dll+0x7122f5]
V  [jvm.dll+0x71384d]
V  [jvm.dll+0x713f03]
V  [jvm.dll+0x23e728]
V  [jvm.dll+0xb899c]
V  [jvm.dll+0xb8e9c]
V  [jvm.dll+0x35020b]
V  [jvm.dll+0x31dea3]
V  [jvm.dll+0x31d39a]
V  [jvm.dll+0x1f7702]
V  [jvm.dll+0x1f68d4]
V  [jvm.dll+0x17f32c]
V  [jvm.dll+0x205047]
V  [jvm.dll+0x203891]
V  [jvm.dll+0x6dad3f]
V  [jvm.dll+0x6d3895]
V  [jvm.dll+0x5dd4a6]
C  [ucrtbase.dll+0x21bb2]
C  [KERNEL32.DLL+0x17034]
C  [ntdll.dll+0x52651]


---------------  P R O C E S S  ---------------

Threads class SMR info:
_java_thread_list=0x0000024fb8b19030, length=12, elements={
0x0000024f9c04b000, 0x0000024fb8092000, 0x0000024fb8095800, 0x0000024fb80bf000,
0x0000024fb80c1000, 0x0000024fb80c2000, 0x0000024fb80c3800, 0x0000024fb89a9800,
0x0000024fb8b0a800, 0x0000024fb8b1a800, 0x0000024fb8b0d800, 0x0000024fb8b68000
}

Java Threads: ( => current thread )
  0x0000024f9c04b000 JavaThread "main" [_thread_in_Java, id=3540, stack(0x00000078a6f00000,0x00000078a7000000)]
  0x0000024fb8092000 JavaThread "Reference Handler" daemon [_thread_blocked, id=11720, stack(0x00000078a7600000,0x00000078a7700000)]
  0x0000024fb8095800 JavaThread "Finalizer" daemon [_thread_blocked, id=14968, stack(0x00000078a7700000,0x00000078a7800000)]
  0x0000024fb80bf000 JavaThread "Signal Dispatcher" daemon [_thread_blocked, id=2760, stack(0x00000078a7800000,0x00000078a7900000)]
  0x0000024fb80c1000 JavaThread "Attach Listener" daemon [_thread_blocked, id=1680, stack(0x00000078a7900000,0x00000078a7a00000)]
  0x0000024fb80c2000 JavaThread "C2 CompilerThread0" daemon [_thread_in_native, id=8632, stack(0x00000078a7a00000,0x00000078a7b00000)]
  0x0000024fb80c3800 JavaThread "C1 CompilerThread0" daemon [_thread_in_native, id=16320, stack(0x00000078a7b00000,0x00000078a7c00000)]
  0x0000024fb89a9800 JavaThread "Sweeper thread" daemon [_thread_blocked, id=9068, stack(0x00000078a7c00000,0x00000078a7d00000)]
  0x0000024fb8b0a800 JavaThread "Service Thread" daemon [_thread_blocked, id=4992, stack(0x00000078a7d00000,0x00000078a7e00000)]
  0x0000024fb8b1a800 JavaThread "Common-Cleaner" daemon [_thread_blocked, id=15124, stack(0x00000078a7f00000,0x00000078a8000000)]
  0x0000024fb8b0d800 JavaThread "C2 CompilerThread1" daemon [_thread_in_native, id=16168, stack(0x00000078a8000000,0x00000078a8100000)]
=>0x0000024fb8b68000 JavaThread "C2 CompilerThread2" daemon [_thread_in_native, id=17308, stack(0x00000078a8100000,0x00000078a8200000)]

Other Threads:
  0x0000024fb806a000 VMThread "VM Thread" [stack: 0x00000078a7500000,0x00000078a7600000] [id=10784]
  0x0000024fb8b0b800 WatcherThread [stack: 0x00000078a7e00000,0x00000078a7f00000] [id=14676]
  0x0000024f9c062800 GCTaskThread "GC Thread#0" [stack: 0x00000078a7000000,0x00000078a7100000] [id=2884]
  0x0000024fb918f800 GCTaskThread "GC Thread#1" [stack: 0x00000078a8200000,0x00000078a8300000] [id=2640]
  0x0000024fbd7b2800 GCTaskThread "GC Thread#2" [stack: 0x00000078a8400000,0x00000078a8500000] [id=8188]
  0x0000024fbd870800 GCTaskThread "GC Thread#3" [stack: 0x00000078a8600000,0x00000078a8700000] [id=3696]
  0x0000024f9c091000 ConcurrentGCThread "G1 Main Marker" [stack: 0x00000078a7100000,0x00000078a7200000] [id=12248]
  0x0000024f9c092800 ConcurrentGCThread "G1 Conc#0" [stack: 0x00000078a7200000,0x00000078a7300000] [id=12584]
  0x0000024fb9281800 ConcurrentGCThread "G1 Conc#1" [stack: 0x00000078a8300000,0x00000078a8400000] [id=6952]
  0x0000024f9c122000 ConcurrentGCThread "G1 Refine#0" [stack: 0x00000078a7300000,0x00000078a7400000] [id=4960]
  0x0000024fb8aa7800 ConcurrentGCThread "G1 Refine#1" [stack: 0x00000078a8500000,0x00000078a8600000] [id=2744]
  0x0000024f9c124000 ConcurrentGCThread "G1 Young RemSet Sampling" [stack: 0x00000078a7400000,0x00000078a7500000] [id=7592]

Threads with active compile tasks:
C2 CompilerThread0   8505 12510       4       org.jetbrains.kotlin.resolve.calls.tower.TowerResolver$Task::run$processScope (243 bytes)
C1 CompilerThread0   8505 12794       3       org.jetbrains.kotlin.types.TypeSubstitutor::unsafeSubstitute (769 bytes)
C2 CompilerThread1   8505 12708       4       org.jetbrains.kotlin.parcelize.ParcelizeResolveExtension::generateSyntheticMethods (547 bytes)
C2 CompilerThread2   8505 12641       4       org.jetbrains.kotlin.resolve.calls.tower.TowerResolver$Task::process (50 bytes)

VM state:not at safepoint (normal execution)

VM Mutex/Monitor currently owned by a thread: None

Heap address: 0x0000000084400000, size: 1980 MB, Compressed Oops mode: 32-bit
Narrow klass base: 0x0000000000000000, Narrow klass shift: 3
Compressed class space size: 1073741824 Address: 0x0000000100000000

Heap:
 garbage-first heap   total 210944K, used 134058K [0x0000000084400000, 0x0000000100000000)
  region size 1024K, 49 young (50176K), 8 survivors (8192K)
 Metaspace       used 67695K, capacity 68917K, committed 69212K, reserved 1110016K
  class space    used 7431K, capacity 7820K, committed 7936K, reserved 1048576K
Heap Regions: E=young(eden), S=young(survivor), O=old, HS=humongous(starts), HC=humongous(continues), CS=collection set, F=free, A=archive, TAMS=top-at-mark-start (previous, next)
|   0|0x0000000084400000, 0x0000000084500000, 0x0000000084500000|100%|HS|  |TAMS 0x0000000084500000, 0x0000000084400000| Complete 
|   1|0x0000000084500000, 0x0000000084600000, 0x0000000084600000|100%|HC|  |TAMS 0x0000000084600000, 0x0000000084500000| Complete 
|   2|0x0000000084600000, 0x0000000084700000, 0x0000000084700000|100%|HC|  |TAMS 0x0000000084700000, 0x0000000084600000| Complete 
|   3|0x0000000084700000, 0x0000000084800000, 0x0000000084800000|100%|HS|  |TAMS 0x0000000084800000, 0x0000000084700000| Complete 
|   4|0x0000000084800000, 0x0000000084900000, 0x0000000084900000|100%|HC|  |TAMS 0x0000000084900000, 0x0000000084800000| Complete 
|   5|0x0000000084900000, 0x0000000084a00000, 0x0000000084a00000|100%|HC|  |TAMS 0x0000000084a00000, 0x0000000084900000| Complete 
|   6|0x0000000084a00000, 0x0000000084b00000, 0x0000000084b00000|100%|HS|  |TAMS 0x0000000084b00000, 0x0000000084a00000| Complete 
|   7|0x0000000084b00000, 0x0000000084c00000, 0x0000000084c00000|100%|HC|  |TAMS 0x0000000084c00000, 0x0000000084b00000| Complete 
|   8|0x0000000084c00000, 0x0000000084d00000, 0x0000000084d00000|100%|HC|  |TAMS 0x0000000084d00000, 0x0000000084c00000| Complete 
|   9|0x0000000084d00000, 0x0000000084e00000, 0x0000000084e00000|100%| O|  |TAMS 0x0000000084e00000, 0x0000000084d00000| Untracked 
|  10|0x0000000084e00000, 0x0000000084f00000, 0x0000000084f00000|100%| O|  |TAMS 0x0000000084f00000, 0x0000000084e00000| Untracked 
|  11|0x0000000084f00000, 0x0000000085000000, 0x0000000085000000|100%| O|  |TAMS 0x0000000085000000, 0x0000000084f00000| Untracked 
|  12|0x0000000085000000, 0x0000000085100000, 0x0000000085100000|100%| O|  |TAMS 0x0000000085100000, 0x0000000085000000| Untracked 
|  13|0x0000000085100000, 0x0000000085200000, 0x0000000085200000|100%|HS|  |TAMS 0x0000000085200000, 0x0000000085100000| Complete 
|  14|0x0000000085200000, 0x0000000085300000, 0x0000000085300000|100%|HC|  |TAMS 0x0000000085300000, 0x0000000085200000| Complete 
|  15|0x0000000085300000, 0x0000000085400000, 0x0000000085400000|100%| O|  |TAMS 0x0000000085400000, 0x0000000085300000| Untracked 
|  16|0x0000000085400000, 0x0000000085500000, 0x0000000085500000|100%| O|  |TAMS 0x0000000085500000, 0x0000000085400000| Untracked 
|  17|0x0000000085500000, 0x0000000085600000, 0x0000000085600000|100%| O|  |TAMS 0x0000000085600000, 0x0000000085500000| Untracked 
|  18|0x0000000085600000, 0x0000000085700000, 0x0000000085700000|100%| O|  |TAMS 0x0000000085700000, 0x0000000085600000| Untracked 
|  19|0x0000000085700000, 0x0000000085800000, 0x0000000085800000|100%| O|  |TAMS 0x0000000085800000, 0x0000000085700000| Untracked 
|  20|0x0000000085800000, 0x0000000085900000, 0x0000000085900000|100%| O|  |TAMS 0x0000000085900000, 0x0000000085800000| Untracked 
|  21|0x0000000085900000, 0x0000000085a00000, 0x0000000085a00000|100%| O|  |TAMS 0x0000000085a00000, 0x0000000085900000| Untracked 
|  22|0x0000000085a00000, 0x0000000085b00000, 0x0000000085b00000|100%| O|  |TAMS 0x0000000085b00000, 0x0000000085a00000| Untracked 
|  23|0x0000000085b00000, 0x0000000085c00000, 0x0000000085c00000|100%| O|  |TAMS 0x0000000085c00000, 0x0000000085b00000| Untracked 
|  24|0x0000000085c00000, 0x0000000085d00000, 0x0000000085d00000|100%| O|  |TAMS 0x0000000085d00000, 0x0000000085c00000| Untracked 
|  25|0x0000000085d00000, 0x0000000085e00000, 0x0000000085e00000|100%| O|  |TAMS 0x0000000085e00000, 0x0000000085d00000| Untracked 
|  26|0x0000000085e00000, 0x0000000085f00000, 0x0000000085f00000|100%| O|  |TAMS 0x0000000085f00000, 0x0000000085e00000| Untracked 
|  27|0x0000000085f00000, 0x0000000086000000, 0x0000000086000000|100%| O|  |TAMS 0x0000000086000000, 0x0000000085f00000| Untracked 
|  28|0x0000000086000000, 0x0000000086100000, 0x0000000086100000|100%| O|  |TAMS 0x0000000086100000, 0x0000000086000000| Untracked 
|  29|0x0000000086100000, 0x0000000086200000, 0x0000000086200000|100%| O|  |TAMS 0x0000000086200000, 0x0000000086100000| Untracked 
|  30|0x0000000086200000, 0x0000000086300000, 0x0000000086300000|100%| O|  |TAMS 0x0000000086300000, 0x0000000086200000| Untracked 
|  31|0x0000000086300000, 0x0000000086400000, 0x0000000086400000|100%| O|  |TAMS 0x0000000086400000, 0x0000000086300000| Untracked 
|  32|0x0000000086400000, 0x0000000086500000, 0x0000000086500000|100%| O|  |TAMS 0x0000000086500000, 0x0000000086400000| Untracked 
|  33|0x0000000086500000, 0x0000000086600000, 0x0000000086600000|100%| O|  |TAMS 0x0000000086600000, 0x0000000086500000| Untracked 
|  34|0x0000000086600000, 0x0000000086700000, 0x0000000086700000|100%| O|  |TAMS 0x0000000086700000, 0x0000000086600000| Untracked 
|  35|0x0000000086700000, 0x0000000086800000, 0x0000000086800000|100%| O|  |TAMS 0x0000000086800000, 0x0000000086700000| Untracked 
|  36|0x0000000086800000, 0x0000000086900000, 0x0000000086900000|100%| O|  |TAMS 0x0000000086900000, 0x0000000086800000| Untracked 
|  37|0x0000000086900000, 0x0000000086a00000, 0x0000000086a00000|100%| O|  |TAMS 0x0000000086a00000, 0x0000000086900000| Untracked 
|  38|0x0000000086a00000, 0x0000000086b00000, 0x0000000086b00000|100%| O|  |TAMS 0x0000000086b00000, 0x0000000086a00000| Untracked 
|  39|0x0000000086b00000, 0x0000000086c00000, 0x0000000086c00000|100%| O|  |TAMS 0x0000000086c00000, 0x0000000086b00000| Untracked 
|  40|0x0000000086c00000, 0x0000000086d00000, 0x0000000086d00000|100%| O|  |TAMS 0x0000000086d00000, 0x0000000086c00000| Untracked 
|  41|0x0000000086d00000, 0x0000000086e00000, 0x0000000086e00000|100%| O|  |TAMS 0x0000000086e00000, 0x0000000086d00000| Untracked 
|  42|0x0000000086e00000, 0x0000000086f00000, 0x0000000086f00000|100%| O|  |TAMS 0x0000000086f00000, 0x0000000086e00000| Untracked 
|  43|0x0000000086f00000, 0x0000000087000000, 0x0000000087000000|100%| O|  |TAMS 0x0000000087000000, 0x0000000086f00000| Untracked 
|  44|0x0000000087000000, 0x0000000087100000, 0x0000000087100000|100%| O|  |TAMS 0x0000000087100000, 0x0000000087000000| Untracked 
|  45|0x0000000087100000, 0x0000000087200000, 0x0000000087200000|100%| O|  |TAMS 0x0000000087200000, 0x0000000087100000| Untracked 
|  46|0x0000000087200000, 0x0000000087300000, 0x0000000087300000|100%| O|  |TAMS 0x0000000087300000, 0x0000000087200000| Untracked 
|  47|0x0000000087300000, 0x0000000087400000, 0x0000000087400000|100%| O|  |TAMS 0x0000000087400000, 0x0000000087300000| Untracked 
|  48|0x0000000087400000, 0x0000000087500000, 0x0000000087500000|100%| O|  |TAMS 0x0000000087500000, 0x0000000087400000| Untracked 
|  49|0x0000000087500000, 0x0000000087600000, 0x0000000087600000|100%| O|  |TAMS 0x0000000087600000, 0x0000000087500000| Untracked 
|  50|0x0000000087600000, 0x0000000087700000, 0x0000000087700000|100%| O|  |TAMS 0x0000000087700000, 0x0000000087600000| Untracked 
|  51|0x0000000087700000, 0x0000000087800000, 0x0000000087800000|100%| O|  |TAMS 0x0000000087800000, 0x0000000087700000| Untracked 
|  52|0x0000000087800000, 0x0000000087900000, 0x0000000087900000|100%| O|  |TAMS 0x0000000087900000, 0x0000000087800000| Untracked 
|  53|0x0000000087900000, 0x0000000087a00000, 0x0000000087a00000|100%| O|  |TAMS 0x0000000087a00000, 0x0000000087900000| Untracked 
|  54|0x0000000087a00000, 0x0000000087b00000, 0x0000000087b00000|100%| O|  |TAMS 0x0000000087b00000, 0x0000000087a00000| Untracked 
|  55|0x0000000087b00000, 0x0000000087c00000, 0x0000000087c00000|100%| O|  |TAMS 0x0000000087c00000, 0x0000000087b00000| Untracked 
|  56|0x0000000087c00000, 0x0000000087d00000, 0x0000000087d00000|100%| O|  |TAMS 0x0000000087d00000, 0x0000000087c00000| Untracked 
|  57|0x0000000087d00000, 0x0000000087e00000, 0x0000000087e00000|100%| O|  |TAMS 0x0000000087e00000, 0x0000000087d00000| Untracked 
|  58|0x0000000087e00000, 0x0000000087f00000, 0x0000000087f00000|100%| O|  |TAMS 0x0000000087f00000, 0x0000000087e00000| Untracked 
|  59|0x0000000087f00000, 0x0000000088000000, 0x0000000088000000|100%| O|  |TAMS 0x0000000088000000, 0x0000000087f00000| Untracked 
|  60|0x0000000088000000, 0x0000000088100000, 0x0000000088100000|100%| O|  |TAMS 0x0000000088100000, 0x0000000088000000| Untracked 
|  61|0x0000000088100000, 0x0000000088200000, 0x0000000088200000|100%| O|  |TAMS 0x0000000088200000, 0x0000000088100000| Untracked 
|  62|0x0000000088200000, 0x0000000088300000, 0x0000000088300000|100%| O|  |TAMS 0x0000000088300000, 0x0000000088200000| Untracked 
|  63|0x0000000088300000, 0x0000000088400000, 0x0000000088400000|100%| O|  |TAMS 0x0000000088400000, 0x0000000088300000| Untracked 
|  64|0x0000000088400000, 0x0000000088500000, 0x0000000088500000|100%| O|  |TAMS 0x0000000088500000, 0x0000000088400000| Untracked 
|  65|0x0000000088500000, 0x0000000088600000, 0x0000000088600000|100%| O|  |TAMS 0x0000000088600000, 0x0000000088500000| Untracked 
|  66|0x0000000088600000, 0x0000000088700000, 0x0000000088700000|100%| O|  |TAMS 0x0000000088700000, 0x0000000088600000| Untracked 
|  67|0x0000000088700000, 0x0000000088800000, 0x0000000088800000|100%| O|  |TAMS 0x0000000088800000, 0x0000000088700000| Untracked 
|  68|0x0000000088800000, 0x0000000088900000, 0x0000000088900000|100%| O|  |TAMS 0x0000000088900000, 0x0000000088800000| Untracked 
|  69|0x0000000088900000, 0x0000000088a00000, 0x0000000088a00000|100%| O|  |TAMS 0x0000000088a00000, 0x0000000088900000| Untracked 
|  70|0x0000000088a00000, 0x0000000088b00000, 0x0000000088b00000|100%|HS|  |TAMS 0x0000000088b00000, 0x0000000088a00000| Complete 
|  71|0x0000000088b00000, 0x0000000088c00000, 0x0000000088c00000|100%|HC|  |TAMS 0x0000000088c00000, 0x0000000088b00000| Complete 
|  72|0x0000000088c00000, 0x0000000088d00000, 0x0000000088d00000|100%| O|  |TAMS 0x0000000088d00000, 0x0000000088c00000| Untracked 
|  73|0x0000000088d00000, 0x0000000088e00000, 0x0000000088e00000|100%| O|  |TAMS 0x0000000088e00000, 0x0000000088d00000| Untracked 
|  74|0x0000000088e00000, 0x0000000088e00000, 0x0000000088f00000|  0%| F|  |TAMS 0x0000000088e00000, 0x0000000088e00000| Untracked 
|  75|0x0000000088f00000, 0x0000000089000000, 0x0000000089000000|100%| O|  |TAMS 0x0000000088f00000, 0x0000000088f00000| Untracked 
|  76|0x0000000089000000, 0x0000000089100000, 0x0000000089100000|100%| O|  |TAMS 0x0000000089000000, 0x0000000089000000| Untracked 
|  77|0x0000000089100000, 0x0000000089200000, 0x0000000089200000|100%| O|  |TAMS 0x0000000089100000, 0x0000000089100000| Untracked 
|  78|0x0000000089200000, 0x0000000089300000, 0x0000000089300000|100%| O|  |TAMS 0x0000000089200000, 0x0000000089200000| Untracked 
|  79|0x0000000089300000, 0x0000000089400000, 0x0000000089400000|100%| O|  |TAMS 0x0000000089300000, 0x0000000089300000| Untracked 
|  80|0x0000000089400000, 0x0000000089500000, 0x0000000089500000|100%| O|  |TAMS 0x0000000089400000, 0x0000000089400000| Untracked 
|  81|0x0000000089500000, 0x0000000089600000, 0x0000000089600000|100%| O|  |TAMS 0x0000000089500000, 0x0000000089500000| Untracked 
|  82|0x0000000089600000, 0x0000000089700000, 0x0000000089700000|100%| O|  |TAMS 0x0000000089600000, 0x0000000089600000| Untracked 
|  83|0x0000000089700000, 0x0000000089800000, 0x0000000089800000|100%| O|  |TAMS 0x0000000089700000, 0x0000000089700000| Untracked 
|  84|0x0000000089800000, 0x000000008982c600, 0x0000000089900000| 17%| O|  |TAMS 0x0000000089800000, 0x0000000089800000| Untracked 
|  85|0x0000000089900000, 0x0000000089900000, 0x0000000089a00000|  0%| F|  |TAMS 0x0000000089900000, 0x0000000089900000| Untracked 
|  86|0x0000000089a00000, 0x0000000089a00000, 0x0000000089b00000|  0%| F|  |TAMS 0x0000000089a00000, 0x0000000089a00000| Untracked 
|  87|0x0000000089b00000, 0x0000000089b00000, 0x0000000089c00000|  0%| F|  |TAMS 0x0000000089b00000, 0x0000000089b00000| Untracked 
|  88|0x0000000089c00000, 0x0000000089c00000, 0x0000000089d00000|  0%| F|  |TAMS 0x0000000089c00000, 0x0000000089c00000| Untracked 
|  89|0x0000000089d00000, 0x0000000089d00000, 0x0000000089e00000|  0%| F|  |TAMS 0x0000000089d00000, 0x0000000089d00000| Untracked 
|  90|0x0000000089e00000, 0x0000000089e00000, 0x0000000089f00000|  0%| F|  |TAMS 0x0000000089e00000, 0x0000000089e00000| Untracked 
|  91|0x0000000089f00000, 0x0000000089f00000, 0x000000008a000000|  0%| F|  |TAMS 0x0000000089f00000, 0x0000000089f00000| Untracked 
|  92|0x000000008a000000, 0x000000008a000000, 0x000000008a100000|  0%| F|  |TAMS 0x000000008a000000, 0x000000008a000000| Untracked 
|  93|0x000000008a100000, 0x000000008a100000, 0x000000008a200000|  0%| F|  |TAMS 0x000000008a100000, 0x000000008a100000| Untracked 
|  94|0x000000008a200000, 0x000000008a200000, 0x000000008a300000|  0%| F|  |TAMS 0x000000008a200000, 0x000000008a200000| Untracked 
|  95|0x000000008a300000, 0x000000008a300000, 0x000000008a400000|  0%| F|  |TAMS 0x000000008a300000, 0x000000008a300000| Untracked 
|  96|0x000000008a400000, 0x000000008a400000, 0x000000008a500000|  0%| F|  |TAMS 0x000000008a400000, 0x000000008a400000| Untracked 
|  97|0x000000008a500000, 0x000000008a500000, 0x000000008a600000|  0%| F|  |TAMS 0x000000008a500000, 0x000000008a500000| Untracked 
|  98|0x000000008a600000, 0x000000008a600000, 0x000000008a700000|  0%| F|  |TAMS 0x000000008a600000, 0x000000008a600000| Untracked 
|  99|0x000000008a700000, 0x000000008a700000, 0x000000008a800000|  0%| F|  |TAMS 0x000000008a700000, 0x000000008a700000| Untracked 
| 100|0x000000008a800000, 0x000000008a800000, 0x000000008a900000|  0%| F|  |TAMS 0x000000008a800000, 0x000000008a800000| Untracked 
| 101|0x000000008a900000, 0x000000008a900000, 0x000000008aa00000|  0%| F|  |TAMS 0x000000008a900000, 0x000000008a900000| Untracked 
| 102|0x000000008aa00000, 0x000000008aa00000, 0x000000008ab00000|  0%| F|  |TAMS 0x000000008aa00000, 0x000000008aa00000| Untracked 
| 103|0x000000008ab00000, 0x000000008ab00000, 0x000000008ac00000|  0%| F|  |TAMS 0x000000008ab00000, 0x000000008ab00000| Untracked 
| 104|0x000000008ac00000, 0x000000008ac00000, 0x000000008ad00000|  0%| F|  |TAMS 0x000000008ac00000, 0x000000008ac00000| Untracked 
| 105|0x000000008ad00000, 0x000000008ad00000, 0x000000008ae00000|  0%| F|  |TAMS 0x000000008ad00000, 0x000000008ad00000| Untracked 
| 106|0x000000008ae00000, 0x000000008ae00000, 0x000000008af00000|  0%| F|  |TAMS 0x000000008ae00000, 0x000000008ae00000| Untracked 
| 107|0x000000008af00000, 0x000000008af00000, 0x000000008b000000|  0%| F|  |TAMS 0x000000008af00000, 0x000000008af00000| Untracked 
| 108|0x000000008b000000, 0x000000008b000000, 0x000000008b100000|  0%| F|  |TAMS 0x000000008b000000, 0x000000008b000000| Untracked 
| 109|0x000000008b100000, 0x000000008b100000, 0x000000008b200000|  0%| F|  |TAMS 0x000000008b100000, 0x000000008b100000| Untracked 
| 110|0x000000008b200000, 0x000000008b200000, 0x000000008b300000|  0%| F|  |TAMS 0x000000008b200000, 0x000000008b200000| Untracked 
| 111|0x000000008b300000, 0x000000008b300000, 0x000000008b400000|  0%| F|  |TAMS 0x000000008b300000, 0x000000008b300000| Untracked 
| 112|0x000000008b400000, 0x000000008b400000, 0x000000008b500000|  0%| F|  |TAMS 0x000000008b400000, 0x000000008b400000| Untracked 
| 113|0x000000008b500000, 0x000000008b500000, 0x000000008b600000|  0%| F|  |TAMS 0x000000008b500000, 0x000000008b500000| Untracked 
| 114|0x000000008b600000, 0x000000008b600000, 0x000000008b700000|  0%| F|  |TAMS 0x000000008b600000, 0x000000008b600000| Untracked 
| 115|0x000000008b700000, 0x000000008b700000, 0x000000008b800000|  0%| F|  |TAMS 0x000000008b700000, 0x000000008b700000| Untracked 
| 116|0x000000008b800000, 0x000000008b800000, 0x000000008b900000|  0%| F|  |TAMS 0x000000008b800000, 0x000000008b800000| Untracked 
| 117|0x000000008b900000, 0x000000008b900000, 0x000000008ba00000|  0%| F|  |TAMS 0x000000008b900000, 0x000000008b900000| Untracked 
| 118|0x000000008ba00000, 0x000000008ba00000, 0x000000008bb00000|  0%| F|  |TAMS 0x000000008ba00000, 0x000000008ba00000| Untracked 
| 119|0x000000008bb00000, 0x000000008bb00000, 0x000000008bc00000|  0%| F|  |TAMS 0x000000008bb00000, 0x000000008bb00000| Untracked 
| 120|0x000000008bc00000, 0x000000008bc00000, 0x000000008bd00000|  0%| F|  |TAMS 0x000000008bc00000, 0x000000008bc00000| Untracked 
| 121|0x000000008bd00000, 0x000000008bd00000, 0x000000008be00000|  0%| F|  |TAMS 0x000000008bd00000, 0x000000008bd00000| Untracked 
| 122|0x000000008be00000, 0x000000008be00000, 0x000000008bf00000|  0%| F|  |TAMS 0x000000008be00000, 0x000000008be00000| Untracked 
| 123|0x000000008bf00000, 0x000000008bf00000, 0x000000008c000000|  0%| F|  |TAMS 0x000000008bf00000, 0x000000008bf00000| Untracked 
| 124|0x000000008c000000, 0x000000008c0be2e0, 0x000000008c100000| 74%| S|CS|TAMS 0x000000008c000000, 0x000000008c000000| Complete 
| 125|0x000000008c100000, 0x000000008c200000, 0x000000008c200000|100%| S|CS|TAMS 0x000000008c100000, 0x000000008c100000| Complete 
| 126|0x000000008c200000, 0x000000008c300000, 0x000000008c300000|100%| S|CS|TAMS 0x000000008c200000, 0x000000008c200000| Complete 
| 127|0x000000008c300000, 0x000000008c400000, 0x000000008c400000|100%| S|CS|TAMS 0x000000008c300000, 0x000000008c300000| Complete 
| 128|0x000000008c400000, 0x000000008c500000, 0x000000008c500000|100%| S|CS|TAMS 0x000000008c400000, 0x000000008c400000| Complete 
| 129|0x000000008c500000, 0x000000008c500000, 0x000000008c600000|  0%| F|  |TAMS 0x000000008c500000, 0x000000008c500000| Untracked 
| 130|0x000000008c600000, 0x000000008c600000, 0x000000008c700000|  0%| F|  |TAMS 0x000000008c600000, 0x000000008c600000| Untracked 
| 131|0x000000008c700000, 0x000000008c700000, 0x000000008c800000|  0%| F|  |TAMS 0x000000008c700000, 0x000000008c700000| Untracked 
| 132|0x000000008c800000, 0x000000008c800000, 0x000000008c900000|  0%| F|  |TAMS 0x000000008c800000, 0x000000008c800000| Untracked 
| 133|0x000000008c900000, 0x000000008c900000, 0x000000008ca00000|  0%| F|  |TAMS 0x000000008c900000, 0x000000008c900000| Untracked 
| 134|0x000000008ca00000, 0x000000008ca00000, 0x000000008cb00000|  0%| F|  |TAMS 0x000000008ca00000, 0x000000008ca00000| Untracked 
| 135|0x000000008cb00000, 0x000000008cb00000, 0x000000008cc00000|  0%| F|  |TAMS 0x000000008cb00000, 0x000000008cb00000| Untracked 
| 136|0x000000008cc00000, 0x000000008cc00000, 0x000000008cd00000|  0%| F|  |TAMS 0x000000008cc00000, 0x000000008cc00000| Untracked 
| 137|0x000000008cd00000, 0x000000008cd00000, 0x000000008ce00000|  0%| F|  |TAMS 0x000000008cd00000, 0x000000008cd00000| Untracked 
| 138|0x000000008ce00000, 0x000000008cf00000, 0x000000008cf00000|100%| S|CS|TAMS 0x000000008ce00000, 0x000000008ce00000| Complete 
| 139|0x000000008cf00000, 0x000000008d000000, 0x000000008d000000|100%| S|CS|TAMS 0x000000008cf00000, 0x000000008cf00000| Complete 
| 140|0x000000008d000000, 0x000000008d100000, 0x000000008d100000|100%| S|CS|TAMS 0x000000008d000000, 0x000000008d000000| Complete 
| 141|0x000000008d100000, 0x000000008d100000, 0x000000008d200000|  0%| F|  |TAMS 0x000000008d100000, 0x000000008d100000| Untracked 
| 142|0x000000008d200000, 0x000000008d200000, 0x000000008d300000|  0%| F|  |TAMS 0x000000008d200000, 0x000000008d200000| Untracked 
| 143|0x000000008d300000, 0x000000008d300000, 0x000000008d400000|  0%| F|  |TAMS 0x000000008d300000, 0x000000008d300000| Untracked 
| 144|0x000000008d400000, 0x000000008d400000, 0x000000008d500000|  0%| F|  |TAMS 0x000000008d400000, 0x000000008d400000| Untracked 
| 145|0x000000008d500000, 0x000000008d500000, 0x000000008d600000|  0%| F|  |TAMS 0x000000008d500000, 0x000000008d500000| Untracked 
| 146|0x000000008d600000, 0x000000008d600000, 0x000000008d700000|  0%| F|  |TAMS 0x000000008d600000, 0x000000008d600000| Untracked 
| 147|0x000000008d700000, 0x000000008d700000, 0x000000008d800000|  0%| F|  |TAMS 0x000000008d700000, 0x000000008d700000| Untracked 
| 148|0x000000008d800000, 0x000000008d800000, 0x000000008d900000|  0%| F|  |TAMS 0x000000008d800000, 0x000000008d800000| Untracked 
| 149|0x000000008d900000, 0x000000008d900000, 0x000000008da00000|  0%| F|  |TAMS 0x000000008d900000, 0x000000008d900000| Untracked 
| 150|0x000000008da00000, 0x000000008da00000, 0x000000008db00000|  0%| F|  |TAMS 0x000000008da00000, 0x000000008da00000| Untracked 
| 151|0x000000008db00000, 0x000000008db00000, 0x000000008dc00000|  0%| F|  |TAMS 0x000000008db00000, 0x000000008db00000| Untracked 
| 152|0x000000008dc00000, 0x000000008dc00000, 0x000000008dd00000|  0%| F|  |TAMS 0x000000008dc00000, 0x000000008dc00000| Untracked 
| 153|0x000000008dd00000, 0x000000008dd00000, 0x000000008de00000|  0%| F|  |TAMS 0x000000008dd00000, 0x000000008dd00000| Untracked 
| 154|0x000000008de00000, 0x000000008de00000, 0x000000008df00000|  0%| F|  |TAMS 0x000000008de00000, 0x000000008de00000| Untracked 
| 155|0x000000008df00000, 0x000000008df00000, 0x000000008e000000|  0%| F|  |TAMS 0x000000008df00000, 0x000000008df00000| Untracked 
| 156|0x000000008e000000, 0x000000008e000000, 0x000000008e100000|  0%| F|  |TAMS 0x000000008e000000, 0x000000008e000000| Untracked 
| 157|0x000000008e100000, 0x000000008e100000, 0x000000008e200000|  0%| F|  |TAMS 0x000000008e100000, 0x000000008e100000| Untracked 
| 158|0x000000008e200000, 0x000000008e200000, 0x000000008e300000|  0%| F|  |TAMS 0x000000008e200000, 0x000000008e200000| Untracked 
| 159|0x000000008e300000, 0x000000008e300000, 0x000000008e400000|  0%| F|  |TAMS 0x000000008e300000, 0x000000008e300000| Untracked 
| 160|0x000000008e400000, 0x000000008e400000, 0x000000008e500000|  0%| F|  |TAMS 0x000000008e400000, 0x000000008e400000| Untracked 
| 161|0x000000008e500000, 0x000000008e500000, 0x000000008e600000|  0%| F|  |TAMS 0x000000008e500000, 0x000000008e500000| Untracked 
| 162|0x000000008e600000, 0x000000008e600000, 0x000000008e700000|  0%| F|  |TAMS 0x000000008e600000, 0x000000008e600000| Untracked 
| 163|0x000000008e700000, 0x000000008e700000, 0x000000008e800000|  0%| F|  |TAMS 0x000000008e700000, 0x000000008e700000| Untracked 
| 164|0x000000008e800000, 0x000000008e800000, 0x000000008e900000|  0%| F|  |TAMS 0x000000008e800000, 0x000000008e800000| Untracked 
| 165|0x000000008e900000, 0x000000008e980800, 0x000000008ea00000| 50%| E|  |TAMS 0x000000008e900000, 0x000000008e900000| Complete 
| 166|0x000000008ea00000, 0x000000008eb00000, 0x000000008eb00000|100%| E|CS|TAMS 0x000000008ea00000, 0x000000008ea00000| Complete 
| 167|0x000000008eb00000, 0x000000008ec00000, 0x000000008ec00000|100%| E|CS|TAMS 0x000000008eb00000, 0x000000008eb00000| Complete 
| 168|0x000000008ec00000, 0x000000008ed00000, 0x000000008ed00000|100%| E|CS|TAMS 0x000000008ec00000, 0x000000008ec00000| Complete 
| 169|0x000000008ed00000, 0x000000008ee00000, 0x000000008ee00000|100%| E|CS|TAMS 0x000000008ed00000, 0x000000008ed00000| Complete 
| 170|0x000000008ee00000, 0x000000008ef00000, 0x000000008ef00000|100%| E|CS|TAMS 0x000000008ee00000, 0x000000008ee00000| Complete 
| 171|0x000000008ef00000, 0x000000008f000000, 0x000000008f000000|100%| E|CS|TAMS 0x000000008ef00000, 0x000000008ef00000| Complete 
| 172|0x000000008f000000, 0x000000008f100000, 0x000000008f100000|100%| E|CS|TAMS 0x000000008f000000, 0x000000008f000000| Complete 
| 173|0x000000008f100000, 0x000000008f200000, 0x000000008f200000|100%| E|CS|TAMS 0x000000008f100000, 0x000000008f100000| Complete 
| 174|0x000000008f200000, 0x000000008f300000, 0x000000008f300000|100%| E|CS|TAMS 0x000000008f200000, 0x000000008f200000| Complete 
| 175|0x000000008f300000, 0x000000008f400000, 0x000000008f400000|100%| E|CS|TAMS 0x000000008f300000, 0x000000008f300000| Complete 
| 176|0x000000008f400000, 0x000000008f500000, 0x000000008f500000|100%| E|CS|TAMS 0x000000008f400000, 0x000000008f400000| Complete 
| 177|0x000000008f500000, 0x000000008f600000, 0x000000008f600000|100%| E|CS|TAMS 0x000000008f500000, 0x000000008f500000| Complete 
| 178|0x000000008f600000, 0x000000008f700000, 0x000000008f700000|100%| E|CS|TAMS 0x000000008f600000, 0x000000008f600000| Complete 
| 179|0x000000008f700000, 0x000000008f800000, 0x000000008f800000|100%| E|CS|TAMS 0x000000008f700000, 0x000000008f700000| Complete 
| 180|0x000000008f800000, 0x000000008f900000, 0x000000008f900000|100%| E|CS|TAMS 0x000000008f800000, 0x000000008f800000| Complete 
| 181|0x000000008f900000, 0x000000008fa00000, 0x000000008fa00000|100%| E|CS|TAMS 0x000000008f900000, 0x000000008f900000| Complete 
| 182|0x000000008fa00000, 0x000000008fb00000, 0x000000008fb00000|100%| E|CS|TAMS 0x000000008fa00000, 0x000000008fa00000| Complete 
| 183|0x000000008fb00000, 0x000000008fc00000, 0x000000008fc00000|100%| E|CS|TAMS 0x000000008fb00000, 0x000000008fb00000| Complete 
| 184|0x000000008fc00000, 0x000000008fd00000, 0x000000008fd00000|100%| E|CS|TAMS 0x000000008fc00000, 0x000000008fc00000| Complete 
| 185|0x000000008fd00000, 0x000000008fe00000, 0x000000008fe00000|100%| E|CS|TAMS 0x000000008fd00000, 0x000000008fd00000| Complete 
| 186|0x000000008fe00000, 0x000000008ff00000, 0x000000008ff00000|100%| E|CS|TAMS 0x000000008fe00000, 0x000000008fe00000| Complete 
| 187|0x000000008ff00000, 0x0000000090000000, 0x0000000090000000|100%| E|CS|TAMS 0x000000008ff00000, 0x000000008ff00000| Complete 
| 188|0x0000000090000000, 0x0000000090100000, 0x0000000090100000|100%| E|CS|TAMS 0x0000000090000000, 0x0000000090000000| Complete 
| 189|0x0000000090100000, 0x0000000090200000, 0x0000000090200000|100%| E|CS|TAMS 0x0000000090100000, 0x0000000090100000| Complete 
| 190|0x0000000090200000, 0x0000000090300000, 0x0000000090300000|100%| E|CS|TAMS 0x0000000090200000, 0x0000000090200000| Complete 
| 191|0x0000000090300000, 0x0000000090400000, 0x0000000090400000|100%| E|CS|TAMS 0x0000000090300000, 0x0000000090300000| Complete 
| 192|0x0000000090400000, 0x0000000090500000, 0x0000000090500000|100%| E|CS|TAMS 0x0000000090400000, 0x0000000090400000| Complete 
| 193|0x0000000090500000, 0x0000000090600000, 0x0000000090600000|100%| E|CS|TAMS 0x0000000090500000, 0x0000000090500000| Complete 
| 194|0x0000000090600000, 0x0000000090700000, 0x0000000090700000|100%| E|CS|TAMS 0x0000000090600000, 0x0000000090600000| Complete 
| 195|0x0000000090700000, 0x0000000090800000, 0x0000000090800000|100%| E|CS|TAMS 0x0000000090700000, 0x0000000090700000| Complete 
| 196|0x0000000090800000, 0x0000000090900000, 0x0000000090900000|100%| E|CS|TAMS 0x0000000090800000, 0x0000000090800000| Complete 
| 197|0x0000000090900000, 0x0000000090a00000, 0x0000000090a00000|100%| E|CS|TAMS 0x0000000090900000, 0x0000000090900000| Complete 
| 198|0x0000000090a00000, 0x0000000090b00000, 0x0000000090b00000|100%| E|CS|TAMS 0x0000000090a00000, 0x0000000090a00000| Complete 
| 199|0x0000000090b00000, 0x0000000090c00000, 0x0000000090c00000|100%| E|CS|TAMS 0x0000000090b00000, 0x0000000090b00000| Complete 
| 200|0x0000000090c00000, 0x0000000090d00000, 0x0000000090d00000|100%| E|CS|TAMS 0x0000000090c00000, 0x0000000090c00000| Complete 
| 201|0x0000000090d00000, 0x0000000090e00000, 0x0000000090e00000|100%| E|CS|TAMS 0x0000000090d00000, 0x0000000090d00000| Complete 
| 202|0x0000000090e00000, 0x0000000090f00000, 0x0000000090f00000|100%| E|CS|TAMS 0x0000000090e00000, 0x0000000090e00000| Complete 
| 203|0x0000000090f00000, 0x0000000091000000, 0x0000000091000000|100%| E|CS|TAMS 0x0000000090f00000, 0x0000000090f00000| Complete 
| 204|0x0000000091000000, 0x0000000091100000, 0x0000000091100000|100%| E|CS|TAMS 0x0000000091000000, 0x0000000091000000| Complete 
| 205|0x0000000091100000, 0x0000000091200000, 0x0000000091200000|100%| E|CS|TAMS 0x0000000091100000, 0x0000000091100000| Complete 

Card table byte_map: [0x0000024fb1030000,0x0000024fb1410000] _byte_map_base: 0x0000024fb0c0e000

Marking Bits (Prev, Next): (CMBitMap*) 0x0000024f9c088608, (CMBitMap*) 0x0000024f9c088640
 Prev Bits: [0x0000024fb17f0000, 0x0000024fb36e0000)
 Next Bits: [0x0000024fb36e0000, 0x0000024fb55d0000)

Polling page: 0x0000024f9c130000

Metaspace:

Usage:
  Non-class:     59.67 MB capacity,    58.85 MB ( 99%) used,   695.47 KB (  1%) free+waste,   136.44 KB ( <1%) overhead. 
      Class:      7.64 MB capacity,     7.26 MB ( 95%) used,   329.73 KB (  4%) free+waste,    58.88 KB ( <1%) overhead. 
       Both:     67.30 MB capacity,    66.11 MB ( 98%) used,     1.00 MB (  1%) free+waste,   195.31 KB ( <1%) overhead. 

Virtual space:
  Non-class space:       60.00 MB reserved,      59.84 MB (>99%) committed 
      Class space:        1.00 GB reserved,       7.75 MB ( <1%) committed 
             Both:        1.06 GB reserved,      67.59 MB (  6%) committed 

Chunk freelists:
   Non-Class:  51.00 KB
       Class:  0 bytes
        Both:  51.00 KB

MaxMetaspaceSize: 17179869184.00 GB
CompressedClassSpaceSize: 1.00 GB

CodeHeap 'non-profiled nmethods': size=120000Kb used=8436Kb max_used=8436Kb free=111563Kb
 bounds [0x0000024fa8cc0000, 0x0000024fa9500000, 0x0000024fb01f0000]
CodeHeap 'profiled nmethods': size=120000Kb used=37026Kb max_used=37026Kb free=82973Kb
 bounds [0x0000024fa1790000, 0x0000024fa3bc0000, 0x0000024fa8cc0000]
CodeHeap 'non-nmethods': size=5760Kb used=1275Kb max_used=1327Kb free=4484Kb
 bounds [0x0000024fa11f0000, 0x0000024fa1460000, 0x0000024fa1790000]
 total_blobs=13274 nmethods=12699 adapters=482
 compilation: enabled
              stopped_count=0, restarted_count=0
 full_count=0

Compilation events (20 events):
Event: 8.470 Thread 0x0000024fb80c3800 nmethod 12766 0x0000024fa3b93810 code [0x0000024fa3b939e0, 0x0000024fa3b93c98]
Event: 8.470 Thread 0x0000024fb80c3800 12767       3       org.jetbrains.kotlin.load.kotlin.FileBasedKotlinClass$InnerClassesInfo::<init> (10 bytes)
Event: 8.470 Thread 0x0000024fb80c3800 nmethod 12767 0x0000024fa3b93d90 code [0x0000024fa3b93f40, 0x0000024fa3b940b8]
Event: 8.470 Thread 0x0000024fb80c3800 12768       3       org.jetbrains.kotlin.load.kotlin.FileBasedKotlinClass$1::<init> (28 bytes)
Event: 8.470 Thread 0x0000024fb80c3800 nmethod 12768 0x0000024fa3b94190 code [0x0000024fa3b94360, 0x0000024fa3b94668]
Event: 8.470 Thread 0x0000024fb80c3800 12769       3       org.jetbrains.kotlin.load.kotlin.FileBasedKotlinClass$1::visit (28 bytes)
Event: 8.470 Thread 0x0000024fb80c3800 nmethod 12769 0x0000024fa3b94790 code [0x0000024fa3b94980, 0x0000024fa3b94e88]
Event: 8.470 Thread 0x0000024fb80c3800 12770       3       org.jetbrains.kotlin.load.kotlin.FileBasedKotlinClass$1::visitEnd (8 bytes)
Event: 8.470 Thread 0x0000024fb80c3800 nmethod 12770 0x0000024fa3b95090 code [0x0000024fa3b95240, 0x0000024fa3b95398]
Event: 8.470 Thread 0x0000024fb80c3800 12771       3       org.jetbrains.kotlin.load.kotlin.header.ReadKotlinClassHeaderAnnotationVisitor::visitEnd (1 bytes)
Event: 8.470 Thread 0x0000024fb80c3800 nmethod 12771 0x0000024fa3b95490 code [0x0000024fa3b95640, 0x0000024fa3b95738]
Event: 8.470 Thread 0x0000024fb80c3800 12772       3       org.jetbrains.kotlin.load.kotlin.header.ReadKotlinClassHeaderAnnotationVisitor::createHeader (119 bytes)
Event: 8.471 Thread 0x0000024fb80c3800 nmethod 12772 0x0000024fa3b95810 code [0x0000024fa3b95ac0, 0x0000024fa3b96668]
Event: 8.476 Thread 0x0000024fb80c3800 12775       3       org.jetbrains.kotlin.types.DelegatingSimpleTypeImpl::makeNullableAsSpecified (29 bytes)
Event: 8.477 Thread 0x0000024fb80c3800 nmethod 12775 0x0000024fa3b96a10 code [0x0000024fa3b96c00, 0x0000024fa3b970f8]
Event: 8.477 Thread 0x0000024fb80c3800 12776       1       org.jetbrains.kotlin.com.google.common.collect.LinkedHashMultimap$ValueSet::access$000 (5 bytes)
Event: 8.477 Thread 0x0000024fb80c3800 nmethod 12776 0x0000024fa94fc510 code [0x0000024fa94fc6c0, 0x0000024fa94fc758]
Event: 8.477 Thread 0x0000024fb80c3800 12777       3       org.jetbrains.kotlin.resolve.calls.smartcasts.DataFlowInfoImpl::equateOrDisequate (373 bytes)
Event: 8.480 Thread 0x0000024fb80c3800 nmethod 12777 0x0000024fa3b97290 code [0x0000024fa3b97ba0, 0x0000024fa3b9c478]
Event: 8.480 Thread 0x0000024fb80c3800 12778       3       org.jetbrains.kotlin.com.intellij.extapi.psi.StubBasedPsiElementBase::getStubOrPsiChildren (116 bytes)

GC Heap History (20 events):
Event: 1.409 GC heap before
{Heap before GC invocations=3 (full 0):
 garbage-first heap   total 126976K, used 73013K [0x0000000084400000, 0x0000000100000000)
  region size 1024K, 57 young (58368K), 7 survivors (7168K)
 Metaspace       used 30758K, capacity 31231K, committed 31484K, reserved 1077248K
  class space    used 3609K, capacity 3799K, committed 3840K, reserved 1048576K
}
Event: 1.422 GC heap after
{Heap after GC invocations=4 (full 0):
 garbage-first heap   total 126976K, used 24380K [0x0000000084400000, 0x0000000100000000)
  region size 1024K, 8 young (8192K), 8 survivors (8192K)
 Metaspace       used 30758K, capacity 31231K, committed 31484K, reserved 1077248K
  class space    used 3609K, capacity 3799K, committed 3840K, reserved 1048576K
}
Event: 1.643 GC heap before
{Heap before GC invocations=4 (full 0):
 garbage-first heap   total 126976K, used 46908K [0x0000000084400000, 0x0000000100000000)
  region size 1024K, 31 young (31744K), 8 survivors (8192K)
 Metaspace       used 35472K, capacity 35939K, committed 36048K, reserved 1081344K
  class space    used 4138K, capacity 4322K, committed 4352K, reserved 1048576K
}
Event: 1.656 GC heap after
{Heap after GC invocations=5 (full 0):
 garbage-first heap   total 126976K, used 25362K [0x0000000084400000, 0x0000000100000000)
  region size 1024K, 3 young (3072K), 3 survivors (3072K)
 Metaspace       used 35472K, capacity 35939K, committed 36048K, reserved 1081344K
  class space    used 4138K, capacity 4322K, committed 4352K, reserved 1048576K
}
Event: 2.208 GC heap before
{Heap before GC invocations=6 (full 0):
 garbage-first heap   total 126976K, used 73490K [0x0000000084400000, 0x0000000100000000)
  region size 1024K, 48 young (49152K), 3 survivors (3072K)
 Metaspace       used 44945K, capacity 45475K, committed 45648K, reserved 1089536K
  class space    used 5254K, capacity 5447K, committed 5504K, reserved 1048576K
}
Event: 2.217 GC heap after
{Heap after GC invocations=7 (full 0):
 garbage-first heap   total 163840K, used 32256K [0x0000000084400000, 0x0000000100000000)
  region size 1024K, 6 young (6144K), 6 survivors (6144K)
 Metaspace       used 44945K, capacity 45475K, committed 45648K, reserved 1089536K
  class space    used 5254K, capacity 5447K, committed 5504K, reserved 1048576K
}
Event: 2.804 GC heap before
{Heap before GC invocations=7 (full 0):
 garbage-first heap   total 163840K, used 94720K [0x0000000084400000, 0x0000000100000000)
  region size 1024K, 66 young (67584K), 6 survivors (6144K)
 Metaspace       used 50432K, capacity 51096K, committed 51408K, reserved 1095680K
  class space    used 5813K, capacity 6066K, committed 6144K, reserved 1048576K
}
Event: 2.814 GC heap after
{Heap after GC invocations=8 (full 0):
 garbage-first heap   total 163840K, used 39076K [0x0000000084400000, 0x0000000100000000)
  region size 1024K, 9 young (9216K), 9 survivors (9216K)
 Metaspace       used 50432K, capacity 51096K, committed 51408K, reserved 1095680K
  class space    used 5813K, capacity 6066K, committed 6144K, reserved 1048576K
}
Event: 3.774 GC heap before
{Heap before GC invocations=8 (full 0):
 garbage-first heap   total 163840K, used 102564K [0x0000000084400000, 0x0000000100000000)
  region size 1024K, 71 young (72704K), 9 survivors (9216K)
 Metaspace       used 54856K, capacity 55499K, committed 55632K, reserved 1097728K
  class space    used 6155K, capacity 6417K, committed 6528K, reserved 1048576K
}
Event: 3.795 GC heap after
{Heap after GC invocations=9 (full 0):
 garbage-first heap   total 163840K, used 52224K [0x0000000084400000, 0x0000000100000000)
  region size 1024K, 9 young (9216K), 9 survivors (9216K)
 Metaspace       used 54856K, capacity 55499K, committed 55632K, reserved 1097728K
  class space    used 6155K, capacity 6417K, committed 6528K, reserved 1048576K
}
Event: 4.181 GC heap before
{Heap before GC invocations=9 (full 0):
 garbage-first heap   total 163840K, used 111616K [0x0000000084400000, 0x0000000100000000)
  region size 1024K, 67 young (68608K), 9 survivors (9216K)
 Metaspace       used 55227K, capacity 55884K, committed 56144K, reserved 1099776K
  class space    used 6161K, capacity 6417K, committed 6528K, reserved 1048576K
}
Event: 4.204 GC heap after
{Heap after GC invocations=10 (full 0):
 garbage-first heap   total 163840K, used 62464K [0x0000000084400000, 0x0000000100000000)
  region size 1024K, 9 young (9216K), 9 survivors (9216K)
 Metaspace       used 55227K, capacity 55884K, committed 56144K, reserved 1099776K
  class space    used 6161K, capacity 6417K, committed 6528K, reserved 1048576K
}
Event: 4.472 GC heap before
{Heap before GC invocations=10 (full 0):
 garbage-first heap   total 163840K, used 116736K [0x0000000084400000, 0x0000000100000000)
  region size 1024K, 62 young (63488K), 9 survivors (9216K)
 Metaspace       used 56214K, capacity 56870K, committed 57040K, reserved 1099776K
  class space    used 6276K, capacity 6552K, committed 6656K, reserved 1048576K
}
Event: 4.493 GC heap after
{Heap after GC invocations=11 (full 0):
 garbage-first heap   total 210944K, used 71168K [0x0000000084400000, 0x0000000100000000)
  region size 1024K, 8 young (8192K), 8 survivors (8192K)
 Metaspace       used 56214K, capacity 56870K, committed 57040K, reserved 1099776K
  class space    used 6276K, capacity 6552K, committed 6656K, reserved 1048576K
}
Event: 4.921 GC heap before
{Heap before GC invocations=11 (full 0):
 garbage-first heap   total 210944K, used 119296K [0x0000000084400000, 0x0000000100000000)
  region size 1024K, 56 young (57344K), 8 survivors (8192K)
 Metaspace       used 59681K, capacity 60407K, committed 60508K, reserved 1103872K
  class space    used 6804K, capacity 7114K, committed 7168K, reserved 1048576K
}
Event: 4.929 GC heap after
{Heap after GC invocations=12 (full 0):
 garbage-first heap   total 210944K, used 72944K [0x0000000084400000, 0x0000000100000000)
  region size 1024K, 2 young (2048K), 2 survivors (2048K)
 Metaspace       used 59681K, capacity 60407K, committed 60508K, reserved 1103872K
  class space    used 6804K, capacity 7114K, committed 7168K, reserved 1048576K
}
Event: 6.559 GC heap before
{Heap before GC invocations=13 (full 0):
 garbage-first heap   total 210944K, used 142576K [0x0000000084400000, 0x0000000100000000)
  region size 1024K, 68 young (69632K), 2 survivors (2048K)
 Metaspace       used 64757K, capacity 65631K, committed 65756K, reserved 1107968K
  class space    used 7152K, capacity 7474K, committed 7552K, reserved 1048576K
}
Event: 6.575 GC heap after
{Heap after GC invocations=14 (full 0):
 garbage-first heap   total 210944K, used 84992K [0x0000000084400000, 0x0000000100000000)
  region size 1024K, 9 young (9216K), 9 survivors (9216K)
 Metaspace       used 64757K, capacity 65631K, committed 65756K, reserved 1107968K
  class space    used 7152K, capacity 7474K, committed 7552K, reserved 1048576K
}
Event: 7.766 GC heap before
{Heap before GC invocations=15 (full 0):
 garbage-first heap   total 210944K, used 152576K [0x0000000084400000, 0x0000000100000000)
  region size 1024K, 74 young (75776K), 9 survivors (9216K)
 Metaspace       used 66011K, capacity 66868K, committed 67036K, reserved 1110016K
  class space    used 7203K, capacity 7541K, committed 7552K, reserved 1048576K
}
Event: 7.784 GC heap after
{Heap after GC invocations=16 (full 0):
 garbage-first heap   total 210944K, used 93098K [0x0000000084400000, 0x0000000100000000)
  region size 1024K, 8 young (8192K), 8 survivors (8192K)
 Metaspace       used 66011K, capacity 66868K, committed 67036K, reserved 1110016K
  class space    used 7203K, capacity 7541K, committed 7552K, reserved 1048576K
}

Deoptimization events (20 events):
Event: 8.134 Thread 0x0000024f9c04b000 Uncommon trap: trap_request=0xffffffde fr.pc=0x0000024fa94938bc relative=0x000000000000009c
Event: 8.134 Thread 0x0000024f9c04b000 Uncommon trap: reason=class_check action=maybe_recompile pc=0x0000024fa94938bc method=java.lang.Enum.compareTo(Ljava/lang/Object;)I @ 2 c2
Event: 8.134 Thread 0x0000024f9c04b000 DEOPT PACKING pc=0x0000024fa94938bc sp=0x00000078a6ff5d90
Event: 8.134 Thread 0x0000024f9c04b000 DEOPT UNPACKING pc=0x0000024fa11f822f sp=0x00000078a6ff5d18 mode 2
Event: 8.141 Thread 0x0000024f9c04b000 Uncommon trap: trap_request=0xffffff4d fr.pc=0x0000024fa93b5dc8 relative=0x0000000000000c68
Event: 8.141 Thread 0x0000024f9c04b000 Uncommon trap: reason=unstable_if action=reinterpret pc=0x0000024fa93b5dc8 method=org.jetbrains.kotlin.resolve.calls.callUtil.CallUtilKt.getCall(Lorg/jetbrains/kotlin/psi/KtElement;Lorg/jetbrains/kotlin/resolve/BindingContext;)Lorg/jetbrains/kotlin/psi/Ca
Event: 8.141 Thread 0x0000024f9c04b000 DEOPT PACKING pc=0x0000024fa93b5dc8 sp=0x00000078a6ff9bc0
Event: 8.141 Thread 0x0000024f9c04b000 DEOPT UNPACKING pc=0x0000024fa11f822f sp=0x00000078a6ff9b58 mode 2
Event: 8.141 Thread 0x0000024f9c04b000 Uncommon trap: trap_request=0xffffff4d fr.pc=0x0000024fa93aa520 relative=0x0000000000002640
Event: 8.141 Thread 0x0000024f9c04b000 Uncommon trap: reason=unstable_if action=reinterpret pc=0x0000024fa93aa520 method=org.jetbrains.kotlin.resolve.calls.callUtil.CallUtilKt.getCalleeExpressionIfAny(Lorg/jetbrains/kotlin/psi/KtElement;)Lorg/jetbrains/kotlin/psi/KtExpression; @ 4 c2
Event: 8.141 Thread 0x0000024f9c04b000 DEOPT PACKING pc=0x0000024fa93aa520 sp=0x00000078a6ff9b00
Event: 8.141 Thread 0x0000024f9c04b000 DEOPT UNPACKING pc=0x0000024fa11f822f sp=0x00000078a6ff9ae0 mode 2
Event: 8.222 Thread 0x0000024f9c04b000 DEOPT PACKING pc=0x0000024fa387efa8 sp=0x00000078a6ff7880
Event: 8.222 Thread 0x0000024f9c04b000 DEOPT UNPACKING pc=0x0000024fa1218ade sp=0x00000078a6ff6d88 mode 0
Event: 8.292 Thread 0x0000024f9c04b000 Uncommon trap: trap_request=0xffffff4d fr.pc=0x0000024fa9167a30 relative=0x0000000000000070
Event: 8.292 Thread 0x0000024f9c04b000 Uncommon trap: reason=unstable_if action=reinterpret pc=0x0000024fa9167a30 method=org.jetbrains.kotlin.util.capitalizeDecapitalize.CapitalizeDecapitalizeKt.isUpperCaseCharAt(Ljava/lang/String;IZ)Z @ 13 c2
Event: 8.292 Thread 0x0000024f9c04b000 DEOPT PACKING pc=0x0000024fa9167a30 sp=0x00000078a6ff6370
Event: 8.292 Thread 0x0000024f9c04b000 DEOPT UNPACKING pc=0x0000024fa11f822f sp=0x00000078a6ff62e8 mode 2
Event: 8.341 Thread 0x0000024f9c04b000 DEOPT PACKING pc=0x0000024fa387efa8 sp=0x00000078a6ffaf50
Event: 8.341 Thread 0x0000024f9c04b000 DEOPT UNPACKING pc=0x0000024fa1218ade sp=0x00000078a6ffa458 mode 0

Classes redefined (0 events):
No events

Internal exceptions (20 events):
Event: 7.023 Thread 0x0000024f9c04b000 Implicit null exception at 0x0000024fa8e50afc to 0x0000024fa8e5159c
Event: 7.024 Thread 0x0000024f9c04b000 Implicit null exception at 0x0000024fa8f965f8 to 0x0000024fa8f98a80
Event: 7.024 Thread 0x0000024f9c04b000 Implicit null exception at 0x0000024fa8f965f8 to 0x0000024fa8f98a80
Event: 7.024 Thread 0x0000024f9c04b000 Implicit null exception at 0x0000024fa8f965f8 to 0x0000024fa8f98a80
Event: 7.024 Thread 0x0000024f9c04b000 Implicit null exception at 0x0000024fa8f965f8 to 0x0000024fa8f98a80
Event: 7.024 Thread 0x0000024f9c04b000 Implicit null exception at 0x0000024fa8f965f8 to 0x0000024fa8f98a80
Event: 7.024 Thread 0x0000024f9c04b000 Implicit null exception at 0x0000024fa8f965f8 to 0x0000024fa8f98a80
Event: 7.024 Thread 0x0000024f9c04b000 Implicit null exception at 0x0000024fa8f965f8 to 0x0000024fa8f98a80
Event: 7.024 Thread 0x0000024f9c04b000 Implicit null exception at 0x0000024fa8f965f8 to 0x0000024fa8f98a80
Event: 7.024 Thread 0x0000024f9c04b000 Implicit null exception at 0x0000024fa8f965f8 to 0x0000024fa8f98a80
Event: 7.024 Thread 0x0000024f9c04b000 Implicit null exception at 0x0000024fa8f965f8 to 0x0000024fa8f98a80
Event: 7.024 Thread 0x0000024f9c04b000 Implicit null exception at 0x0000024fa8f965f8 to 0x0000024fa8f98a80
Event: 7.024 Thread 0x0000024f9c04b000 Implicit null exception at 0x0000024fa8f8b2e8 to 0x0000024fa8f8e0d8
Event: 7.024 Thread 0x0000024f9c04b000 Implicit null exception at 0x0000024fa8f708f1 to 0x0000024fa8f74f80
Event: 7.033 Thread 0x0000024f9c04b000 Implicit null exception at 0x0000024fa9394677 to 0x0000024fa9394ccc
Event: 7.036 Thread 0x0000024f9c04b000 Implicit null exception at 0x0000024fa9396874 to 0x0000024fa9396eb4
Event: 7.268 Thread 0x0000024f9c04b000 Implicit null exception at 0x0000024fa93cfb66 to 0x0000024fa93cffe4
Event: 7.268 Thread 0x0000024f9c04b000 Implicit null exception at 0x0000024fa93cfb66 to 0x0000024fa93cffe4
Event: 7.268 Thread 0x0000024f9c04b000 Implicit null exception at 0x0000024fa93cfb66 to 0x0000024fa93cffe4
Event: 7.268 Thread 0x0000024f9c04b000 Implicit null exception at 0x0000024fa93cfb66 to 0x0000024fa93cffe4

Events (20 events):
Event: 8.473 loading class java/util/stream/Collectors$CollectorImpl
Event: 8.473 loading class java/util/stream/Collector
Event: 8.473 loading class java/util/stream/Collector done
Event: 8.473 loading class java/util/stream/Collectors$CollectorImpl done
Event: 8.474 loading class java/util/function/BinaryOperator
Event: 8.474 loading class java/util/function/BinaryOperator done
Event: 8.474 loading class java/util/stream/ReduceOps
Event: 8.474 loading class java/util/stream/ReduceOps done
Event: 8.474 loading class java/util/stream/ReduceOps$3
Event: 8.474 loading class java/util/stream/ReduceOps$ReduceOp
Event: 8.474 loading class java/util/stream/ReduceOps$ReduceOp done
Event: 8.474 loading class java/util/stream/ReduceOps$3 done
Event: 8.474 loading class java/util/stream/ReduceOps$3ReducingSink
Event: 8.474 loading class java/util/stream/ReduceOps$AccumulatingSink
Event: 8.475 loading class java/util/stream/ReduceOps$AccumulatingSink done
Event: 8.475 loading class java/util/stream/ReduceOps$Box
Event: 8.475 loading class java/util/stream/ReduceOps$Box done
Event: 8.475 loading class java/util/stream/ReduceOps$3ReducingSink done
Event: 8.475 loading class kotlin/jvm/functions/Function1
Event: 8.475 loading class kotlin/jvm/functions/Function1 done


Dynamic libraries:
0x00007ff618f60000 - 0x00007ff618f6a000 	C:\Program Files\Android\Android Studio\jre\bin\java.exe
0x00007ff8643d0000 - 0x00007ff8645c5000 	C:\WINDOWS\SYSTEM32\ntdll.dll
0x00007ff863950000 - 0x00007ff863a0e000 	C:\WINDOWS\System32\KERNEL32.DLL
0x00007ff861c80000 - 0x00007ff861f49000 	C:\WINDOWS\System32\KERNELBASE.dll
0x00007ff862320000 - 0x00007ff862420000 	C:\WINDOWS\System32\ucrtbase.dll
0x00007ff835da0000 - 0x00007ff835db9000 	C:\Program Files\Android\Android Studio\jre\bin\jli.dll
0x00007ff836a30000 - 0x00007ff836a47000 	C:\Program Files\Android\Android Studio\jre\bin\VCRUNTIME140.dll
0x00007ff863a10000 - 0x00007ff863bb1000 	C:\WINDOWS\System32\USER32.dll
0x00007ff861c50000 - 0x00007ff861c72000 	C:\WINDOWS\System32\win32u.dll
0x00007ff8631b0000 - 0x00007ff8631db000 	C:\WINDOWS\System32\GDI32.dll
0x00007ff861f50000 - 0x00007ff86205b000 	C:\WINDOWS\System32\gdi32full.dll
0x00007ff84c910000 - 0x00007ff84cbaa000 	C:\WINDOWS\WinSxS\amd64_microsoft.windows.common-controls_6595b64144ccf1df_6.0.19041.1110_none_60b5254171f9507e\COMCTL32.dll
0x00007ff862060000 - 0x00007ff8620fd000 	C:\WINDOWS\System32\msvcp_win.dll
0x00007ff863000000 - 0x00007ff86309e000 	C:\WINDOWS\System32\msvcrt.dll
0x00007ff863c70000 - 0x00007ff863ca0000 	C:\WINDOWS\System32\IMM32.DLL
0x00007ff82a190000 - 0x00007ff82a22d000 	C:\Program Files\Android\Android Studio\jre\bin\msvcp140.dll
0x00007ff8258c0000 - 0x00007ff82637c000 	C:\Program Files\Android\Android Studio\jre\bin\server\jvm.dll
0x00007ff8630a0000 - 0x00007ff86314c000 	C:\WINDOWS\System32\ADVAPI32.dll
0x00007ff864160000 - 0x00007ff8641fb000 	C:\WINDOWS\System32\sechost.dll
0x00007ff862ed0000 - 0x00007ff862ffa000 	C:\WINDOWS\System32\RPCRT4.dll
0x00007ff863940000 - 0x00007ff863948000 	C:\WINDOWS\System32\PSAPI.DLL
0x00007ff852d70000 - 0x00007ff852d79000 	C:\WINDOWS\SYSTEM32\WSOCK32.dll
0x00007ff863740000 - 0x00007ff8637ab000 	C:\WINDOWS\System32\WS2_32.dll
0x00007ff85b4b0000 - 0x00007ff85b4d7000 	C:\WINDOWS\SYSTEM32\WINMM.dll
0x00007ff852f00000 - 0x00007ff852f0a000 	C:\WINDOWS\SYSTEM32\VERSION.dll
0x00007ff8605e0000 - 0x00007ff8605f2000 	C:\WINDOWS\SYSTEM32\kernel.appcore.dll
0x00007ff857890000 - 0x00007ff8578a1000 	C:\Program Files\Android\Android Studio\jre\bin\verify.dll
0x00007ff85fed0000 - 0x00007ff8600b4000 	C:\WINDOWS\SYSTEM32\DBGHELP.DLL
0x00007ff85b440000 - 0x00007ff85b46c000 	C:\WINDOWS\SYSTEM32\dbgcore.DLL
0x00007ff862260000 - 0x00007ff8622e3000 	C:\WINDOWS\System32\bcryptPrimitives.dll
0x00007ff84a150000 - 0x00007ff84a179000 	C:\Program Files\Android\Android Studio\jre\bin\java.dll
0x00007ff8577e0000 - 0x00007ff8577eb000 	C:\Program Files\Android\Android Studio\jre\bin\jimage.dll
0x00007ff8572d0000 - 0x00007ff8572e8000 	C:\Program Files\Android\Android Studio\jre\bin\zip.dll
0x00007ff8626b0000 - 0x00007ff862def000 	C:\WINDOWS\System32\SHELL32.dll
0x00007ff85f590000 - 0x00007ff85fd20000 	C:\WINDOWS\SYSTEM32\windows.storage.dll
0x00007ff863d50000 - 0x00007ff8640a5000 	C:\WINDOWS\System32\combase.dll
0x00007ff861540000 - 0x00007ff86156c000 	C:\WINDOWS\SYSTEM32\Wldp.dll
0x00007ff863bc0000 - 0x00007ff863c6e000 	C:\WINDOWS\System32\SHCORE.dll
0x00007ff863150000 - 0x00007ff8631a5000 	C:\WINDOWS\System32\shlwapi.dll
0x00007ff861a30000 - 0x00007ff861a4f000 	C:\WINDOWS\SYSTEM32\profapi.dll
0x00007ff84c240000 - 0x00007ff84c25a000 	C:\Program Files\Android\Android Studio\jre\bin\net.dll
0x00007ff858e70000 - 0x00007ff858f78000 	C:\WINDOWS\SYSTEM32\WINHTTP.dll
0x00007ff8612a0000 - 0x00007ff86130a000 	C:\WINDOWS\system32\mswsock.dll
0x00007ff84baf0000 - 0x00007ff84bb04000 	C:\Program Files\Android\Android Studio\jre\bin\nio.dll

dbghelp: loaded successfully - version: 4.0.5 - missing functions: none
symbol engine: initialized successfully - sym options: 0x614 - pdb path: .;C:\Program Files\Android\Android Studio\jre\bin;C:\WINDOWS\SYSTEM32;C:\WINDOWS\WinSxS\amd64_microsoft.windows.common-controls_6595b64144ccf1df_6.0.19041.1110_none_60b5254171f9507e;C:\Program Files\Android\Android Studio\jre\bin\server

VM Arguments:
java_command: org.jetbrains.kotlin.cli.jvm.K2JVMCompiler @C:\Users\LG\Desktop\SSAC\ThirdWeek\ThirdWeek\app\build\20210928_4473656692535574848.compiler.options
java_class_path (initial): C:\Users\LG\.gradle\caches\modules-2\files-2.1\org.jetbrains.kotlin\kotlin-compiler-embeddable\1.5.0\6e53e0ca3cf7eff1a4df71171c8f9604b983e1d6\kotlin-compiler-embeddable-1.5.0.jar;C:\Users\LG\.gradle\caches\modules-2\files-2.1\org.jetbrains.kotlin\kotlin-reflect\1.5.0\47806fe8ed30dbdf9e697eda5e9c9a3905ff3363\kotlin-reflect-1.5.0.jar;C:\Users\LG\.gradle\caches\modules-2\files-2.1\org.jetbrains.kotlin\kotlin-stdlib\1.5.0\29dae2501ca094416d15af0e21470cb634780444\kotlin-stdlib-1.5.0.jar;C:\Users\LG\.gradle\caches\modules-2\files-2.1\org.jetbrains.kotlin\kotlin-script-runtime\1.5.0\a2d66828077376fc1851a6fdbf25865935f4101d\kotlin-script-runtime-1.5.0.jar;C:\Users\LG\.gradle\caches\modules-2\files-2.1\org.jetbrains.kotlin\kotlin-daemon-embeddable\1.5.0\7f3567acfef59ff865a99a584d814bde87226dd5\kotlin-daemon-embeddable-1.5.0.jar;C:\Users\LG\.gradle\caches\modules-2\files-2.1\org.jetbrains.intellij.deps\trove4j\1.0.20181211\216c2e14b070f334479d800987affe4054cd563f\trove4j-1.0.20181211.jar;C:\Users\LG\.gradle\caches\modules-2\files-2.1\org.jetbrains\annotations\13.0\919f0dfe192fb4e063e7dacadee7f8bb9a2672a9\annotations-13.0.jar;C:\Users\LG\.gradle\caches\modules-2\files-2.1\org.jetbrains.kotlin\kotlin-stdlib-common\1.5.0\4080d69efca5e39e9b4972f125e40f1607bd6460\kotlin-stdlib-common-1.5.0.jar
Launcher Type: SUN_STANDARD

[Global flags]
     intx CICompilerCount                          = 4                                         {product} {ergonomic}
     uint ConcGCThreads                            = 2                                         {product} {ergonomic}
     uint G1ConcRefinementThreads                  = 8                                         {product} {ergonomic}
   size_t G1HeapRegionSize                         = 1048576                                   {product} {ergonomic}
    uintx GCDrainStackTargetSize                   = 64                                        {product} {ergonomic}
   size_t InitialHeapSize                          = 130023424                                 {product} {ergonomic}
   size_t MarkStackSize                            = 4194304                                   {product} {ergonomic}
   size_t MaxHeapSize                              = 2076180480                                {product} {ergonomic}
   size_t MaxNewSize                               = 1245708288                                {product} {ergonomic}
   size_t MinHeapDeltaBytes                        = 1048576                                   {product} {ergonomic}
    uintx NonNMethodCodeHeapSize                   = 5836300                                {pd product} {ergonomic}
    uintx NonProfiledCodeHeapSize                  = 122910970                              {pd product} {ergonomic}
    uintx ProfiledCodeHeapSize                     = 122910970                              {pd product} {ergonomic}
    uintx ReservedCodeCacheSize                    = 251658240                              {pd product} {ergonomic}
     bool SegmentedCodeCache                       = true                                      {product} {ergonomic}
     bool UseCompressedClassPointers               = true                                 {lp64_product} {ergonomic}
     bool UseCompressedOops                        = true                                 {lp64_product} {ergonomic}
     bool UseG1GC                                  = true                                      {product} {ergonomic}
     bool UseLargePagesIndividualAllocation        = false                                  {pd product} {ergonomic}

Logging:
Log output configuration:
 #0: stdout all=warning uptime,level,tags
 #1: stderr all=off uptime,level,tags

Environment Variables:
PATH=C:\Program Files\Common Files\Oracle\Java\javapath;C:\WINDOWS\system32;C:\WINDOWS;C:\WINDOWS\System32\Wbem;C:\WINDOWS\System32\WindowsPowerShell\v1.0\;C:\WINDOWS\System32\OpenSSH\;C:\Program Files\dotnet\;C:\Program Files\Microsoft SQL Server\130\Tools\Binn\;C:\Program Files\Microsoft SQL Server\Client SDK\ODBC\170\Tools\Binn\;C:\Program Files (x86)\dotnet\;C:\Program Files\Git\cmd;C:\Users\LG\AppData\Local\Microsoft\WindowsApps;C:\texlive\2020\bin\win32;C:\Users\LG\AppData\Local\atom\bin;C:\Users\LG\.dotnet\tools;C:\Program Files\JetBrains\IntelliJ IDEA Community Edition 2021.1.3\bin;;C:\Program Files\JetBrains\PyCharm Community Edition 2021.2\bin;
USERNAME=LG
OS=Windows_NT
PROCESSOR_IDENTIFIER=Intel64 Family 6 Model 140 Stepping 1, GenuineIntel



---------------  S Y S T E M  ---------------

OS: Windows 10 , 64 bit Build 19041 (10.0.19041.1202)
OS uptime: 0 days 0:37 hours

CPU:total 8 (initial active 8) (4 cores per cpu, 2 threads per core) family 6 model 140 stepping 1, cmov, cx8, fxsr, mmx, sse, sse2, sse3, ssse3, sse4.1, sse4.2, popcnt, avx, avx2, aes, clmul, erms, 3dnowpref, lzcnt, ht, tsc, tscinvbit, bmi1, bmi2, adx, evex, sha, fma

Memory: 4k page, system-wide physical 7916M (520M free)
TotalPageFile size 7916M (AvailPageFile size 17M)
current process WorkingSet (physical memory assigned to process): 443M, peak: 455M
current process commit charge ("private bytes"): 480M, peak: 494M

vm_info: OpenJDK 64-Bit Server VM (11.0.8+10-b944.6842174) for windows-amd64 JRE (11.0.8+10-b944.6842174), built on Sep 19 2020 01:11:42 by "builder" with MS VC++ 14.0 (VS2015)

END.
