#
# There is insufficient memory for the Java Runtime Environment to continue.
# Native memory allocation (mmap) failed to map 96468992 bytes for Failed to commit area from 0x0000000093600000 to 0x0000000099200000 of length 96468992.
# Possible reasons:
#   The system is out of physical RAM or swap space
#   The process is running with CompressedOops enabled, and the Java Heap may be blocking the growth of the native heap
# Possible solutions:
#   Reduce memory load on the system
#   Increase physical memory or swap space
#   Check if swap backing store is full
#   Decrease Java heap size (-Xmx/-Xms)
#   Decrease number of Java threads
#   Decrease Java thread stack sizes (-Xss)
#   Set larger code cache with -XX:ReservedCodeCacheSize=
#   JVM is running with Unscaled Compressed Oops mode in which the Java heap is
#     placed in the first 4GB address space. The Java Heap base address is the
#     maximum limit for the native heap growth. Please use -XX:HeapBaseMinAddress
#     to set the Java Heap base and to place the Java Heap above 4GB virtual address.
# This output file may be truncated or incomplete.
#
#  Out of Memory Error (./src/hotspot/os/windows/os_windows.cpp:3303), pid=9204, tid=17144
#
# JRE version: OpenJDK Runtime Environment (11.0.8+10) (build 11.0.8+10-b944.6842174)
# Java VM: OpenJDK 64-Bit Server VM (11.0.8+10-b944.6842174, mixed mode, tiered, compressed oops, g1 gc, windows-amd64)
# No core dump will be written. Minidumps are not enabled by default on client versions of Windows
#

---------------  S U M M A R Y ------------

Command Line: org.jetbrains.kotlin.cli.jvm.K2JVMCompiler @C:\Users\LG\Desktop\SSAC\ThirdWeek\ThirdWeek\app\build\20210928_2320405024306330520.compiler.options

Host: 11th Gen Intel(R) Core(TM) i5-1135G7 @ 2.40GHz, 8 cores, 7G,  Windows 10 , 64 bit Build 19041 (10.0.19041.1202)
Time: Tue Sep 28 16:30:15 2021 대한민국 표준시 elapsed time: 17 seconds (0d 0h 0m 17s)

---------------  T H R E A D  ---------------

Current thread (0x000001ecef162000):  VMThread "VM Thread" [stack: 0x000000022b100000,0x000000022b200000] [id=17144]

Stack: [0x000000022b100000,0x000000022b200000]
[error occurred during error reporting (printing stack bounds), id 0xc0000005, EXCEPTION_ACCESS_VIOLATION (0xc0000005) at pc=0x000001ecd8a70f67]

Native frames: (J=compiled Java code, j=interpreted, Vv=VM code, C=native code)
V  [jvm.dll+0x5de50a]
V  [jvm.dll+0x7122f5]
V  [jvm.dll+0x71384d]
V  [jvm.dll+0x713e65]
V  [jvm.dll+0x713e1b]
V  [jvm.dll+0x5dd958]
V  [jvm.dll+0x5de0f8]
C  [ntdll.dll+0xa20cf]
C  [ntdll.dll+0x51454]
C  [ntdll.dll+0xa0bfe]
C  0x000001ecd8a70f67

VM_Operation (0x000000022abfac90): G1CollectForAllocation, mode: safepoint, requested by thread 0x000001ecd50ea800


---------------  P R O C E S S  ---------------

Threads class SMR info:
_java_thread_list=0x000001ecefbe2710, length=12, elements={
0x000001ecd50ea800, 0x000001ecef166800, 0x000001ecef168800, 0x000001ecef190000,
0x000001ecef192000, 0x000001ecef194000, 0x000001ecefa76800, 0x000001ecefa80800,
0x000001ecefbd4800, 0x000001ecefbde000, 0x000001ecefc40000, 0x000001ecefc2e800
}

Java Threads: ( => current thread )
  0x000001ecd50ea800 JavaThread "main" [_thread_blocked, id=15276, stack(0x000000022ab00000,0x000000022ac00000)]
  0x000001ecef166800 JavaThread "Reference Handler" daemon [_thread_blocked, id=16032, stack(0x000000022b200000,0x000000022b300000)]
  0x000001ecef168800 JavaThread "Finalizer" daemon [_thread_blocked, id=9748, stack(0x000000022b300000,0x000000022b400000)]
  0x000001ecef190000 JavaThread "Signal Dispatcher" daemon [_thread_blocked, id=14704, stack(0x000000022b400000,0x000000022b500000)]
  0x000001ecef192000 JavaThread "Attach Listener" daemon [_thread_blocked, id=15056, stack(0x000000022b500000,0x000000022b600000)]
  0x000001ecef194000 JavaThread "C2 CompilerThread0" daemon [_thread_blocked, id=1924, stack(0x000000022b600000,0x000000022b700000)]
  0x000001ecefa76800 JavaThread "C1 CompilerThread0" daemon [_thread_blocked, id=16064, stack(0x000000022b700000,0x000000022b800000)]
  0x000001ecefa80800 JavaThread "Sweeper thread" daemon [_thread_blocked, id=17148, stack(0x000000022b800000,0x000000022b900000)]
  0x000001ecefbd4800 JavaThread "Service Thread" daemon [_thread_blocked, id=13472, stack(0x000000022b900000,0x000000022ba00000)]
  0x000001ecefbde000 JavaThread "Common-Cleaner" daemon [_thread_blocked, id=6232, stack(0x000000022bb00000,0x000000022bc00000)]
  0x000001ecefc40000 JavaThread "C2 CompilerThread1" daemon [_thread_blocked, id=8796, stack(0x000000022bc00000,0x000000022bd00000)]
  0x000001ecefc2e800 JavaThread "C2 CompilerThread2" daemon [_thread_in_native, id=1484, stack(0x000000022bd00000,0x000000022be00000)]

Other Threads:
=>0x000001ecef162000 VMThread "VM Thread" [stack: 0x000000022b100000,0x000000022b200000] [id=17144]
  0x000001ecefbd6000 WatcherThread [stack: 0x000000022ba00000,0x000000022bb00000] [id=11684]
  0x000001ecd5102000 GCTaskThread "GC Thread#0" [stack: 0x000000022ac00000,0x000000022ad00000] [id=2616]
  0x000001ecf0169000 GCTaskThread "GC Thread#1" [stack: 0x000000022be00000,0x000000022bf00000] [id=16340]
  0x000001ecf66cb000 GCTaskThread "GC Thread#2" [stack: 0x000000022c000000,0x000000022c100000] [id=4100]
  0x000001ecf66c5000 GCTaskThread "GC Thread#3" [stack: 0x000000022c100000,0x000000022c200000] [id=4192]
  0x000001ecf66ca000 GCTaskThread "GC Thread#4" [stack: 0x000000022c200000,0x000000022c300000] [id=13812]
  0x000001ecd5130800 ConcurrentGCThread "G1 Main Marker" [stack: 0x000000022ad00000,0x000000022ae00000] [id=14736]
  0x000001ecd5132000 ConcurrentGCThread "G1 Conc#0" [stack: 0x000000022ae00000,0x000000022af00000] [id=11440]
  0x000001ecf0574000 ConcurrentGCThread "G1 Conc#1" [stack: 0x000000022bf00000,0x000000022c000000] [id=16336]
  0x000001ecd51c4800 ConcurrentGCThread "G1 Refine#0" [stack: 0x000000022af00000,0x000000022b000000] [id=12268]
  0x000001ecf3c7e800 ConcurrentGCThread "G1 Refine#1" [stack: 0x000000022c300000,0x000000022c400000] [id=8672]
  0x000001ecf8f1a800 ConcurrentGCThread "G1 Refine#2" [stack: 0x000000022c400000,0x000000022c500000] [id=10392]
  0x000001ecd51c7000 ConcurrentGCThread "G1 Young RemSet Sampling" [stack: 0x000000022b000000,0x000000022b100000] [id=6820]

Threads with active compile tasks:
C2 CompilerThread0  17197 13231       4       org.jetbrains.kotlin.resolve.calls.inference.components.ConstraintInjector::processConstraints (491 bytes)
C2 CompilerThread1  17198 13237       4       org.jetbrains.kotlin.resolve.calls.inference.model.NewConstraintSystemImpl::runTransaction (323 bytes)
C2 CompilerThread2  17198 13175       4       org.jetbrains.kotlin.resolve.calls.tower.NoExplicitReceiverScopeTowerProcessor::simpleProcess (103 bytes)

VM state:at safepoint (normal execution)

VM Mutex/Monitor currently owned by a thread:  ([mutex/lock_event])
[0x000001ecd50e62c0] Threads_lock - owner thread: 0x000001ecef162000
[0x000001ecd50e6740] Heap_lock - owner thread: 0x000001ecd50ea800

Heap address: 0x0000000084400000, size: 1980 MB, Compressed Oops mode: 32-bit
Narrow klass base: 0x0000000000000000, Narrow klass shift: 3
Compressed class space size: 1073741824 Address: 0x0000000100000000

Heap:
 garbage-first heap   total 342016K, used 106149K [0x0000000084400000, 0x0000000100000000)
  region size 1024K, 9 young (9216K), 9 survivors (9216K)
 Metaspace       used 68331K, capacity 69532K, committed 69852K, reserved 1112064K
  class space    used 7451K, capacity 7864K, committed 7948K, reserved 1048576K
Heap Regions: E=young(eden), S=young(survivor), O=old, HS=humongous(starts), HC=humongous(continues), CS=collection set, F=free, A=archive, TAMS=top-at-mark-start (previous, next)
|   0|0x0000000084400000, 0x0000000084500000, 0x0000000084500000|100%|HS|  |TAMS 0x0000000084500000, 0x0000000084400000| Complete 
|   1|0x0000000084500000, 0x0000000084600000, 0x0000000084600000|100%|HC|  |TAMS 0x0000000084600000, 0x0000000084500000| Complete 
|   2|0x0000000084600000, 0x0000000084700000, 0x0000000084700000|100%|HC|  |TAMS 0x0000000084700000, 0x0000000084600000| Complete 
|   3|0x0000000084700000, 0x0000000084800000, 0x0000000084800000|100%|HS|  |TAMS 0x0000000084800000, 0x0000000084700000| Complete 
|   4|0x0000000084800000, 0x0000000084900000, 0x0000000084900000|100%|HC|  |TAMS 0x0000000084900000, 0x0000000084800000| Complete 
|   5|0x0000000084900000, 0x0000000084a00000, 0x0000000084a00000|100%|HC|  |TAMS 0x0000000084a00000, 0x0000000084900000| Complete 
|   6|0x0000000084a00000, 0x0000000084b00000, 0x0000000084b00000|100%|HS|  |TAMS 0x0000000084b00000, 0x0000000084a00000| Complete 
|   7|0x0000000084b00000, 0x0000000084c00000, 0x0000000084c00000|100%|HC|  |TAMS 0x0000000084c00000, 0x0000000084b00000| Complete 
|   8|0x0000000084c00000, 0x0000000084d00000, 0x0000000084d00000|100%|HC|  |TAMS 0x0000000084d00000, 0x0000000084c00000| Complete 
|   9|0x0000000084d00000, 0x0000000084e00000, 0x0000000084e00000|100%| O|  |TAMS 0x0000000084e00000, 0x0000000084d00000| Untracked 
|  10|0x0000000084e00000, 0x0000000084f00000, 0x0000000084f00000|100%| O|  |TAMS 0x0000000084f00000, 0x0000000084e00000| Untracked 
|  11|0x0000000084f00000, 0x0000000085000000, 0x0000000085000000|100%| O|  |TAMS 0x0000000085000000, 0x0000000084f00000| Untracked 
|  12|0x0000000085000000, 0x0000000085100000, 0x0000000085100000|100%| O|  |TAMS 0x0000000085100000, 0x0000000085000000| Untracked 
|  13|0x0000000085100000, 0x0000000085200000, 0x0000000085200000|100%|HS|  |TAMS 0x0000000085200000, 0x0000000085100000| Complete 
|  14|0x0000000085200000, 0x0000000085300000, 0x0000000085300000|100%|HC|  |TAMS 0x0000000085300000, 0x0000000085200000| Complete 
|  15|0x0000000085300000, 0x0000000085400000, 0x0000000085400000|100%| O|  |TAMS 0x0000000085400000, 0x0000000085300000| Untracked 
|  16|0x0000000085400000, 0x0000000085500000, 0x0000000085500000|100%| O|  |TAMS 0x0000000085500000, 0x0000000085400000| Untracked 
|  17|0x0000000085500000, 0x0000000085600000, 0x0000000085600000|100%| O|  |TAMS 0x0000000085600000, 0x0000000085500000| Untracked 
|  18|0x0000000085600000, 0x0000000085700000, 0x0000000085700000|100%| O|  |TAMS 0x0000000085700000, 0x0000000085600000| Untracked 
|  19|0x0000000085700000, 0x0000000085800000, 0x0000000085800000|100%| O|  |TAMS 0x0000000085800000, 0x0000000085700000| Untracked 
|  20|0x0000000085800000, 0x0000000085900000, 0x0000000085900000|100%| O|  |TAMS 0x0000000085900000, 0x0000000085800000| Untracked 
|  21|0x0000000085900000, 0x0000000085a00000, 0x0000000085a00000|100%| O|  |TAMS 0x0000000085a00000, 0x0000000085900000| Untracked 
|  22|0x0000000085a00000, 0x0000000085b00000, 0x0000000085b00000|100%| O|  |TAMS 0x0000000085b00000, 0x0000000085a00000| Untracked 
|  23|0x0000000085b00000, 0x0000000085c00000, 0x0000000085c00000|100%| O|  |TAMS 0x0000000085c00000, 0x0000000085b00000| Untracked 
|  24|0x0000000085c00000, 0x0000000085d00000, 0x0000000085d00000|100%| O|  |TAMS 0x0000000085d00000, 0x0000000085c00000| Untracked 
|  25|0x0000000085d00000, 0x0000000085e00000, 0x0000000085e00000|100%| O|  |TAMS 0x0000000085e00000, 0x0000000085d00000| Untracked 
|  26|0x0000000085e00000, 0x0000000085f00000, 0x0000000085f00000|100%| O|  |TAMS 0x0000000085f00000, 0x0000000085e00000| Untracked 
|  27|0x0000000085f00000, 0x0000000086000000, 0x0000000086000000|100%| O|  |TAMS 0x0000000086000000, 0x0000000085f00000| Untracked 
|  28|0x0000000086000000, 0x0000000086100000, 0x0000000086100000|100%| O|  |TAMS 0x0000000086100000, 0x0000000086000000| Untracked 
|  29|0x0000000086100000, 0x0000000086200000, 0x0000000086200000|100%| O|  |TAMS 0x0000000086200000, 0x0000000086100000| Untracked 
|  30|0x0000000086200000, 0x0000000086300000, 0x0000000086300000|100%| O|  |TAMS 0x0000000086300000, 0x0000000086200000| Untracked 
|  31|0x0000000086300000, 0x0000000086400000, 0x0000000086400000|100%| O|  |TAMS 0x0000000086400000, 0x0000000086300000| Untracked 
|  32|0x0000000086400000, 0x0000000086500000, 0x0000000086500000|100%| O|  |TAMS 0x0000000086500000, 0x0000000086400000| Untracked 
|  33|0x0000000086500000, 0x0000000086600000, 0x0000000086600000|100%| O|  |TAMS 0x0000000086600000, 0x0000000086500000| Untracked 
|  34|0x0000000086600000, 0x0000000086700000, 0x0000000086700000|100%| O|  |TAMS 0x0000000086700000, 0x0000000086600000| Untracked 
|  35|0x0000000086700000, 0x0000000086800000, 0x0000000086800000|100%| O|  |TAMS 0x0000000086800000, 0x0000000086700000| Untracked 
|  36|0x0000000086800000, 0x0000000086900000, 0x0000000086900000|100%| O|  |TAMS 0x0000000086900000, 0x0000000086800000| Untracked 
|  37|0x0000000086900000, 0x0000000086a00000, 0x0000000086a00000|100%| O|  |TAMS 0x0000000086a00000, 0x0000000086900000| Untracked 
|  38|0x0000000086a00000, 0x0000000086b00000, 0x0000000086b00000|100%| O|  |TAMS 0x0000000086b00000, 0x0000000086a00000| Untracked 
|  39|0x0000000086b00000, 0x0000000086c00000, 0x0000000086c00000|100%| O|  |TAMS 0x0000000086c00000, 0x0000000086b00000| Untracked 
|  40|0x0000000086c00000, 0x0000000086d00000, 0x0000000086d00000|100%| O|  |TAMS 0x0000000086d00000, 0x0000000086c00000| Untracked 
|  41|0x0000000086d00000, 0x0000000086e00000, 0x0000000086e00000|100%| O|  |TAMS 0x0000000086e00000, 0x0000000086d00000| Untracked 
|  42|0x0000000086e00000, 0x0000000086f00000, 0x0000000086f00000|100%| O|  |TAMS 0x0000000086f00000, 0x0000000086e00000| Untracked 
|  43|0x0000000086f00000, 0x0000000087000000, 0x0000000087000000|100%| O|  |TAMS 0x0000000087000000, 0x0000000086f00000| Untracked 
|  44|0x0000000087000000, 0x0000000087100000, 0x0000000087100000|100%| O|  |TAMS 0x0000000087100000, 0x0000000087000000| Untracked 
|  45|0x0000000087100000, 0x0000000087200000, 0x0000000087200000|100%| O|  |TAMS 0x0000000087200000, 0x0000000087100000| Untracked 
|  46|0x0000000087200000, 0x0000000087300000, 0x0000000087300000|100%| O|  |TAMS 0x0000000087300000, 0x0000000087200000| Untracked 
|  47|0x0000000087300000, 0x0000000087400000, 0x0000000087400000|100%| O|  |TAMS 0x0000000087400000, 0x0000000087300000| Untracked 
|  48|0x0000000087400000, 0x0000000087500000, 0x0000000087500000|100%| O|  |TAMS 0x0000000087500000, 0x0000000087400000| Untracked 
|  49|0x0000000087500000, 0x0000000087600000, 0x0000000087600000|100%| O|  |TAMS 0x0000000087600000, 0x0000000087500000| Untracked 
|  50|0x0000000087600000, 0x0000000087700000, 0x0000000087700000|100%| O|  |TAMS 0x0000000087700000, 0x0000000087600000| Untracked 
|  51|0x0000000087700000, 0x0000000087800000, 0x0000000087800000|100%| O|  |TAMS 0x0000000087800000, 0x0000000087700000| Untracked 
|  52|0x0000000087800000, 0x0000000087900000, 0x0000000087900000|100%| O|  |TAMS 0x0000000087900000, 0x0000000087800000| Untracked 
|  53|0x0000000087900000, 0x0000000087a00000, 0x0000000087a00000|100%| O|  |TAMS 0x0000000087a00000, 0x0000000087900000| Untracked 
|  54|0x0000000087a00000, 0x0000000087b00000, 0x0000000087b00000|100%| O|  |TAMS 0x0000000087b00000, 0x0000000087a00000| Untracked 
|  55|0x0000000087b00000, 0x0000000087c00000, 0x0000000087c00000|100%| O|  |TAMS 0x0000000087c00000, 0x0000000087b00000| Untracked 
|  56|0x0000000087c00000, 0x0000000087d00000, 0x0000000087d00000|100%| O|  |TAMS 0x0000000087d00000, 0x0000000087c00000| Untracked 
|  57|0x0000000087d00000, 0x0000000087e00000, 0x0000000087e00000|100%| O|  |TAMS 0x0000000087e00000, 0x0000000087d00000| Untracked 
|  58|0x0000000087e00000, 0x0000000087f00000, 0x0000000087f00000|100%| O|  |TAMS 0x0000000087f00000, 0x0000000087e00000| Untracked 
|  59|0x0000000087f00000, 0x0000000088000000, 0x0000000088000000|100%| O|  |TAMS 0x0000000088000000, 0x0000000087f00000| Untracked 
|  60|0x0000000088000000, 0x0000000088100000, 0x0000000088100000|100%| O|  |TAMS 0x0000000088100000, 0x0000000088000000| Untracked 
|  61|0x0000000088100000, 0x0000000088200000, 0x0000000088200000|100%| O|  |TAMS 0x0000000088200000, 0x0000000088100000| Untracked 
|  62|0x0000000088200000, 0x0000000088300000, 0x0000000088300000|100%| O|  |TAMS 0x0000000088300000, 0x0000000088200000| Untracked 
|  63|0x0000000088300000, 0x0000000088400000, 0x0000000088400000|100%| O|  |TAMS 0x0000000088400000, 0x0000000088300000| Untracked 
|  64|0x0000000088400000, 0x0000000088500000, 0x0000000088500000|100%| O|  |TAMS 0x0000000088500000, 0x0000000088400000| Untracked 
|  65|0x0000000088500000, 0x0000000088600000, 0x0000000088600000|100%| O|  |TAMS 0x0000000088600000, 0x0000000088500000| Untracked 
|  66|0x0000000088600000, 0x0000000088700000, 0x0000000088700000|100%| O|  |TAMS 0x0000000088700000, 0x0000000088600000| Untracked 
|  67|0x0000000088700000, 0x0000000088800000, 0x0000000088800000|100%| O|  |TAMS 0x0000000088800000, 0x0000000088700000| Untracked 
|  68|0x0000000088800000, 0x0000000088900000, 0x0000000088900000|100%| O|  |TAMS 0x0000000088900000, 0x0000000088800000| Untracked 
|  69|0x0000000088900000, 0x0000000088a00000, 0x0000000088a00000|100%| O|  |TAMS 0x0000000088a00000, 0x0000000088900000| Untracked 
|  70|0x0000000088a00000, 0x0000000088b00000, 0x0000000088b00000|100%|HS|  |TAMS 0x0000000088b00000, 0x0000000088a00000| Complete 
|  71|0x0000000088b00000, 0x0000000088c00000, 0x0000000088c00000|100%|HC|  |TAMS 0x0000000088c00000, 0x0000000088b00000| Complete 
|  72|0x0000000088c00000, 0x0000000088d00000, 0x0000000088d00000|100%| O|  |TAMS 0x0000000088d00000, 0x0000000088c00000| Untracked 
|  73|0x0000000088d00000, 0x0000000088e00000, 0x0000000088e00000|100%| O|  |TAMS 0x0000000088e00000, 0x0000000088d00000| Untracked 
|  74|0x0000000088e00000, 0x0000000088f00000, 0x0000000088f00000|100%| O|  |TAMS 0x0000000088ea8c00, 0x0000000088e00000| Untracked 
|  75|0x0000000088f00000, 0x0000000089000000, 0x0000000089000000|100%| O|  |TAMS 0x0000000088f00000, 0x0000000088f00000| Untracked 
|  76|0x0000000089000000, 0x0000000089100000, 0x0000000089100000|100%| O|  |TAMS 0x0000000089000000, 0x0000000089000000| Untracked 
|  77|0x0000000089100000, 0x0000000089200000, 0x0000000089200000|100%| O|  |TAMS 0x0000000089100000, 0x0000000089100000| Untracked 
|  78|0x0000000089200000, 0x0000000089300000, 0x0000000089300000|100%| O|  |TAMS 0x0000000089200000, 0x0000000089200000| Untracked 
|  79|0x0000000089300000, 0x0000000089400000, 0x0000000089400000|100%| O|  |TAMS 0x0000000089300000, 0x0000000089300000| Untracked 
|  80|0x0000000089400000, 0x0000000089500000, 0x0000000089500000|100%| O|  |TAMS 0x0000000089400000, 0x0000000089400000| Untracked 
|  81|0x0000000089500000, 0x0000000089600000, 0x0000000089600000|100%| O|  |TAMS 0x0000000089500000, 0x0000000089500000| Untracked 
|  82|0x0000000089600000, 0x0000000089700000, 0x0000000089700000|100%| O|  |TAMS 0x0000000089600000, 0x0000000089600000| Untracked 
|  83|0x0000000089700000, 0x0000000089800000, 0x0000000089800000|100%| O|  |TAMS 0x0000000089700000, 0x0000000089700000| Untracked 
|  84|0x0000000089800000, 0x0000000089900000, 0x0000000089900000|100%| O|  |TAMS 0x0000000089800000, 0x0000000089800000| Untracked 
|  85|0x0000000089900000, 0x0000000089a00000, 0x0000000089a00000|100%| O|  |TAMS 0x0000000089900000, 0x0000000089900000| Untracked 
|  86|0x0000000089a00000, 0x0000000089b00000, 0x0000000089b00000|100%| O|  |TAMS 0x0000000089a00000, 0x0000000089a00000| Untracked 
|  87|0x0000000089b00000, 0x0000000089c00000, 0x0000000089c00000|100%| O|  |TAMS 0x0000000089b00000, 0x0000000089b00000| Untracked 
|  88|0x0000000089c00000, 0x0000000089d00000, 0x0000000089d00000|100%| O|  |TAMS 0x0000000089c00000, 0x0000000089c00000| Untracked 
|  89|0x0000000089d00000, 0x0000000089e00000, 0x0000000089e00000|100%| O|  |TAMS 0x0000000089d00000, 0x0000000089d00000| Untracked 
|  90|0x0000000089e00000, 0x0000000089f00000, 0x0000000089f00000|100%| O|  |TAMS 0x0000000089e00000, 0x0000000089e00000| Untracked 
|  91|0x0000000089f00000, 0x000000008a000000, 0x000000008a000000|100%| O|  |TAMS 0x0000000089f00000, 0x0000000089f00000| Untracked 
|  92|0x000000008a000000, 0x000000008a100000, 0x000000008a100000|100%| O|  |TAMS 0x000000008a000000, 0x000000008a000000| Untracked 
|  93|0x000000008a100000, 0x000000008a200000, 0x000000008a200000|100%| O|  |TAMS 0x000000008a100000, 0x000000008a100000| Untracked 
|  94|0x000000008a200000, 0x000000008a2a9400, 0x000000008a300000| 66%| O|  |TAMS 0x000000008a200000, 0x000000008a200000| Untracked 
|  95|0x000000008a300000, 0x000000008a300000, 0x000000008a400000|  0%| F|  |TAMS 0x000000008a300000, 0x000000008a300000| Untracked 
|  96|0x000000008a400000, 0x000000008a400000, 0x000000008a500000|  0%| F|  |TAMS 0x000000008a400000, 0x000000008a400000| Untracked 
|  97|0x000000008a500000, 0x000000008a500000, 0x000000008a600000|  0%| F|  |TAMS 0x000000008a500000, 0x000000008a500000| Untracked 
|  98|0x000000008a600000, 0x000000008a600000, 0x000000008a700000|  0%| F|  |TAMS 0x000000008a600000, 0x000000008a600000| Untracked 
|  99|0x000000008a700000, 0x000000008a700000, 0x000000008a800000|  0%| F|  |TAMS 0x000000008a700000, 0x000000008a700000| Untracked 
| 100|0x000000008a800000, 0x000000008a800000, 0x000000008a900000|  0%| F|  |TAMS 0x000000008a800000, 0x000000008a800000| Untracked 
| 101|0x000000008a900000, 0x000000008a900000, 0x000000008aa00000|  0%| F|  |TAMS 0x000000008a900000, 0x000000008a900000| Untracked 
| 102|0x000000008aa00000, 0x000000008aa00000, 0x000000008ab00000|  0%| F|  |TAMS 0x000000008aa00000, 0x000000008aa00000| Untracked 
| 103|0x000000008ab00000, 0x000000008ab00000, 0x000000008ac00000|  0%| F|  |TAMS 0x000000008ab00000, 0x000000008ab00000| Untracked 
| 104|0x000000008ac00000, 0x000000008ac00000, 0x000000008ad00000|  0%| F|  |TAMS 0x000000008ac00000, 0x000000008ac00000| Untracked 
| 105|0x000000008ad00000, 0x000000008ad00000, 0x000000008ae00000|  0%| F|  |TAMS 0x000000008ad00000, 0x000000008ad00000| Untracked 
| 106|0x000000008ae00000, 0x000000008ae00000, 0x000000008af00000|  0%| F|  |TAMS 0x000000008ae00000, 0x000000008ae00000| Untracked 
| 107|0x000000008af00000, 0x000000008af00000, 0x000000008b000000|  0%| F|  |TAMS 0x000000008af00000, 0x000000008af00000| Untracked 
| 108|0x000000008b000000, 0x000000008b000000, 0x000000008b100000|  0%| F|  |TAMS 0x000000008b000000, 0x000000008b000000| Untracked 
| 109|0x000000008b100000, 0x000000008b100000, 0x000000008b200000|  0%| F|  |TAMS 0x000000008b100000, 0x000000008b100000| Untracked 
| 110|0x000000008b200000, 0x000000008b200000, 0x000000008b300000|  0%| F|  |TAMS 0x000000008b200000, 0x000000008b200000| Untracked 
| 111|0x000000008b300000, 0x000000008b300000, 0x000000008b400000|  0%| F|  |TAMS 0x000000008b300000, 0x000000008b300000| Untracked 
| 112|0x000000008b400000, 0x000000008b400000, 0x000000008b500000|  0%| F|  |TAMS 0x000000008b400000, 0x000000008b400000| Untracked 
| 113|0x000000008b500000, 0x000000008b500000, 0x000000008b600000|  0%| F|  |TAMS 0x000000008b500000, 0x000000008b500000| Untracked 
| 114|0x000000008b600000, 0x000000008b600000, 0x000000008b700000|  0%| F|  |TAMS 0x000000008b600000, 0x000000008b600000| Untracked 
| 115|0x000000008b700000, 0x000000008b700000, 0x000000008b800000|  0%| F|  |TAMS 0x000000008b700000, 0x000000008b700000| Untracked 
| 116|0x000000008b800000, 0x000000008b800000, 0x000000008b900000|  0%| F|  |TAMS 0x000000008b800000, 0x000000008b800000| Untracked 
| 117|0x000000008b900000, 0x000000008b900000, 0x000000008ba00000|  0%| F|  |TAMS 0x000000008b900000, 0x000000008b900000| Untracked 
| 118|0x000000008ba00000, 0x000000008ba00000, 0x000000008bb00000|  0%| F|  |TAMS 0x000000008ba00000, 0x000000008ba00000| Untracked 
| 119|0x000000008bb00000, 0x000000008bb00000, 0x000000008bc00000|  0%| F|  |TAMS 0x000000008bb00000, 0x000000008bb00000| Untracked 
| 120|0x000000008bc00000, 0x000000008bc00000, 0x000000008bd00000|  0%| F|  |TAMS 0x000000008bc00000, 0x000000008bc00000| Untracked 
| 121|0x000000008bd00000, 0x000000008bd00000, 0x000000008be00000|  0%| F|  |TAMS 0x000000008bd00000, 0x000000008bd00000| Untracked 
| 122|0x000000008be00000, 0x000000008be00000, 0x000000008bf00000|  0%| F|  |TAMS 0x000000008be00000, 0x000000008be00000| Untracked 
| 123|0x000000008bf00000, 0x000000008bf00000, 0x000000008c000000|  0%| F|  |TAMS 0x000000008bf00000, 0x000000008bf00000| Untracked 
| 124|0x000000008c000000, 0x000000008c000000, 0x000000008c100000|  0%| F|  |TAMS 0x000000008c000000, 0x000000008c000000| Untracked 
| 125|0x000000008c100000, 0x000000008c100000, 0x000000008c200000|  0%| F|  |TAMS 0x000000008c100000, 0x000000008c100000| Untracked 
| 126|0x000000008c200000, 0x000000008c200000, 0x000000008c300000|  0%| F|  |TAMS 0x000000008c200000, 0x000000008c200000| Untracked 
| 127|0x000000008c300000, 0x000000008c300000, 0x000000008c400000|  0%| F|  |TAMS 0x000000008c300000, 0x000000008c300000| Untracked 
| 128|0x000000008c400000, 0x000000008c400000, 0x000000008c500000|  0%| F|  |TAMS 0x000000008c400000, 0x000000008c400000| Untracked 
| 129|0x000000008c500000, 0x000000008c500000, 0x000000008c600000|  0%| F|  |TAMS 0x000000008c500000, 0x000000008c500000| Untracked 
| 130|0x000000008c600000, 0x000000008c600000, 0x000000008c700000|  0%| F|  |TAMS 0x000000008c600000, 0x000000008c600000| Untracked 
| 131|0x000000008c700000, 0x000000008c700000, 0x000000008c800000|  0%| F|  |TAMS 0x000000008c700000, 0x000000008c700000| Untracked 
| 132|0x000000008c800000, 0x000000008c800000, 0x000000008c900000|  0%| F|  |TAMS 0x000000008c800000, 0x000000008c800000| Untracked 
| 133|0x000000008c900000, 0x000000008c900000, 0x000000008ca00000|  0%| F|  |TAMS 0x000000008c900000, 0x000000008c900000| Untracked 
| 134|0x000000008ca00000, 0x000000008ca00000, 0x000000008cb00000|  0%| F|  |TAMS 0x000000008ca00000, 0x000000008ca00000| Untracked 
| 135|0x000000008cb00000, 0x000000008cb00000, 0x000000008cc00000|  0%| F|  |TAMS 0x000000008cb00000, 0x000000008cb00000| Untracked 
| 136|0x000000008cc00000, 0x000000008cc00000, 0x000000008cd00000|  0%| F|  |TAMS 0x000000008cc00000, 0x000000008cc00000| Untracked 
| 137|0x000000008cd00000, 0x000000008cd00000, 0x000000008ce00000|  0%| F|  |TAMS 0x000000008cd00000, 0x000000008cd00000| Untracked 
| 138|0x000000008ce00000, 0x000000008ce00000, 0x000000008cf00000|  0%| F|  |TAMS 0x000000008ce00000, 0x000000008ce00000| Untracked 
| 139|0x000000008cf00000, 0x000000008cf00000, 0x000000008d000000|  0%| F|  |TAMS 0x000000008cf00000, 0x000000008cf00000| Untracked 
| 140|0x000000008d000000, 0x000000008d000000, 0x000000008d100000|  0%| F|  |TAMS 0x000000008d000000, 0x000000008d000000| Untracked 
| 141|0x000000008d100000, 0x000000008d100000, 0x000000008d200000|  0%| F|  |TAMS 0x000000008d100000, 0x000000008d100000| Untracked 
| 142|0x000000008d200000, 0x000000008d200000, 0x000000008d300000|  0%| F|  |TAMS 0x000000008d200000, 0x000000008d200000| Untracked 
| 143|0x000000008d300000, 0x000000008d300000, 0x000000008d400000|  0%| F|  |TAMS 0x000000008d300000, 0x000000008d300000| Untracked 
| 144|0x000000008d400000, 0x000000008d400000, 0x000000008d500000|  0%| F|  |TAMS 0x000000008d400000, 0x000000008d400000| Untracked 
| 145|0x000000008d500000, 0x000000008d500000, 0x000000008d600000|  0%| F|  |TAMS 0x000000008d500000, 0x000000008d500000| Untracked 
| 146|0x000000008d600000, 0x000000008d600000, 0x000000008d700000|  0%| F|  |TAMS 0x000000008d600000, 0x000000008d600000| Untracked 
| 147|0x000000008d700000, 0x000000008d700000, 0x000000008d800000|  0%| F|  |TAMS 0x000000008d700000, 0x000000008d700000| Untracked 
| 148|0x000000008d800000, 0x000000008d800000, 0x000000008d900000|  0%| F|  |TAMS 0x000000008d800000, 0x000000008d800000| Untracked 
| 149|0x000000008d900000, 0x000000008d900000, 0x000000008da00000|  0%| F|  |TAMS 0x000000008d900000, 0x000000008d900000| Untracked 
| 150|0x000000008da00000, 0x000000008da00000, 0x000000008db00000|  0%| F|  |TAMS 0x000000008da00000, 0x000000008da00000| Untracked 
| 151|0x000000008db00000, 0x000000008db00000, 0x000000008dc00000|  0%| F|  |TAMS 0x000000008db00000, 0x000000008db00000| Untracked 
| 152|0x000000008dc00000, 0x000000008dd00000, 0x000000008dd00000|100%| S|CS|TAMS 0x000000008dc00000, 0x000000008dc00000| Complete 
| 153|0x000000008dd00000, 0x000000008de00000, 0x000000008de00000|100%| S|CS|TAMS 0x000000008dd00000, 0x000000008dd00000| Complete 
| 154|0x000000008de00000, 0x000000008df00000, 0x000000008df00000|100%| S|CS|TAMS 0x000000008de00000, 0x000000008de00000| Complete 
| 155|0x000000008df00000, 0x000000008e000000, 0x000000008e000000|100%| S|CS|TAMS 0x000000008df00000, 0x000000008df00000| Complete 
| 156|0x000000008e000000, 0x000000008e100000, 0x000000008e100000|100%| S|CS|TAMS 0x000000008e000000, 0x000000008e000000| Complete 
| 157|0x000000008e100000, 0x000000008e200000, 0x000000008e200000|100%| S|CS|TAMS 0x000000008e100000, 0x000000008e100000| Complete 
| 158|0x000000008e200000, 0x000000008e300000, 0x000000008e300000|100%| S|CS|TAMS 0x000000008e200000, 0x000000008e200000| Complete 
| 159|0x000000008e300000, 0x000000008e400000, 0x000000008e400000|100%| S|CS|TAMS 0x000000008e300000, 0x000000008e300000| Complete 
| 160|0x000000008e400000, 0x000000008e500000, 0x000000008e500000|100%| S|CS|TAMS 0x000000008e400000, 0x000000008e400000| Complete 
| 161|0x000000008e500000, 0x000000008e500000, 0x000000008e600000|  0%| F|  |TAMS 0x000000008e500000, 0x000000008e500000| Untracked 
| 162|0x000000008e600000, 0x000000008e600000, 0x000000008e700000|  0%| F|  |TAMS 0x000000008e600000, 0x000000008e600000| Untracked 
| 163|0x000000008e700000, 0x000000008e700000, 0x000000008e800000|  0%| F|  |TAMS 0x000000008e700000, 0x000000008e700000| Untracked 
| 164|0x000000008e800000, 0x000000008e800000, 0x000000008e900000|  0%| F|  |TAMS 0x000000008e800000, 0x000000008e800000| Untracked 
| 165|0x000000008e900000, 0x000000008e900000, 0x000000008ea00000|  0%| F|  |TAMS 0x000000008e900000, 0x000000008e900000| Untracked 
| 166|0x000000008ea00000, 0x000000008ea00000, 0x000000008eb00000|  0%| F|  |TAMS 0x000000008ea00000, 0x000000008ea00000| Untracked 
| 167|0x000000008eb00000, 0x000000008eb00000, 0x000000008ec00000|  0%| F|  |TAMS 0x000000008eb00000, 0x000000008eb00000| Untracked 
| 168|0x000000008ec00000, 0x000000008ec00000, 0x000000008ed00000|  0%| F|  |TAMS 0x000000008ec00000, 0x000000008ec00000| Untracked 
| 169|0x000000008ed00000, 0x000000008ed00000, 0x000000008ee00000|  0%| F|  |TAMS 0x000000008ed00000, 0x000000008ed00000| Untracked 
| 170|0x000000008ee00000, 0x000000008ee00000, 0x000000008ef00000|  0%| F|  |TAMS 0x000000008ee00000, 0x000000008ee00000| Untracked 
| 171|0x000000008ef00000, 0x000000008ef00000, 0x000000008f000000|  0%| F|  |TAMS 0x000000008ef00000, 0x000000008ef00000| Untracked 
| 172|0x000000008f000000, 0x000000008f000000, 0x000000008f100000|  0%| F|  |TAMS 0x000000008f000000, 0x000000008f000000| Untracked 
| 173|0x000000008f100000, 0x000000008f100000, 0x000000008f200000|  0%| F|  |TAMS 0x000000008f100000, 0x000000008f100000| Untracked 
| 174|0x000000008f200000, 0x000000008f200000, 0x000000008f300000|  0%| F|  |TAMS 0x000000008f200000, 0x000000008f200000| Untracked 
| 175|0x000000008f300000, 0x000000008f300000, 0x000000008f400000|  0%| F|  |TAMS 0x000000008f300000, 0x000000008f300000| Untracked 
| 176|0x000000008f400000, 0x000000008f400000, 0x000000008f500000|  0%| F|  |TAMS 0x000000008f400000, 0x000000008f400000| Untracked 
| 177|0x000000008f500000, 0x000000008f500000, 0x000000008f600000|  0%| F|  |TAMS 0x000000008f500000, 0x000000008f500000| Untracked 
| 178|0x000000008f600000, 0x000000008f600000, 0x000000008f700000|  0%| F|  |TAMS 0x000000008f600000, 0x000000008f600000| Untracked 
| 179|0x000000008f700000, 0x000000008f700000, 0x000000008f800000|  0%| F|  |TAMS 0x000000008f700000, 0x000000008f700000| Untracked 
| 180|0x000000008f800000, 0x000000008f800000, 0x000000008f900000|  0%| F|  |TAMS 0x000000008f800000, 0x000000008f800000| Untracked 
| 181|0x000000008f900000, 0x000000008f900000, 0x000000008fa00000|  0%| F|  |TAMS 0x000000008f900000, 0x000000008f900000| Untracked 
| 182|0x000000008fa00000, 0x000000008fa00000, 0x000000008fb00000|  0%| F|  |TAMS 0x000000008fa00000, 0x000000008fa00000| Untracked 
| 183|0x000000008fb00000, 0x000000008fb00000, 0x000000008fc00000|  0%| F|  |TAMS 0x000000008fb00000, 0x000000008fb00000| Untracked 
| 184|0x000000008fc00000, 0x000000008fc00000, 0x000000008fd00000|  0%| F|  |TAMS 0x000000008fc00000, 0x000000008fc00000| Untracked 
| 185|0x000000008fd00000, 0x000000008fd00000, 0x000000008fe00000|  0%| F|  |TAMS 0x000000008fd00000, 0x000000008fd00000| Untracked 
| 186|0x000000008fe00000, 0x000000008fe00000, 0x000000008ff00000|  0%| F|  |TAMS 0x000000008fe00000, 0x000000008fe00000| Untracked 
| 187|0x000000008ff00000, 0x000000008ff00000, 0x0000000090000000|  0%| F|  |TAMS 0x000000008ff00000, 0x000000008ff00000| Untracked 
| 188|0x0000000090000000, 0x0000000090000000, 0x0000000090100000|  0%| F|  |TAMS 0x0000000090000000, 0x0000000090000000| Untracked 
| 189|0x0000000090100000, 0x0000000090100000, 0x0000000090200000|  0%| F|  |TAMS 0x0000000090100000, 0x0000000090100000| Untracked 
| 190|0x0000000090200000, 0x0000000090200000, 0x0000000090300000|  0%| F|  |TAMS 0x0000000090200000, 0x0000000090200000| Untracked 
| 191|0x0000000090300000, 0x0000000090300000, 0x0000000090400000|  0%| F|  |TAMS 0x0000000090300000, 0x0000000090300000| Untracked 
| 192|0x0000000090400000, 0x0000000090400000, 0x0000000090500000|  0%| F|  |TAMS 0x0000000090400000, 0x0000000090400000| Untracked 
| 193|0x0000000090500000, 0x0000000090500000, 0x0000000090600000|  0%| F|  |TAMS 0x0000000090500000, 0x0000000090500000| Untracked 
| 194|0x0000000090600000, 0x0000000090600000, 0x0000000090700000|  0%| F|  |TAMS 0x0000000090600000, 0x0000000090600000| Untracked 
| 195|0x0000000090700000, 0x0000000090700000, 0x0000000090800000|  0%| F|  |TAMS 0x0000000090700000, 0x0000000090700000| Untracked 
| 196|0x0000000090800000, 0x0000000090800000, 0x0000000090900000|  0%| F|  |TAMS 0x0000000090800000, 0x0000000090800000| Untracked 
| 197|0x0000000090900000, 0x0000000090900000, 0x0000000090a00000|  0%| F|  |TAMS 0x0000000090900000, 0x0000000090900000| Untracked 
| 198|0x0000000090a00000, 0x0000000090a00000, 0x0000000090b00000|  0%| F|  |TAMS 0x0000000090a00000, 0x0000000090a00000| Untracked 
| 199|0x0000000090b00000, 0x0000000090b00000, 0x0000000090c00000|  0%| F|  |TAMS 0x0000000090b00000, 0x0000000090b00000| Untracked 
| 200|0x0000000090c00000, 0x0000000090c00000, 0x0000000090d00000|  0%| F|  |TAMS 0x0000000090c00000, 0x0000000090c00000| Untracked 
| 201|0x0000000090d00000, 0x0000000090d00000, 0x0000000090e00000|  0%| F|  |TAMS 0x0000000090d00000, 0x0000000090d00000| Untracked 
| 202|0x0000000090e00000, 0x0000000090e00000, 0x0000000090f00000|  0%| F|  |TAMS 0x0000000090e00000, 0x0000000090e00000| Untracked 
| 203|0x0000000090f00000, 0x0000000090f00000, 0x0000000091000000|  0%| F|  |TAMS 0x0000000090f00000, 0x0000000090f00000| Untracked 
| 204|0x0000000091000000, 0x0000000091000000, 0x0000000091100000|  0%| F|  |TAMS 0x0000000091000000, 0x0000000091000000| Untracked 
| 205|0x0000000091100000, 0x0000000091100000, 0x0000000091200000|  0%| F|  |TAMS 0x0000000091100000, 0x0000000091100000| Untracked 
| 206|0x0000000091200000, 0x0000000091200000, 0x0000000091300000|  0%| F|  |TAMS 0x0000000091200000, 0x0000000091200000| Untracked 
| 207|0x0000000091300000, 0x0000000091300000, 0x0000000091400000|  0%| F|  |TAMS 0x0000000091300000, 0x0000000091300000| Untracked 
| 208|0x0000000091400000, 0x0000000091400000, 0x0000000091500000|  0%| F|  |TAMS 0x0000000091400000, 0x0000000091400000| Untracked 
| 209|0x0000000091500000, 0x0000000091500000, 0x0000000091600000|  0%| F|  |TAMS 0x0000000091500000, 0x0000000091500000| Untracked 
| 210|0x0000000091600000, 0x0000000091600000, 0x0000000091700000|  0%| F|  |TAMS 0x0000000091600000, 0x0000000091600000| Untracked 
| 211|0x0000000091700000, 0x0000000091700000, 0x0000000091800000|  0%| F|  |TAMS 0x0000000091700000, 0x0000000091700000| Untracked 
| 212|0x0000000091800000, 0x0000000091800000, 0x0000000091900000|  0%| F|  |TAMS 0x0000000091800000, 0x0000000091800000| Untracked 
| 213|0x0000000091900000, 0x0000000091900000, 0x0000000091a00000|  0%| F|  |TAMS 0x0000000091900000, 0x0000000091900000| Untracked 
| 214|0x0000000091a00000, 0x0000000091a00000, 0x0000000091b00000|  0%| F|  |TAMS 0x0000000091a00000, 0x0000000091a00000| Untracked 
| 215|0x0000000091b00000, 0x0000000091b00000, 0x0000000091c00000|  0%| F|  |TAMS 0x0000000091b00000, 0x0000000091b00000| Untracked 
| 216|0x0000000091c00000, 0x0000000091c00000, 0x0000000091d00000|  0%| F|  |TAMS 0x0000000091c00000, 0x0000000091c00000| Untracked 
| 217|0x0000000091d00000, 0x0000000091d00000, 0x0000000091e00000|  0%| F|  |TAMS 0x0000000091d00000, 0x0000000091d00000| Untracked 
| 218|0x0000000091e00000, 0x0000000091e00000, 0x0000000091f00000|  0%| F|  |TAMS 0x0000000091e00000, 0x0000000091e00000| Untracked 
| 219|0x0000000091f00000, 0x0000000091f00000, 0x0000000092000000|  0%| F|  |TAMS 0x0000000091f00000, 0x0000000091f00000| Untracked 
| 220|0x0000000092000000, 0x0000000092000000, 0x0000000092100000|  0%| F|  |TAMS 0x0000000092000000, 0x0000000092000000| Untracked 
| 221|0x0000000092100000, 0x0000000092100000, 0x0000000092200000|  0%| F|  |TAMS 0x0000000092100000, 0x0000000092100000| Untracked 
| 222|0x0000000092200000, 0x0000000092200000, 0x0000000092300000|  0%| F|  |TAMS 0x0000000092200000, 0x0000000092200000| Untracked 
| 223|0x0000000092300000, 0x0000000092300000, 0x0000000092400000|  0%| F|  |TAMS 0x0000000092300000, 0x0000000092300000| Untracked 
| 224|0x0000000092400000, 0x0000000092400000, 0x0000000092500000|  0%| F|  |TAMS 0x0000000092400000, 0x0000000092400000| Untracked 
| 225|0x0000000092500000, 0x0000000092500000, 0x0000000092600000|  0%| F|  |TAMS 0x0000000092500000, 0x0000000092500000| Untracked 
| 226|0x0000000092600000, 0x0000000092600000, 0x0000000092700000|  0%| F|  |TAMS 0x0000000092600000, 0x0000000092600000| Untracked 
| 227|0x0000000092700000, 0x0000000092700000, 0x0000000092800000|  0%| F|  |TAMS 0x0000000092700000, 0x0000000092700000| Untracked 
| 228|0x0000000092800000, 0x0000000092800000, 0x0000000092900000|  0%| F|  |TAMS 0x0000000092800000, 0x0000000092800000| Untracked 
| 229|0x0000000092900000, 0x0000000092900000, 0x0000000092a00000|  0%| F|  |TAMS 0x0000000092900000, 0x0000000092900000| Untracked 
| 230|0x0000000092a00000, 0x0000000092a00000, 0x0000000092b00000|  0%| F|  |TAMS 0x0000000092a00000, 0x0000000092a00000| Untracked 
| 231|0x0000000092b00000, 0x0000000092b00000, 0x0000000092c00000|  0%| F|  |TAMS 0x0000000092b00000, 0x0000000092b00000| Untracked 
| 232|0x0000000092c00000, 0x0000000092c00000, 0x0000000092d00000|  0%| F|  |TAMS 0x0000000092c00000, 0x0000000092c00000| Untracked 
| 233|0x0000000092d00000, 0x0000000092d00000, 0x0000000092e00000|  0%| F|  |TAMS 0x0000000092d00000, 0x0000000092d00000| Untracked 
| 234|0x0000000092e00000, 0x0000000092e00000, 0x0000000092f00000|  0%| F|  |TAMS 0x0000000092e00000, 0x0000000092e00000| Untracked 
| 235|0x0000000092f00000, 0x0000000092f00000, 0x0000000093000000|  0%| F|  |TAMS 0x0000000092f00000, 0x0000000092f00000| Untracked 
| 236|0x0000000093000000, 0x0000000093000000, 0x0000000093100000|  0%| F|  |TAMS 0x0000000093000000, 0x0000000093000000| Untracked 
| 237|0x0000000093100000, 0x0000000093100000, 0x0000000093200000|  0%| F|  |TAMS 0x0000000093100000, 0x0000000093100000| Untracked 
| 238|0x0000000093200000, 0x0000000093200000, 0x0000000093300000|  0%| F|  |TAMS 0x0000000093200000, 0x0000000093200000| Untracked 
| 239|0x0000000093300000, 0x0000000093300000, 0x0000000093400000|  0%| F|  |TAMS 0x0000000093300000, 0x0000000093300000| Untracked 
| 240|0x0000000093400000, 0x0000000093400000, 0x0000000093500000|  0%| F|  |TAMS 0x0000000093400000, 0x0000000093400000| Untracked 
| 241|0x0000000093500000, 0x0000000093500000, 0x0000000093600000|  0%| F|  |TAMS 0x0000000093500000, 0x0000000093500000| Untracked 

Card table byte_map: [0x000001ece8180000,0x000001ece8560000] _byte_map_base: 0x000001ece7d5e000

Marking Bits (Prev, Next): (CMBitMap*) 0x000001ecd5128298, (CMBitMap*) 0x000001ecd51282d0
 Prev Bits: [0x000001ece8940000, 0x000001ecea830000)
 Next Bits: [0x000001ecea830000, 0x000001ecec720000)

Polling page: 0x000001ecd30f0000

Metaspace:

Usage:
  Non-class:     60.22 MB capacity,    59.45 MB ( 99%) used,   649.47 KB (  1%) free+waste,   138.75 KB ( <1%) overhead. 
      Class:      7.68 MB capacity,     7.28 MB ( 95%) used,   352.91 KB (  4%) free+waste,    59.69 KB ( <1%) overhead. 
       Both:     67.90 MB capacity,    66.73 MB ( 98%) used,  1002.38 KB (  1%) free+waste,   198.44 KB ( <1%) overhead. 

Virtual space:
  Non-class space:       62.00 MB reserved,      60.45 MB ( 98%) committed 
      Class space:        1.00 GB reserved,       7.76 MB ( <1%) committed 
             Both:        1.06 GB reserved,      68.21 MB (  6%) committed 

Chunk freelists:
   Non-Class:  44.00 KB
       Class:  8.00 KB
        Both:  52.00 KB

MaxMetaspaceSize: 17179869184.00 GB
CompressedClassSpaceSize: 1.00 GB

CodeHeap 'non-profiled nmethods': size=120000Kb used=8488Kb max_used=8488Kb free=111511Kb
 bounds [0x000001ece0540000, 0x000001ece0d90000, 0x000001ece7a70000]
CodeHeap 'profiled nmethods': size=120000Kb used=35020Kb max_used=35020Kb free=84980Kb
 bounds [0x000001ecd9010000, 0x000001ecdb250000, 0x000001ece0540000]
CodeHeap 'non-nmethods': size=5760Kb used=1229Kb max_used=1292Kb free=4530Kb
 bounds [0x000001ecd8a70000, 0x000001ecd8ce0000, 0x000001ecd9010000]
 total_blobs=13619 nmethods=13046 adapters=482
 compilation: enabled
              stopped_count=0, restarted_count=0
 full_count=0

Compilation events (20 events):
Event: 17.051 Thread 0x000001ecefa76800 13319       2       org.jetbrains.kotlin.com.intellij.psi.impl.source.PsiJavaFileBaseImpl$$Lambda$334/0x00000001006c5840::fun (8 bytes)
Event: 17.051 Thread 0x000001ecefa76800 nmethod 13319 0x000001ecdb23c010 code [0x000001ecdb23c1c0, 0x000001ecdb23c328]
Event: 17.051 Thread 0x000001ecefa76800 13320       2       org.jetbrains.kotlin.com.intellij.psi.impl.source.PsiJavaFileBaseImpl$MyResolveCacheProcessor::process (9 bytes)
Event: 17.051 Thread 0x000001ecefa76800 nmethod 13320 0x000001ecdb23c410 code [0x000001ecdb23c5c0, 0x000001ecdb23c708]
Event: 17.051 Thread 0x000001ecefa76800 13321       2       org.jetbrains.kotlin.com.intellij.psi.impl.source.PsiJavaFileBaseImpl$MyResolveCacheProcessor::process (104 bytes)
Event: 17.053 Thread 0x000001ecefa76800 nmethod 13321 0x000001ecdb23c810 code [0x000001ecdb23ca80, 0x000001ecdb23cfe8]
Event: 17.061 Thread 0x000001ecefa76800 13322       2       org.jetbrains.kotlin.types.ErrorUtils::createErrorTypeConstructor (42 bytes)
Event: 17.062 Thread 0x000001ecefa76800 nmethod 13322 0x000001ecdb23d290 code [0x000001ecdb23d4c0, 0x000001ecdb23d978]
Event: 17.062 Thread 0x000001ecefa76800 13323       2       org.jetbrains.kotlin.types.ErrorType::<init> (46 bytes)
Event: 17.063 Thread 0x000001ecefa76800 nmethod 13323 0x000001ecdb23db90 code [0x000001ecdb23dd40, 0x000001ecdb23de88]
Event: 17.067 Thread 0x000001ecefa76800 13324   !   2       java.util.ArrayList::batchRemove (184 bytes)
Event: 17.069 Thread 0x000001ecefa76800 nmethod 13324 0x000001ecdb23df90 code [0x000001ecdb23e1c0, 0x000001ecdb23e898]
Event: 17.083 Thread 0x000001ecefa76800 13325       2       org.jetbrains.kotlin.descriptors.impl.PropertyGetterDescriptorImpl::getOriginal (14 bytes)
Event: 17.083 Thread 0x000001ecefa76800 nmethod 13325 0x000001ecdb23ed10 code [0x000001ecdb23eec0, 0x000001ecdb23efe8]
Event: 17.085 Thread 0x000001ecefa76800 13326       2       org.jetbrains.kotlin.cli.jvm.index.JvmDependenciesIndexImpl::search (397 bytes)
Event: 17.090 Thread 0x000001ecefa76800 nmethod 13326 0x000001ecdb23f090 code [0x000001ecdb23f520, 0x000001ecdb240b48]
Event: 17.096 Thread 0x000001ecefa76800 13327       2       org.jetbrains.kotlin.resolve.OverridingUtil::isMoreSpecific (413 bytes)
Event: 17.098 Thread 0x000001ecefa76800 nmethod 13327 0x000001ecdb241a90 code [0x000001ecdb241de0, 0x000001ecdb2428a8]
Event: 17.102 Thread 0x000001ecefa76800 13328       2       org.jetbrains.kotlin.resolve.calls.inference.components.ConstraintInjector$TypeCheckerContext::extractAllConstraints (22 bytes)
Event: 17.102 Thread 0x000001ecefa76800 nmethod 13328 0x000001ecdb242e90 code [0x000001ecdb243040, 0x000001ecdb243158]

GC Heap History (20 events):
Event: 1.470 GC heap after
{Heap after GC invocations=4 (full 0):
 garbage-first heap   total 126976K, used 24377K [0x0000000084400000, 0x0000000100000000)
  region size 1024K, 8 young (8192K), 8 survivors (8192K)
 Metaspace       used 30774K, capacity 31231K, committed 31484K, reserved 1077248K
  class space    used 3608K, capacity 3799K, committed 3840K, reserved 1048576K
}
Event: 1.687 GC heap before
{Heap before GC invocations=4 (full 0):
 garbage-first heap   total 126976K, used 46905K [0x0000000084400000, 0x0000000100000000)
  region size 1024K, 31 young (31744K), 8 survivors (8192K)
 Metaspace       used 35473K, capacity 35941K, committed 36048K, reserved 1081344K
  class space    used 4136K, capacity 4322K, committed 4352K, reserved 1048576K
}
Event: 1.700 GC heap after
{Heap after GC invocations=5 (full 0):
 garbage-first heap   total 126976K, used 24587K [0x0000000084400000, 0x0000000100000000)
  region size 1024K, 3 young (3072K), 3 survivors (3072K)
 Metaspace       used 35473K, capacity 35941K, committed 36048K, reserved 1081344K
  class space    used 4136K, capacity 4322K, committed 4352K, reserved 1048576K
}
Event: 2.260 GC heap before
{Heap before GC invocations=6 (full 0):
 garbage-first heap   total 126976K, used 73739K [0x0000000084400000, 0x0000000100000000)
  region size 1024K, 49 young (50176K), 3 survivors (3072K)
 Metaspace       used 44981K, capacity 45539K, committed 45724K, reserved 1089536K
  class space    used 5253K, capacity 5447K, committed 5580K, reserved 1048576K
}
Event: 2.268 GC heap after
{Heap after GC invocations=7 (full 0):
 garbage-first heap   total 163840K, used 31744K [0x0000000084400000, 0x0000000100000000)
  region size 1024K, 7 young (7168K), 7 survivors (7168K)
 Metaspace       used 44981K, capacity 45539K, committed 45724K, reserved 1089536K
  class space    used 5253K, capacity 5447K, committed 5580K, reserved 1048576K
}
Event: 2.842 GC heap before
{Heap before GC invocations=7 (full 0):
 garbage-first heap   total 163840K, used 92160K [0x0000000084400000, 0x0000000100000000)
  region size 1024K, 65 young (66560K), 7 survivors (7168K)
 Metaspace       used 50292K, capacity 50966K, committed 51100K, reserved 1093632K
  class space    used 5785K, capacity 6066K, committed 6092K, reserved 1048576K
}
Event: 2.851 GC heap after
{Heap after GC invocations=8 (full 0):
 garbage-first heap   total 163840K, used 38539K [0x0000000084400000, 0x0000000100000000)
  region size 1024K, 7 young (7168K), 7 survivors (7168K)
 Metaspace       used 50292K, capacity 50966K, committed 51100K, reserved 1093632K
  class space    used 5785K, capacity 6066K, committed 6092K, reserved 1048576K
}
Event: 4.395 GC heap before
{Heap before GC invocations=8 (full 0):
 garbage-first heap   total 163840K, used 99979K [0x0000000084400000, 0x0000000100000000)
  region size 1024K, 67 young (68608K), 7 survivors (7168K)
 Metaspace       used 54860K, capacity 55498K, committed 55580K, reserved 1097728K
  class space    used 6150K, capacity 6417K, committed 6476K, reserved 1048576K
}
Event: 4.439 GC heap after
{Heap after GC invocations=9 (full 0):
 garbage-first heap   total 163840K, used 51200K [0x0000000084400000, 0x0000000100000000)
  region size 1024K, 9 young (9216K), 9 survivors (9216K)
 Metaspace       used 54860K, capacity 55498K, committed 55580K, reserved 1097728K
  class space    used 6150K, capacity 6417K, committed 6476K, reserved 1048576K
}
Event: 5.530 GC heap before
{Heap before GC invocations=9 (full 0):
 garbage-first heap   total 163840K, used 109568K [0x0000000084400000, 0x0000000100000000)
  region size 1024K, 66 young (67584K), 9 survivors (9216K)
 Metaspace       used 55278K, capacity 55948K, committed 56092K, reserved 1099776K
  class space    used 6160K, capacity 6417K, committed 6476K, reserved 1048576K
}
Event: 5.581 GC heap after
{Heap after GC invocations=10 (full 0):
 garbage-first heap   total 163840K, used 61952K [0x0000000084400000, 0x0000000100000000)
  region size 1024K, 9 young (9216K), 9 survivors (9216K)
 Metaspace       used 55278K, capacity 55948K, committed 56092K, reserved 1099776K
  class space    used 6160K, capacity 6417K, committed 6476K, reserved 1048576K
}
Event: 6.267 GC heap before
{Heap before GC invocations=10 (full 0):
 garbage-first heap   total 163840K, used 116224K [0x0000000084400000, 0x0000000100000000)
  region size 1024K, 62 young (63488K), 9 survivors (9216K)
 Metaspace       used 56190K, capacity 56867K, committed 56988K, reserved 1099776K
  class space    used 6269K, capacity 6551K, committed 6604K, reserved 1048576K
}
Event: 6.338 GC heap after
{Heap after GC invocations=11 (full 0):
 garbage-first heap   total 247808K, used 71168K [0x0000000084400000, 0x0000000100000000)
  region size 1024K, 8 young (8192K), 8 survivors (8192K)
 Metaspace       used 56190K, capacity 56867K, committed 56988K, reserved 1099776K
  class space    used 6269K, capacity 6551K, committed 6604K, reserved 1048576K
}
Event: 7.526 GC heap before
{Heap before GC invocations=11 (full 0):
 garbage-first heap   total 247808K, used 125440K [0x0000000084400000, 0x0000000100000000)
  region size 1024K, 62 young (63488K), 8 survivors (8192K)
 Metaspace       used 59810K, capacity 60535K, committed 60636K, reserved 1103872K
  class space    used 6803K, capacity 7114K, committed 7180K, reserved 1048576K
}
Event: 7.544 GC heap after
{Heap after GC invocations=12 (full 0):
 garbage-first heap   total 247808K, used 74060K [0x0000000084400000, 0x0000000100000000)
  region size 1024K, 3 young (3072K), 3 survivors (3072K)
 Metaspace       used 59810K, capacity 60535K, committed 60636K, reserved 1103872K
  class space    used 6803K, capacity 7114K, committed 7180K, reserved 1048576K
}
Event: 11.345 GC heap before
{Heap before GC invocations=13 (full 0):
 garbage-first heap   total 247808K, used 153932K [0x0000000084400000, 0x0000000100000000)
  region size 1024K, 79 young (80896K), 3 survivors (3072K)
 Metaspace       used 65038K, capacity 65918K, committed 66140K, reserved 1107968K
  class space    used 7167K, capacity 7506K, committed 7564K, reserved 1048576K
}
Event: 11.373 GC heap after
{Heap after GC invocations=14 (full 0):
 garbage-first heap   total 247808K, used 86691K [0x0000000084400000, 0x0000000100000000)
  region size 1024K, 10 young (10240K), 10 survivors (10240K)
 Metaspace       used 65038K, capacity 65918K, committed 66140K, reserved 1107968K
  class space    used 7167K, capacity 7506K, committed 7564K, reserved 1048576K
}
Event: 14.152 GC heap before
{Heap before GC invocations=15 (full 0):
 garbage-first heap   total 247808K, used 177827K [0x0000000084400000, 0x0000000100000000)
  region size 1024K, 98 young (100352K), 10 survivors (10240K)
 Metaspace       used 66873K, capacity 67706K, committed 67804K, reserved 1110016K
  class space    used 7326K, capacity 7646K, committed 7692K, reserved 1048576K
}
Event: 14.191 GC heap after
{Heap after GC invocations=16 (full 0):
 garbage-first heap   total 247808K, used 97233K [0x0000000084400000, 0x0000000100000000)
  region size 1024K, 10 young (10240K), 10 survivors (10240K)
 Metaspace       used 66873K, capacity 67706K, committed 67804K, reserved 1110016K
  class space    used 7326K, capacity 7646K, committed 7692K, reserved 1048576K
}
Event: 17.128 GC heap before
{Heap before GC invocations=16 (full 0):
 garbage-first heap   total 247808K, used 180177K [0x0000000084400000, 0x0000000100000000)
  region size 1024K, 91 young (93184K), 10 survivors (10240K)
 Metaspace       used 68331K, capacity 69532K, committed 69852K, reserved 1112064K
  class space    used 7451K, capacity 7864K, committed 7948K, reserved 1048576K
}

Deoptimization events (20 events):
Event: 16.713 Thread 0x000001ecd50ea800 Uncommon trap: trap_request=0xffffffbe fr.pc=0x000001ece0d6fed0 relative=0x0000000000004510
Event: 16.713 Thread 0x000001ecd50ea800 Uncommon trap: reason=profile_predicate action=maybe_recompile pc=0x000001ece0d6fed0 method=org.jetbrains.kotlin.resolve.calls.inference.components.ConstraintIncorporator.directWithVariable(Lorg/jetbrains/kotlin/resolve/calls/inference/components/Constrai
Event: 16.713 Thread 0x000001ecd50ea800 DEOPT PACKING pc=0x000001ece0d6fed0 sp=0x000000022abfabd0
Event: 16.713 Thread 0x000001ecd50ea800 DEOPT UNPACKING pc=0x000001ecd8a7822f sp=0x000000022abfaad0 mode 2
Event: 16.973 Thread 0x000001ecd50ea800 Uncommon trap: trap_request=0xffffffbe fr.pc=0x000001ece0d56de4 relative=0x0000000000003e64
Event: 16.973 Thread 0x000001ecd50ea800 Uncommon trap: reason=profile_predicate action=maybe_recompile pc=0x000001ece0d56de4 method=org.jetbrains.kotlin.container.SingletonTypeComponentDescriptor.createInstanceOf(Ljava/lang/Class;Lorg/jetbrains/kotlin/container/ValueResolveContext;)Ljava/lang/O
Event: 16.973 Thread 0x000001ecd50ea800 DEOPT PACKING pc=0x000001ece0d56de4 sp=0x000000022abf8830
Event: 16.973 Thread 0x000001ecd50ea800 DEOPT UNPACKING pc=0x000001ecd8a7822f sp=0x000000022abf86b8 mode 2
Event: 16.973 Thread 0x000001ecd50ea800 Uncommon trap: trap_request=0xffffffbe fr.pc=0x000001ece0d56de4 relative=0x0000000000003e64
Event: 16.974 Thread 0x000001ecd50ea800 Uncommon trap: reason=profile_predicate action=maybe_recompile pc=0x000001ece0d56de4 method=org.jetbrains.kotlin.container.SingletonTypeComponentDescriptor.createInstanceOf(Ljava/lang/Class;Lorg/jetbrains/kotlin/container/ValueResolveContext;)Ljava/lang/O
Event: 16.974 Thread 0x000001ecd50ea800 DEOPT PACKING pc=0x000001ece0d56de4 sp=0x000000022abf8650
Event: 16.974 Thread 0x000001ecd50ea800 DEOPT UNPACKING pc=0x000001ecd8a7822f sp=0x000000022abf84d0 mode 2
Event: 16.974 Thread 0x000001ecd50ea800 Uncommon trap: trap_request=0xffffffbe fr.pc=0x000001ece0d56de4 relative=0x0000000000003e64
Event: 16.974 Thread 0x000001ecd50ea800 Uncommon trap: reason=profile_predicate action=maybe_recompile pc=0x000001ece0d56de4 method=org.jetbrains.kotlin.container.SingletonTypeComponentDescriptor.createInstanceOf(Ljava/lang/Class;Lorg/jetbrains/kotlin/container/ValueResolveContext;)Ljava/lang/O
Event: 16.974 Thread 0x000001ecd50ea800 DEOPT PACKING pc=0x000001ece0d56de4 sp=0x000000022abf8830
Event: 16.974 Thread 0x000001ecd50ea800 DEOPT UNPACKING pc=0x000001ecd8a7822f sp=0x000000022abf86b8 mode 2
Event: 16.974 Thread 0x000001ecd50ea800 Uncommon trap: trap_request=0xffffffbe fr.pc=0x000001ece0d56de4 relative=0x0000000000003e64
Event: 16.974 Thread 0x000001ecd50ea800 Uncommon trap: reason=profile_predicate action=maybe_recompile pc=0x000001ece0d56de4 method=org.jetbrains.kotlin.container.SingletonTypeComponentDescriptor.createInstanceOf(Ljava/lang/Class;Lorg/jetbrains/kotlin/container/ValueResolveContext;)Ljava/lang/O
Event: 16.974 Thread 0x000001ecd50ea800 DEOPT PACKING pc=0x000001ece0d56de4 sp=0x000000022abf8830
Event: 16.974 Thread 0x000001ecd50ea800 DEOPT UNPACKING pc=0x000001ecd8a7822f sp=0x000000022abf86b8 mode 2

Classes redefined (0 events):
No events

Internal exceptions (20 events):
Event: 7.662 Thread 0x000001ecd50ea800 Exception <a 'java/lang/IncompatibleClassChangeError'{0x000000009332b860}: Found class java.lang.Object, but interface was expected> (0x000000009332b860) thrown at [./src/hotspot/share/interpreter/linkResolver.cpp, line 839]
Event: 7.820 Thread 0x000001ecd50ea800 Exception <a 'java/lang/NoSuchMethodError'{0x00000000930ea280}: 'java.lang.Object java.lang.invoke.Invokers$Holder.linkToTargetMethod(java.lang.Object, java.lang.Object, java.lang.Object, java.lang.Object, java.lang.Object, java.lang.Object, java.lang.Object)'> (0x00000000930ea280) thrown at [./src/hotspot/share/interpreter/linkResolver.cpp, line 773]
Event: 10.477 Thread 0x000001ecd50ea800 Implicit null exception at 0x000001ece0a645ab to 0x000001ece0a64c80
Event: 10.611 Thread 0x000001ecd50ea800 Implicit null exception at 0x000001ece059baf5 to 0x000001ece059bcbc
Event: 11.801 Thread 0x000001ecd50ea800 Implicit null exception at 0x000001ece06d67fc to 0x000001ece06d729c
Event: 11.802 Thread 0x000001ecd50ea800 Implicit null exception at 0x000001ece084fa28 to 0x000001ece0857484
Event: 11.802 Thread 0x000001ecd50ea800 Implicit null exception at 0x000001ece084fa28 to 0x000001ece0857484
Event: 11.802 Thread 0x000001ecd50ea800 Implicit null exception at 0x000001ece084fa28 to 0x000001ece0857484
Event: 11.802 Thread 0x000001ecd50ea800 Implicit null exception at 0x000001ece084fa28 to 0x000001ece0857484
Event: 11.802 Thread 0x000001ecd50ea800 Implicit null exception at 0x000001ece084fa28 to 0x000001ece0857484
Event: 11.802 Thread 0x000001ecd50ea800 Implicit null exception at 0x000001ece084fa28 to 0x000001ece0857484
Event: 11.802 Thread 0x000001ecd50ea800 Implicit null exception at 0x000001ece084fa28 to 0x000001ece0857484
Event: 11.802 Thread 0x000001ecd50ea800 Implicit null exception at 0x000001ece084fa28 to 0x000001ece0857484
Event: 11.803 Thread 0x000001ecd50ea800 Implicit null exception at 0x000001ece084fa28 to 0x000001ece0857484
Event: 11.803 Thread 0x000001ecd50ea800 Implicit null exception at 0x000001ece084fa28 to 0x000001ece0857484
Event: 11.803 Thread 0x000001ecd50ea800 Implicit null exception at 0x000001ece084fa28 to 0x000001ece0857484
Event: 11.803 Thread 0x000001ecd50ea800 Implicit null exception at 0x000001ece0836494 to 0x000001ece083db80
Event: 11.803 Thread 0x000001ecd50ea800 Implicit null exception at 0x000001ece082d028 to 0x000001ece0830eb8
Event: 13.930 Thread 0x000001ecd50ea800 Implicit null exception at 0x000001ece0c48c40 to 0x000001ece0c4b204
Event: 15.051 Thread 0x000001ecd50ea800 Implicit null exception at 0x000001ece0c013af to 0x000001ece0c01668

Events (20 events):
Event: 16.871 loading class org/jetbrains/kotlin/com/intellij/psi/scope/ElementClassHint$DeclarationKind done
Event: 16.872 loading class org/jetbrains/kotlin/com/intellij/psi/scope/ElementClassHint$DeclarationKind
Event: 16.872 loading class org/jetbrains/kotlin/com/intellij/psi/scope/ElementClassHint$DeclarationKind done
Event: 16.872 loading class org/jetbrains/kotlin/com/intellij/psi/scope/ElementClassHint
Event: 16.872 loading class org/jetbrains/kotlin/com/intellij/psi/scope/ElementClassHint done
Event: 16.872 loading class org/jetbrains/kotlin/com/intellij/codeInsight/completion/scope/JavaCompletionHints
Event: 16.872 loading class org/jetbrains/kotlin/com/intellij/codeInsight/completion/scope/JavaCompletionHints done
Event: 16.873 loading class org/jetbrains/kotlin/com/intellij/model/ModelBranchImpl
Event: 16.873 loading class org/jetbrains/kotlin/com/intellij/model/ModelBranchImpl done
Event: 16.874 loading class org/jetbrains/kotlin/com/intellij/openapi/vfs/VirtualFile
Event: 16.874 loading class org/jetbrains/kotlin/com/intellij/openapi/vfs/VirtualFile done
Event: 16.874 loading class org/jetbrains/kotlin/com/intellij/openapi/vfs/VirtualFile
Event: 16.874 loading class org/jetbrains/kotlin/com/intellij/openapi/vfs/VirtualFile done
Event: 16.875 loading class org/jetbrains/kotlin/com/intellij/util/Processor
Event: 16.875 loading class org/jetbrains/kotlin/com/intellij/util/Processor done
Event: 17.046 Executing VM operation: ICBufferFull
Event: 17.047 Executing VM operation: ICBufferFull done
Event: 17.112 loading class org/jetbrains/kotlin/types/model/TypeSystemTypeFactoryContext$DefaultImpls
Event: 17.112 loading class org/jetbrains/kotlin/types/model/TypeSystemTypeFactoryContext$DefaultImpls done
Event: 17.127 Executing VM operation: G1CollectForAllocation


Dynamic libraries:
0x00007ff618f60000 - 0x00007ff618f6a000 	C:\Program Files\Android\Android Studio\jre\bin\java.exe
0x00007ff8643d0000 - 0x00007ff8645c5000 	C:\WINDOWS\SYSTEM32\ntdll.dll
0x00007ff863950000 - 0x00007ff863a0e000 	C:\WINDOWS\System32\KERNEL32.DLL
0x00007ff861c80000 - 0x00007ff861f49000 	C:\WINDOWS\System32\KERNELBASE.dll
0x00007ff862320000 - 0x00007ff862420000 	C:\WINDOWS\System32\ucrtbase.dll
0x00007ff835da0000 - 0x00007ff835db9000 	C:\Program Files\Android\Android Studio\jre\bin\jli.dll
0x00007ff836a30000 - 0x00007ff836a47000 	C:\Program Files\Android\Android Studio\jre\bin\VCRUNTIME140.dll
0x00007ff863a10000 - 0x00007ff863bb1000 	C:\WINDOWS\System32\USER32.dll
0x00007ff861c50000 - 0x00007ff861c72000 	C:\WINDOWS\System32\win32u.dll
0x00007ff8631b0000 - 0x00007ff8631db000 	C:\WINDOWS\System32\GDI32.dll
0x00007ff84c910000 - 0x00007ff84cbaa000 	C:\WINDOWS\WinSxS\amd64_microsoft.windows.common-controls_6595b64144ccf1df_6.0.19041.1110_none_60b5254171f9507e\COMCTL32.dll
0x00007ff861f50000 - 0x00007ff86205b000 	C:\WINDOWS\System32\gdi32full.dll
0x00007ff862060000 - 0x00007ff8620fd000 	C:\WINDOWS\System32\msvcp_win.dll
0x00007ff863000000 - 0x00007ff86309e000 	C:\WINDOWS\System32\msvcrt.dll
0x00007ff863c70000 - 0x00007ff863ca0000 	C:\WINDOWS\System32\IMM32.DLL
0x00007ff82a190000 - 0x00007ff82a22d000 	C:\Program Files\Android\Android Studio\jre\bin\msvcp140.dll
0x00007ff8258c0000 - 0x00007ff82637c000 	C:\Program Files\Android\Android Studio\jre\bin\server\jvm.dll
0x00007ff8630a0000 - 0x00007ff86314c000 	C:\WINDOWS\System32\ADVAPI32.dll
0x00007ff864160000 - 0x00007ff8641fb000 	C:\WINDOWS\System32\sechost.dll
0x00007ff862ed0000 - 0x00007ff862ffa000 	C:\WINDOWS\System32\RPCRT4.dll
0x00007ff863940000 - 0x00007ff863948000 	C:\WINDOWS\System32\PSAPI.DLL
0x00007ff852d70000 - 0x00007ff852d79000 	C:\WINDOWS\SYSTEM32\WSOCK32.dll
0x00007ff85b4b0000 - 0x00007ff85b4d7000 	C:\WINDOWS\SYSTEM32\WINMM.dll
0x00007ff863740000 - 0x00007ff8637ab000 	C:\WINDOWS\System32\WS2_32.dll
0x00007ff852f00000 - 0x00007ff852f0a000 	C:\WINDOWS\SYSTEM32\VERSION.dll
0x00007ff8605e0000 - 0x00007ff8605f2000 	C:\WINDOWS\SYSTEM32\kernel.appcore.dll
0x00007ff857890000 - 0x00007ff8578a1000 	C:\Program Files\Android\Android Studio\jre\bin\verify.dll
0x00007ff85fed0000 - 0x00007ff8600b4000 	C:\WINDOWS\SYSTEM32\DBGHELP.DLL
0x00007ff85b440000 - 0x00007ff85b46c000 	C:\WINDOWS\SYSTEM32\dbgcore.DLL
0x00007ff862260000 - 0x00007ff8622e3000 	C:\WINDOWS\System32\bcryptPrimitives.dll
0x00007ff84a150000 - 0x00007ff84a179000 	C:\Program Files\Android\Android Studio\jre\bin\java.dll
0x00007ff8577e0000 - 0x00007ff8577eb000 	C:\Program Files\Android\Android Studio\jre\bin\jimage.dll
0x00007ff8572d0000 - 0x00007ff8572e8000 	C:\Program Files\Android\Android Studio\jre\bin\zip.dll
0x00007ff8626b0000 - 0x00007ff862def000 	C:\WINDOWS\System32\SHELL32.dll
0x00007ff85f590000 - 0x00007ff85fd20000 	C:\WINDOWS\SYSTEM32\windows.storage.dll
0x00007ff863d50000 - 0x00007ff8640a5000 	C:\WINDOWS\System32\combase.dll
0x00007ff861540000 - 0x00007ff86156c000 	C:\WINDOWS\SYSTEM32\Wldp.dll
0x00007ff863bc0000 - 0x00007ff863c6e000 	C:\WINDOWS\System32\SHCORE.dll
0x00007ff863150000 - 0x00007ff8631a5000 	C:\WINDOWS\System32\shlwapi.dll
0x00007ff861a30000 - 0x00007ff861a4f000 	C:\WINDOWS\SYSTEM32\profapi.dll
0x00007ff84c240000 - 0x00007ff84c25a000 	C:\Program Files\Android\Android Studio\jre\bin\net.dll
0x00007ff858e70000 - 0x00007ff858f78000 	C:\WINDOWS\SYSTEM32\WINHTTP.dll
0x00007ff8612a0000 - 0x00007ff86130a000 	C:\WINDOWS\system32\mswsock.dll
0x00007ff84baf0000 - 0x00007ff84bb04000 	C:\Program Files\Android\Android Studio\jre\bin\nio.dll

dbghelp: loaded successfully - version: 4.0.5 - missing functions: none
symbol engine: initialized successfully - sym options: 0x614 - pdb path: .;C:\Program Files\Android\Android Studio\jre\bin;C:\WINDOWS\SYSTEM32;C:\WINDOWS\WinSxS\amd64_microsoft.windows.common-controls_6595b64144ccf1df_6.0.19041.1110_none_60b5254171f9507e;C:\Program Files\Android\Android Studio\jre\bin\server

VM Arguments:
java_command: org.jetbrains.kotlin.cli.jvm.K2JVMCompiler @C:\Users\LG\Desktop\SSAC\ThirdWeek\ThirdWeek\app\build\20210928_2320405024306330520.compiler.options
java_class_path (initial): C:\Users\LG\.gradle\caches\modules-2\files-2.1\org.jetbrains.kotlin\kotlin-compiler-embeddable\1.5.0\6e53e0ca3cf7eff1a4df71171c8f9604b983e1d6\kotlin-compiler-embeddable-1.5.0.jar;C:\Users\LG\.gradle\caches\modules-2\files-2.1\org.jetbrains.kotlin\kotlin-reflect\1.5.0\47806fe8ed30dbdf9e697eda5e9c9a3905ff3363\kotlin-reflect-1.5.0.jar;C:\Users\LG\.gradle\caches\modules-2\files-2.1\org.jetbrains.kotlin\kotlin-stdlib\1.5.0\29dae2501ca094416d15af0e21470cb634780444\kotlin-stdlib-1.5.0.jar;C:\Users\LG\.gradle\caches\modules-2\files-2.1\org.jetbrains.kotlin\kotlin-script-runtime\1.5.0\a2d66828077376fc1851a6fdbf25865935f4101d\kotlin-script-runtime-1.5.0.jar;C:\Users\LG\.gradle\caches\modules-2\files-2.1\org.jetbrains.kotlin\kotlin-daemon-embeddable\1.5.0\7f3567acfef59ff865a99a584d814bde87226dd5\kotlin-daemon-embeddable-1.5.0.jar;C:\Users\LG\.gradle\caches\modules-2\files-2.1\org.jetbrains.intellij.deps\trove4j\1.0.20181211\216c2e14b070f334479d800987affe4054cd563f\trove4j-1.0.20181211.jar;C:\Users\LG\.gradle\caches\modules-2\files-2.1\org.jetbrains\annotations\13.0\919f0dfe192fb4e063e7dacadee7f8bb9a2672a9\annotations-13.0.jar;C:\Users\LG\.gradle\caches\modules-2\files-2.1\org.jetbrains.kotlin\kotlin-stdlib-common\1.5.0\4080d69efca5e39e9b4972f125e40f1607bd6460\kotlin-stdlib-common-1.5.0.jar
Launcher Type: SUN_STANDARD

[Global flags]
     intx CICompilerCount                          = 4                                         {product} {ergonomic}
     uint ConcGCThreads                            = 2                                         {product} {ergonomic}
     uint G1ConcRefinementThreads                  = 8                                         {product} {ergonomic}
   size_t G1HeapRegionSize                         = 1048576                                   {product} {ergonomic}
    uintx GCDrainStackTargetSize                   = 64                                        {product} {ergonomic}
   size_t InitialHeapSize                          = 130023424                                 {product} {ergonomic}
   size_t MarkStackSize                            = 4194304                                   {product} {ergonomic}
   size_t MaxHeapSize                              = 2076180480                                {product} {ergonomic}
   size_t MaxNewSize                               = 1245708288                                {product} {ergonomic}
   size_t MinHeapDeltaBytes                        = 1048576                                   {product} {ergonomic}
    uintx NonNMethodCodeHeapSize                   = 5836300                                {pd product} {ergonomic}
    uintx NonProfiledCodeHeapSize                  = 122910970                              {pd product} {ergonomic}
    uintx ProfiledCodeHeapSize                     = 122910970                              {pd product} {ergonomic}
    uintx ReservedCodeCacheSize                    = 251658240                              {pd product} {ergonomic}
     bool SegmentedCodeCache                       = true                                      {product} {ergonomic}
     bool UseCompressedClassPointers               = true                                 {lp64_product} {ergonomic}
     bool UseCompressedOops                        = true                                 {lp64_product} {ergonomic}
     bool UseG1GC                                  = true                                      {product} {ergonomic}
     bool UseLargePagesIndividualAllocation        = false                                  {pd product} {ergonomic}

Logging:
Log output configuration:
 #0: stdout all=warning uptime,level,tags
 #1: stderr all=off uptime,level,tags

Environment Variables:
PATH=C:\Program Files\Common Files\Oracle\Java\javapath;C:\WINDOWS\system32;C:\WINDOWS;C:\WINDOWS\System32\Wbem;C:\WINDOWS\System32\WindowsPowerShell\v1.0\;C:\WINDOWS\System32\OpenSSH\;C:\Program Files\dotnet\;C:\Program Files\Microsoft SQL Server\130\Tools\Binn\;C:\Program Files\Microsoft SQL Server\Client SDK\ODBC\170\Tools\Binn\;C:\Program Files (x86)\dotnet\;C:\Program Files\Git\cmd;C:\Users\LG\AppData\Local\Microsoft\WindowsApps;C:\texlive\2020\bin\win32;C:\Users\LG\AppData\Local\atom\bin;C:\Users\LG\.dotnet\tools;C:\Program Files\JetBrains\IntelliJ IDEA Community Edition 2021.1.3\bin;;C:\Program Files\JetBrains\PyCharm Community Edition 2021.2\bin;
USERNAME=LG
OS=Windows_NT
PROCESSOR_IDENTIFIER=Intel64 Family 6 Model 140 Stepping 1, GenuineIntel



---------------  S Y S T E M  ---------------

OS: Windows 10 , 64 bit Build 19041 (10.0.19041.1202)
OS uptime: 0 days 0:27 hours

CPU:total 8 (initial active 8) (4 cores per cpu, 2 threads per core) family 6 model 140 stepping 1, cmov, cx8, fxsr, mmx, sse, sse2, sse3, ssse3, sse4.1, sse4.2, popcnt, avx, avx2, aes, clmul, erms, 3dnowpref, lzcnt, ht, tsc, tscinvbit, bmi1, bmi2, adx, evex, sha, fma

Memory: 4k page, system-wide physical 7916M (700M free)
TotalPageFile size 7916M (AvailPageFile size 40M)
current process WorkingSet (physical memory assigned to process): 476M, peak: 476M
current process commit charge ("private bytes"): 516M, peak: 605M

vm_info: OpenJDK 64-Bit Server VM (11.0.8+10-b944.6842174) for windows-amd64 JRE (11.0.8+10-b944.6842174), built on Sep 19 2020 01:11:42 by "builder" with MS VC++ 14.0 (VS2015)

END.
